[1.565s] DEBUG:colcon:Command line arguments: ['/usr/bin/colcon', 'build']
[1.565s] DEBUG:colcon:Parsed command line arguments: Namespace(allow_overriding=[], ament_cmake_args=None, base_paths=['.'], build_base='build', catkin_cmake_args=None, catkin_skip_building_tests=False, cmake_args=None, cmake_clean_cache=False, cmake_clean_first=False, cmake_force_configure=False, cmake_target=None, cmake_target_skip_unavailable=False, continue_on_error=False, event_handlers=None, executor='parallel', ignore_user_meta=False, install_base='install', log_base=None, log_level=None, main=<bound method BuildVerb.main of <colcon_core.verb.build.BuildVerb object at 0x7fb4b9e100>>, merge_install=False, metas=['./colcon.meta'], packages_above=None, packages_above_and_dependencies=None, packages_above_depth=None, packages_end=None, packages_ignore=None, packages_ignore_regex=None, packages_select=None, packages_select_build_failed=False, packages_select_by_dep=None, packages_select_regex=None, packages_select_test_failures=False, packages_skip=None, packages_skip_build_finished=False, packages_skip_by_dep=None, packages_skip_regex=None, packages_skip_test_passed=False, packages_skip_up_to=None, packages_start=None, packages_up_to=None, packages_up_to_regex=None, parallel_workers=4, paths=None, symlink_install=False, test_result_base=None, verb_extension=<colcon_core.verb.build.BuildVerb object at 0x7fb4b9e100>, verb_name='build', verb_parser=<colcon_defaults.argument_parser.defaults.DefaultArgumentsDecorator object at 0x7fb4b9e580>)
[1.733s] Level 1:colcon.colcon_core.package_discovery:discover_packages(colcon_meta) check parameters
[1.733s] Level 1:colcon.colcon_core.package_discovery:discover_packages(recursive) check parameters
[1.734s] Level 1:colcon.colcon_core.package_discovery:discover_packages(ignore) check parameters
[1.734s] Level 1:colcon.colcon_core.package_discovery:discover_packages(path) check parameters
[1.734s] Level 1:colcon.colcon_core.package_discovery:discover_packages(colcon_meta) discover
[1.734s] Level 1:colcon.colcon_core.package_discovery:discover_packages(recursive) discover
[1.734s] INFO:colcon.colcon_core.package_discovery:Crawling recursively for packages in '/home/hiwonder/capstone_ws/src/Jetson-Ros2-Packages'
[1.735s] Level 1:colcon.colcon_core.package_identification:_identify(.) by extensions ['ignore', 'ignore_ament_install']
[1.735s] Level 1:colcon.colcon_core.package_identification:_identify(.) by extension 'ignore'
[1.735s] Level 1:colcon.colcon_core.package_identification:_identify(.) by extension 'ignore_ament_install'
[1.736s] Level 1:colcon.colcon_core.package_identification:_identify(.) by extensions ['colcon_pkg']
[1.736s] Level 1:colcon.colcon_core.package_identification:_identify(.) by extension 'colcon_pkg'
[1.736s] Level 1:colcon.colcon_core.package_identification:_identify(.) by extensions ['colcon_meta']
[1.736s] Level 1:colcon.colcon_core.package_identification:_identify(.) by extension 'colcon_meta'
[1.736s] Level 1:colcon.colcon_core.package_identification:_identify(.) by extensions ['ros']
[1.736s] Level 1:colcon.colcon_core.package_identification:_identify(.) by extension 'ros'
[1.835s] Level 1:colcon.colcon_core.package_identification:_identify(.) by extensions ['cmake', 'python']
[1.835s] Level 1:colcon.colcon_core.package_identification:_identify(.) by extension 'cmake'
[1.835s] Level 1:colcon.colcon_core.package_identification:_identify(.) by extension 'python'
[1.836s] Level 1:colcon.colcon_core.package_identification:_identify(.) by extensions ['python_setup_py']
[1.836s] Level 1:colcon.colcon_core.package_identification:_identify(.) by extension 'python_setup_py'
[1.836s] Level 1:colcon.colcon_core.package_identification:_identify(build) by extensions ['ignore', 'ignore_ament_install']
[1.837s] Level 1:colcon.colcon_core.package_identification:_identify(build) by extension 'ignore'
[1.837s] Level 1:colcon.colcon_core.package_identification:_identify(build) ignored
[1.837s] Level 1:colcon.colcon_core.package_identification:_identify(install) by extensions ['ignore', 'ignore_ament_install']
[1.838s] Level 1:colcon.colcon_core.package_identification:_identify(install) by extension 'ignore'
[1.838s] Level 1:colcon.colcon_core.package_identification:_identify(install) ignored
[1.838s] Level 1:colcon.colcon_core.package_identification:_identify(jetmax_control) by extensions ['ignore', 'ignore_ament_install']
[1.839s] Level 1:colcon.colcon_core.package_identification:_identify(jetmax_control) by extension 'ignore'
[1.839s] Level 1:colcon.colcon_core.package_identification:_identify(jetmax_control) by extension 'ignore_ament_install'
[1.839s] Level 1:colcon.colcon_core.package_identification:_identify(jetmax_control) by extensions ['colcon_pkg']
[1.839s] Level 1:colcon.colcon_core.package_identification:_identify(jetmax_control) by extension 'colcon_pkg'
[1.840s] Level 1:colcon.colcon_core.package_identification:_identify(jetmax_control) by extensions ['colcon_meta']
[1.840s] Level 1:colcon.colcon_core.package_identification:_identify(jetmax_control) by extension 'colcon_meta'
[1.840s] Level 1:colcon.colcon_core.package_identification:_identify(jetmax_control) by extensions ['ros']
[1.840s] Level 1:colcon.colcon_core.package_identification:_identify(jetmax_control) by extension 'ros'
[1.855s] DEBUG:colcon.colcon_core.package_identification:Package 'jetmax_control' with type 'ros.ament_python' and name 'jetmax_control'
[1.856s] Level 1:colcon.colcon_core.package_identification:_identify(jetmax_msgs) by extensions ['ignore', 'ignore_ament_install']
[1.856s] Level 1:colcon.colcon_core.package_identification:_identify(jetmax_msgs) by extension 'ignore'
[1.856s] Level 1:colcon.colcon_core.package_identification:_identify(jetmax_msgs) by extension 'ignore_ament_install'
[1.857s] Level 1:colcon.colcon_core.package_identification:_identify(jetmax_msgs) by extensions ['colcon_pkg']
[1.857s] Level 1:colcon.colcon_core.package_identification:_identify(jetmax_msgs) by extension 'colcon_pkg'
[1.857s] Level 1:colcon.colcon_core.package_identification:_identify(jetmax_msgs) by extensions ['colcon_meta']
[1.857s] Level 1:colcon.colcon_core.package_identification:_identify(jetmax_msgs) by extension 'colcon_meta'
[1.857s] Level 1:colcon.colcon_core.package_identification:_identify(jetmax_msgs) by extensions ['ros']
[1.857s] Level 1:colcon.colcon_core.package_identification:_identify(jetmax_msgs) by extension 'ros'
[1.862s] DEBUG:colcon.colcon_core.package_identification:Package 'jetmax_msgs' with type 'ros.ament_cmake' and name 'jetmax_msgs'
[1.863s] Level 1:colcon.colcon_core.package_identification:_identify(log) by extensions ['ignore', 'ignore_ament_install']
[1.863s] Level 1:colcon.colcon_core.package_identification:_identify(log) by extension 'ignore'
[1.864s] Level 1:colcon.colcon_core.package_identification:_identify(log) ignored
[1.864s] Level 1:colcon.colcon_core.package_discovery:discover_packages(recursive) using defaults
[1.864s] Level 1:colcon.colcon_core.package_discovery:discover_packages(ignore) discover
[1.864s] Level 1:colcon.colcon_core.package_discovery:discover_packages(ignore) using defaults
[1.864s] Level 1:colcon.colcon_core.package_discovery:discover_packages(path) discover
[1.864s] Level 1:colcon.colcon_core.package_discovery:discover_packages(path) using defaults
[1.973s] Level 1:colcon.colcon_core.package_discovery:discover_packages(prefix_path) check parameters
[1.973s] Level 1:colcon.colcon_core.package_discovery:discover_packages(prefix_path) discover
[1.989s] DEBUG:colcon.colcon_installed_package_information.package_discovery:Found 2 installed packages in /home/hiwonder/capstone_ws/install
[1.999s] DEBUG:colcon.colcon_installed_package_information.package_discovery:Found 256 installed packages in /opt/ros/foxy
[2.011s] Level 1:colcon.colcon_core.package_discovery:discover_packages(prefix_path) using defaults
[2.389s] Level 5:colcon.colcon_core.verb:set package 'jetmax_msgs' build argument 'cmake_args' from command line to 'None'
[2.390s] Level 5:colcon.colcon_core.verb:set package 'jetmax_msgs' build argument 'cmake_target' from command line to 'None'
[2.390s] Level 5:colcon.colcon_core.verb:set package 'jetmax_msgs' build argument 'cmake_target_skip_unavailable' from command line to 'False'
[2.390s] Level 5:colcon.colcon_core.verb:set package 'jetmax_msgs' build argument 'cmake_clean_cache' from command line to 'False'
[2.390s] Level 5:colcon.colcon_core.verb:set package 'jetmax_msgs' build argument 'cmake_clean_first' from command line to 'False'
[2.390s] Level 5:colcon.colcon_core.verb:set package 'jetmax_msgs' build argument 'cmake_force_configure' from command line to 'False'
[2.391s] Level 5:colcon.colcon_core.verb:set package 'jetmax_msgs' build argument 'ament_cmake_args' from command line to 'None'
[2.391s] Level 5:colcon.colcon_core.verb:set package 'jetmax_msgs' build argument 'catkin_cmake_args' from command line to 'None'
[2.391s] Level 5:colcon.colcon_core.verb:set package 'jetmax_msgs' build argument 'catkin_skip_building_tests' from command line to 'False'
[2.391s] DEBUG:colcon.colcon_core.verb:Building package 'jetmax_msgs' with the following arguments: {'ament_cmake_args': None, 'build_base': '/home/hiwonder/capstone_ws/src/Jetson-Ros2-Packages/build/jetmax_msgs', 'catkin_cmake_args': None, 'catkin_skip_building_tests': False, 'cmake_args': None, 'cmake_clean_cache': False, 'cmake_clean_first': False, 'cmake_force_configure': False, 'cmake_target': None, 'cmake_target_skip_unavailable': False, 'install_base': '/home/hiwonder/capstone_ws/src/Jetson-Ros2-Packages/install/jetmax_msgs', 'merge_install': False, 'path': '/home/hiwonder/capstone_ws/src/Jetson-Ros2-Packages/jetmax_msgs', 'symlink_install': False, 'test_result_base': None}
[2.396s] Level 5:colcon.colcon_core.verb:set package 'jetmax_control' build argument 'cmake_args' from command line to 'None'
[2.396s] Level 5:colcon.colcon_core.verb:set package 'jetmax_control' build argument 'cmake_target' from command line to 'None'
[2.396s] Level 5:colcon.colcon_core.verb:set package 'jetmax_control' build argument 'cmake_target_skip_unavailable' from command line to 'False'
[2.396s] Level 5:colcon.colcon_core.verb:set package 'jetmax_control' build argument 'cmake_clean_cache' from command line to 'False'
[2.397s] Level 5:colcon.colcon_core.verb:set package 'jetmax_control' build argument 'cmake_clean_first' from command line to 'False'
[2.397s] Level 5:colcon.colcon_core.verb:set package 'jetmax_control' build argument 'cmake_force_configure' from command line to 'False'
[2.397s] Level 5:colcon.colcon_core.verb:set package 'jetmax_control' build argument 'ament_cmake_args' from command line to 'None'
[2.397s] Level 5:colcon.colcon_core.verb:set package 'jetmax_control' build argument 'catkin_cmake_args' from command line to 'None'
[2.397s] Level 5:colcon.colcon_core.verb:set package 'jetmax_control' build argument 'catkin_skip_building_tests' from command line to 'False'
[2.397s] DEBUG:colcon.colcon_core.verb:Building package 'jetmax_control' with the following arguments: {'ament_cmake_args': None, 'build_base': '/home/hiwonder/capstone_ws/src/Jetson-Ros2-Packages/build/jetmax_control', 'catkin_cmake_args': None, 'catkin_skip_building_tests': False, 'cmake_args': None, 'cmake_clean_cache': False, 'cmake_clean_first': False, 'cmake_force_configure': False, 'cmake_target': None, 'cmake_target_skip_unavailable': False, 'install_base': '/home/hiwonder/capstone_ws/src/Jetson-Ros2-Packages/install/jetmax_control', 'merge_install': False, 'path': '/home/hiwonder/capstone_ws/src/Jetson-Ros2-Packages/jetmax_control', 'symlink_install': False, 'test_result_base': None}
[2.400s] INFO:colcon.colcon_core.executor:Executing jobs using 'parallel' executor
[2.416s] DEBUG:colcon.colcon_parallel_executor.executor.parallel:run_until_complete
[2.417s] INFO:colcon.colcon_ros.task.ament_cmake.build:Building ROS package in '/home/hiwonder/capstone_ws/src/Jetson-Ros2-Packages/jetmax_msgs' with build type 'ament_cmake'
[2.418s] INFO:colcon.colcon_cmake.task.cmake.build:Building CMake package in '/home/hiwonder/capstone_ws/src/Jetson-Ros2-Packages/jetmax_msgs'
[2.451s] INFO:colcon.colcon_core.plugin_system:Skipping extension 'colcon_core.shell.bat': Not used on non-Windows systems
[2.452s] INFO:colcon.colcon_core.shell:Skip shell extension 'powershell' for command environment: Not usable outside of PowerShell
[2.452s] DEBUG:colcon.colcon_core.shell:Skip shell extension 'dsv' for command environment
[2.498s] DEBUG:colcon.colcon_core.event_handler.log_command:Invoking command in '/home/hiwonder/capstone_ws/src/Jetson-Ros2-Packages/build/jetmax_msgs': CMAKE_PREFIX_PATH=${CMAKE_PREFIX_PATH}:/home/hiwonder/capstone_ws/install/jetmax_control:/opt/ros/foxy /usr/local/bin/cmake --build /home/hiwonder/capstone_ws/src/Jetson-Ros2-Packages/build/jetmax_msgs -- -j4 -l4
[3.215s] DEBUG:colcon.colcon_core.event_handler.log_command:Invoked command in '/home/hiwonder/capstone_ws/src/Jetson-Ros2-Packages/build/jetmax_msgs' returned '0': CMAKE_PREFIX_PATH=${CMAKE_PREFIX_PATH}:/home/hiwonder/capstone_ws/install/jetmax_control:/opt/ros/foxy /usr/local/bin/cmake --build /home/hiwonder/capstone_ws/src/Jetson-Ros2-Packages/build/jetmax_msgs -- -j4 -l4
[3.456s] DEBUG:colcon.colcon_core.event_handler.log_command:Invoking command in '/home/hiwonder/capstone_ws/src/Jetson-Ros2-Packages/build/jetmax_msgs': CMAKE_PREFIX_PATH=${CMAKE_PREFIX_PATH}:/home/hiwonder/capstone_ws/install/jetmax_control:/opt/ros/foxy /usr/local/bin/cmake --install /home/hiwonder/capstone_ws/src/Jetson-Ros2-Packages/build/jetmax_msgs
[3.702s] Level 1:colcon.colcon_core.environment:create_environment_scripts_only(jetmax_msgs)
[3.713s] DEBUG:colcon.colcon_core.event_handler.log_command:Invoked command in '/home/hiwonder/capstone_ws/src/Jetson-Ros2-Packages/build/jetmax_msgs' returned '0': CMAKE_PREFIX_PATH=${CMAKE_PREFIX_PATH}:/home/hiwonder/capstone_ws/install/jetmax_control:/opt/ros/foxy /usr/local/bin/cmake --install /home/hiwonder/capstone_ws/src/Jetson-Ros2-Packages/build/jetmax_msgs
[3.747s] Level 1:colcon.colcon_core.environment:checking '/home/hiwonder/capstone_ws/src/Jetson-Ros2-Packages/install/jetmax_msgs' for CMake module files
[3.750s] Level 1:colcon.colcon_core.environment:checking '/home/hiwonder/capstone_ws/src/Jetson-Ros2-Packages/install/jetmax_msgs' for CMake config files
[3.752s] Level 1:colcon.colcon_core.shell:create_environment_hook('jetmax_msgs', 'cmake_prefix_path')
[3.760s] INFO:colcon.colcon_core.shell:Creating environment hook '/home/hiwonder/capstone_ws/src/Jetson-Ros2-Packages/install/jetmax_msgs/share/jetmax_msgs/hook/cmake_prefix_path.ps1'
[3.767s] INFO:colcon.colcon_core.shell:Creating environment descriptor '/home/hiwonder/capstone_ws/src/Jetson-Ros2-Packages/install/jetmax_msgs/share/jetmax_msgs/hook/cmake_prefix_path.dsv'
[3.769s] INFO:colcon.colcon_core.shell:Creating environment hook '/home/hiwonder/capstone_ws/src/Jetson-Ros2-Packages/install/jetmax_msgs/share/jetmax_msgs/hook/cmake_prefix_path.sh'
[3.773s] Level 1:colcon.colcon_core.environment:checking '/home/hiwonder/capstone_ws/src/Jetson-Ros2-Packages/install/jetmax_msgs/lib'
[3.774s] Level 1:colcon.colcon_core.shell:create_environment_hook('jetmax_msgs', 'ld_library_path_lib')
[3.780s] INFO:colcon.colcon_core.shell:Creating environment hook '/home/hiwonder/capstone_ws/src/Jetson-Ros2-Packages/install/jetmax_msgs/share/jetmax_msgs/hook/ld_library_path_lib.ps1'
[3.782s] INFO:colcon.colcon_core.shell:Creating environment descriptor '/home/hiwonder/capstone_ws/src/Jetson-Ros2-Packages/install/jetmax_msgs/share/jetmax_msgs/hook/ld_library_path_lib.dsv'
[3.783s] INFO:colcon.colcon_core.shell:Creating environment hook '/home/hiwonder/capstone_ws/src/Jetson-Ros2-Packages/install/jetmax_msgs/share/jetmax_msgs/hook/ld_library_path_lib.sh'
[3.784s] Level 1:colcon.colcon_core.environment:checking '/home/hiwonder/capstone_ws/src/Jetson-Ros2-Packages/install/jetmax_msgs/bin'
[3.784s] Level 1:colcon.colcon_core.environment:checking '/home/hiwonder/capstone_ws/src/Jetson-Ros2-Packages/install/jetmax_msgs/lib/pkgconfig/jetmax_msgs.pc'
[3.785s] Level 1:colcon.colcon_core.environment:checking '/home/hiwonder/capstone_ws/src/Jetson-Ros2-Packages/install/jetmax_msgs/lib/python3.8/site-packages'
[3.785s] Level 1:colcon.colcon_core.shell:create_environment_hook('jetmax_msgs', 'pythonpath')
[3.792s] INFO:colcon.colcon_core.shell:Creating environment hook '/home/hiwonder/capstone_ws/src/Jetson-Ros2-Packages/install/jetmax_msgs/share/jetmax_msgs/hook/pythonpath.ps1'
[3.793s] INFO:colcon.colcon_core.shell:Creating environment descriptor '/home/hiwonder/capstone_ws/src/Jetson-Ros2-Packages/install/jetmax_msgs/share/jetmax_msgs/hook/pythonpath.dsv'
[3.795s] INFO:colcon.colcon_core.shell:Creating environment hook '/home/hiwonder/capstone_ws/src/Jetson-Ros2-Packages/install/jetmax_msgs/share/jetmax_msgs/hook/pythonpath.sh'
[3.796s] Level 1:colcon.colcon_core.environment:checking '/home/hiwonder/capstone_ws/src/Jetson-Ros2-Packages/install/jetmax_msgs/bin'
[3.804s] INFO:colcon.colcon_core.shell:Creating package script '/home/hiwonder/capstone_ws/src/Jetson-Ros2-Packages/install/jetmax_msgs/share/jetmax_msgs/package.ps1'
[3.810s] INFO:colcon.colcon_core.shell:Creating package descriptor '/home/hiwonder/capstone_ws/src/Jetson-Ros2-Packages/install/jetmax_msgs/share/jetmax_msgs/package.dsv'
[3.813s] INFO:colcon.colcon_core.shell:Creating package script '/home/hiwonder/capstone_ws/src/Jetson-Ros2-Packages/install/jetmax_msgs/share/jetmax_msgs/package.sh'
[3.817s] INFO:colcon.colcon_core.shell:Creating package script '/home/hiwonder/capstone_ws/src/Jetson-Ros2-Packages/install/jetmax_msgs/share/jetmax_msgs/package.bash'
[3.849s] INFO:colcon.colcon_core.shell:Creating package script '/home/hiwonder/capstone_ws/src/Jetson-Ros2-Packages/install/jetmax_msgs/share/jetmax_msgs/package.zsh'
[3.893s] Level 1:colcon.colcon_core.environment:create_file_with_runtime_dependencies(/home/hiwonder/capstone_ws/src/Jetson-Ros2-Packages/install/jetmax_msgs/share/colcon-core/packages/jetmax_msgs)
[4.108s] Level 1:colcon.colcon_core.environment:create_environment_scripts_only(jetmax_msgs)
[4.120s] Level 1:colcon.colcon_core.environment:checking '/home/hiwonder/capstone_ws/src/Jetson-Ros2-Packages/install/jetmax_msgs' for CMake module files
[4.124s] Level 1:colcon.colcon_core.environment:checking '/home/hiwonder/capstone_ws/src/Jetson-Ros2-Packages/install/jetmax_msgs' for CMake config files
[4.127s] Level 1:colcon.colcon_core.shell:create_environment_hook('jetmax_msgs', 'cmake_prefix_path')
[4.135s] INFO:colcon.colcon_core.shell:Creating environment hook '/home/hiwonder/capstone_ws/src/Jetson-Ros2-Packages/install/jetmax_msgs/share/jetmax_msgs/hook/cmake_prefix_path.ps1'
[4.137s] INFO:colcon.colcon_core.shell:Creating environment descriptor '/home/hiwonder/capstone_ws/src/Jetson-Ros2-Packages/install/jetmax_msgs/share/jetmax_msgs/hook/cmake_prefix_path.dsv'
[4.138s] INFO:colcon.colcon_core.shell:Creating environment hook '/home/hiwonder/capstone_ws/src/Jetson-Ros2-Packages/install/jetmax_msgs/share/jetmax_msgs/hook/cmake_prefix_path.sh'
[4.141s] Level 1:colcon.colcon_core.environment:checking '/home/hiwonder/capstone_ws/src/Jetson-Ros2-Packages/install/jetmax_msgs/lib'
[4.141s] Level 1:colcon.colcon_core.shell:create_environment_hook('jetmax_msgs', 'ld_library_path_lib')
[4.148s] INFO:colcon.colcon_core.shell:Creating environment hook '/home/hiwonder/capstone_ws/src/Jetson-Ros2-Packages/install/jetmax_msgs/share/jetmax_msgs/hook/ld_library_path_lib.ps1'
[4.150s] INFO:colcon.colcon_core.shell:Creating environment descriptor '/home/hiwonder/capstone_ws/src/Jetson-Ros2-Packages/install/jetmax_msgs/share/jetmax_msgs/hook/ld_library_path_lib.dsv'
[4.152s] INFO:colcon.colcon_core.shell:Creating environment hook '/home/hiwonder/capstone_ws/src/Jetson-Ros2-Packages/install/jetmax_msgs/share/jetmax_msgs/hook/ld_library_path_lib.sh'
[4.154s] Level 1:colcon.colcon_core.environment:checking '/home/hiwonder/capstone_ws/src/Jetson-Ros2-Packages/install/jetmax_msgs/bin'
[4.154s] Level 1:colcon.colcon_core.environment:checking '/home/hiwonder/capstone_ws/src/Jetson-Ros2-Packages/install/jetmax_msgs/lib/pkgconfig/jetmax_msgs.pc'
[4.155s] Level 1:colcon.colcon_core.environment:checking '/home/hiwonder/capstone_ws/src/Jetson-Ros2-Packages/install/jetmax_msgs/lib/python3.8/site-packages'
[4.155s] Level 1:colcon.colcon_core.shell:create_environment_hook('jetmax_msgs', 'pythonpath')
[4.163s] INFO:colcon.colcon_core.shell:Creating environment hook '/home/hiwonder/capstone_ws/src/Jetson-Ros2-Packages/install/jetmax_msgs/share/jetmax_msgs/hook/pythonpath.ps1'
[4.165s] INFO:colcon.colcon_core.shell:Creating environment descriptor '/home/hiwonder/capstone_ws/src/Jetson-Ros2-Packages/install/jetmax_msgs/share/jetmax_msgs/hook/pythonpath.dsv'
[4.167s] INFO:colcon.colcon_core.shell:Creating environment hook '/home/hiwonder/capstone_ws/src/Jetson-Ros2-Packages/install/jetmax_msgs/share/jetmax_msgs/hook/pythonpath.sh'
[4.169s] Level 1:colcon.colcon_core.environment:checking '/home/hiwonder/capstone_ws/src/Jetson-Ros2-Packages/install/jetmax_msgs/bin'
[4.177s] INFO:colcon.colcon_core.shell:Creating package script '/home/hiwonder/capstone_ws/src/Jetson-Ros2-Packages/install/jetmax_msgs/share/jetmax_msgs/package.ps1'
[4.180s] INFO:colcon.colcon_core.shell:Creating package descriptor '/home/hiwonder/capstone_ws/src/Jetson-Ros2-Packages/install/jetmax_msgs/share/jetmax_msgs/package.dsv'
[4.183s] INFO:colcon.colcon_core.shell:Creating package script '/home/hiwonder/capstone_ws/src/Jetson-Ros2-Packages/install/jetmax_msgs/share/jetmax_msgs/package.sh'
[4.185s] INFO:colcon.colcon_core.shell:Creating package script '/home/hiwonder/capstone_ws/src/Jetson-Ros2-Packages/install/jetmax_msgs/share/jetmax_msgs/package.bash'
[4.187s] INFO:colcon.colcon_core.shell:Creating package script '/home/hiwonder/capstone_ws/src/Jetson-Ros2-Packages/install/jetmax_msgs/share/jetmax_msgs/package.zsh'
[4.188s] Level 1:colcon.colcon_core.environment:create_file_with_runtime_dependencies(/home/hiwonder/capstone_ws/src/Jetson-Ros2-Packages/install/jetmax_msgs/share/colcon-core/packages/jetmax_msgs)
[4.190s] INFO:colcon.colcon_ros.task.ament_python.build:Building ROS package in '/home/hiwonder/capstone_ws/src/Jetson-Ros2-Packages/jetmax_control' with build type 'ament_python'
[4.191s] Level 1:colcon.colcon_core.shell:create_environment_hook('jetmax_control', 'ament_prefix_path')
[4.199s] INFO:colcon.colcon_core.shell:Creating environment hook '/home/hiwonder/capstone_ws/src/Jetson-Ros2-Packages/install/jetmax_control/share/jetmax_control/hook/ament_prefix_path.ps1'
[4.202s] INFO:colcon.colcon_core.shell:Creating environment descriptor '/home/hiwonder/capstone_ws/src/Jetson-Ros2-Packages/install/jetmax_control/share/jetmax_control/hook/ament_prefix_path.dsv'
[4.203s] INFO:colcon.colcon_core.shell:Creating environment hook '/home/hiwonder/capstone_ws/src/Jetson-Ros2-Packages/install/jetmax_control/share/jetmax_control/hook/ament_prefix_path.sh'
[4.213s] INFO:colcon.colcon_core.shell:Skip shell extension 'powershell' for command environment: Not usable outside of PowerShell
[4.213s] DEBUG:colcon.colcon_core.shell:Skip shell extension 'dsv' for command environment
[5.275s] INFO:colcon.colcon_core.task.python.build:Building Python package in '/home/hiwonder/capstone_ws/src/Jetson-Ros2-Packages/jetmax_control'
[5.283s] INFO:colcon.colcon_core.shell:Skip shell extension 'powershell' for command environment: Not usable outside of PowerShell
[5.283s] DEBUG:colcon.colcon_core.shell:Skip shell extension 'dsv' for command environment
[7.149s] DEBUG:colcon.colcon_core.event_handler.log_command:Invoking command in '/home/hiwonder/capstone_ws/src/Jetson-Ros2-Packages/jetmax_control': AMENT_PREFIX_PATH=/home/hiwonder/capstone_ws/src/Jetson-Ros2-Packages/install/jetmax_msgs:${AMENT_PREFIX_PATH} CMAKE_PREFIX_PATH=/home/hiwonder/capstone_ws/src/Jetson-Ros2-Packages/install/jetmax_msgs:${CMAKE_PREFIX_PATH} LD_LIBRARY_PATH=/home/hiwonder/capstone_ws/src/Jetson-Ros2-Packages/install/jetmax_msgs/lib:${LD_LIBRARY_PATH} PYTHONPATH=/home/hiwonder/capstone_ws/src/Jetson-Ros2-Packages/build/jetmax_control/prefix_override:/home/hiwonder/capstone_ws/src/Jetson-Ros2-Packages/install/jetmax_control/lib/python3.8/site-packages:/home/hiwonder/capstone_ws/src/Jetson-Ros2-Packages/install/jetmax_msgs/lib/python3.8/site-packages:${PYTHONPATH} /usr/bin/python3 setup.py egg_info --egg-base ../build/jetmax_control build --build-base /home/hiwonder/capstone_ws/src/Jetson-Ros2-Packages/build/jetmax_control/build install --record /home/hiwonder/capstone_ws/src/Jetson-Ros2-Packages/build/jetmax_control/install.log --install-scripts $base/lib/jetmax_control --single-version-externally-managed
[8.441s] Level 1:colcon.colcon_core.environment:checking '/home/hiwonder/capstone_ws/src/Jetson-Ros2-Packages/install/jetmax_control' for CMake module files
[8.442s] DEBUG:colcon.colcon_core.event_handler.log_command:Invoked command in '/home/hiwonder/capstone_ws/src/Jetson-Ros2-Packages/jetmax_control' returned '0': AMENT_PREFIX_PATH=/home/hiwonder/capstone_ws/src/Jetson-Ros2-Packages/install/jetmax_msgs:${AMENT_PREFIX_PATH} CMAKE_PREFIX_PATH=/home/hiwonder/capstone_ws/src/Jetson-Ros2-Packages/install/jetmax_msgs:${CMAKE_PREFIX_PATH} LD_LIBRARY_PATH=/home/hiwonder/capstone_ws/src/Jetson-Ros2-Packages/install/jetmax_msgs/lib:${LD_LIBRARY_PATH} PYTHONPATH=/home/hiwonder/capstone_ws/src/Jetson-Ros2-Packages/build/jetmax_control/prefix_override:/home/hiwonder/capstone_ws/src/Jetson-Ros2-Packages/install/jetmax_control/lib/python3.8/site-packages:/home/hiwonder/capstone_ws/src/Jetson-Ros2-Packages/install/jetmax_msgs/lib/python3.8/site-packages:${PYTHONPATH} /usr/bin/python3 setup.py egg_info --egg-base ../build/jetmax_control build --build-base /home/hiwonder/capstone_ws/src/Jetson-Ros2-Packages/build/jetmax_control/build install --record /home/hiwonder/capstone_ws/src/Jetson-Ros2-Packages/build/jetmax_control/install.log --install-scripts $base/lib/jetmax_control --single-version-externally-managed
[8.444s] Level 1:colcon.colcon_core.environment:checking '/home/hiwonder/capstone_ws/src/Jetson-Ros2-Packages/install/jetmax_control' for CMake config files
[8.446s] Level 1:colcon.colcon_core.environment:checking '/home/hiwonder/capstone_ws/src/Jetson-Ros2-Packages/install/jetmax_control/lib'
[8.446s] Level 1:colcon.colcon_core.environment:checking '/home/hiwonder/capstone_ws/src/Jetson-Ros2-Packages/install/jetmax_control/bin'
[8.447s] Level 1:colcon.colcon_core.environment:checking '/home/hiwonder/capstone_ws/src/Jetson-Ros2-Packages/install/jetmax_control/lib/pkgconfig/jetmax_control.pc'
[8.448s] Level 1:colcon.colcon_core.environment:checking '/home/hiwonder/capstone_ws/src/Jetson-Ros2-Packages/install/jetmax_control/lib/python3.8/site-packages'
[8.448s] Level 1:colcon.colcon_core.shell:create_environment_hook('jetmax_control', 'pythonpath')
[8.455s] INFO:colcon.colcon_core.shell:Creating environment hook '/home/hiwonder/capstone_ws/src/Jetson-Ros2-Packages/install/jetmax_control/share/jetmax_control/hook/pythonpath.ps1'
[8.456s] INFO:colcon.colcon_core.shell:Creating environment descriptor '/home/hiwonder/capstone_ws/src/Jetson-Ros2-Packages/install/jetmax_control/share/jetmax_control/hook/pythonpath.dsv'
[8.457s] INFO:colcon.colcon_core.shell:Creating environment hook '/home/hiwonder/capstone_ws/src/Jetson-Ros2-Packages/install/jetmax_control/share/jetmax_control/hook/pythonpath.sh'
[8.459s] Level 1:colcon.colcon_core.environment:checking '/home/hiwonder/capstone_ws/src/Jetson-Ros2-Packages/install/jetmax_control/bin'
[8.460s] Level 1:colcon.colcon_core.environment:create_environment_scripts_only(jetmax_control)
[8.468s] INFO:colcon.colcon_core.shell:Creating package script '/home/hiwonder/capstone_ws/src/Jetson-Ros2-Packages/install/jetmax_control/share/jetmax_control/package.ps1'
[8.470s] INFO:colcon.colcon_core.shell:Creating package descriptor '/home/hiwonder/capstone_ws/src/Jetson-Ros2-Packages/install/jetmax_control/share/jetmax_control/package.dsv'
[8.472s] INFO:colcon.colcon_core.shell:Creating package script '/home/hiwonder/capstone_ws/src/Jetson-Ros2-Packages/install/jetmax_control/share/jetmax_control/package.sh'
[8.473s] INFO:colcon.colcon_core.shell:Creating package script '/home/hiwonder/capstone_ws/src/Jetson-Ros2-Packages/install/jetmax_control/share/jetmax_control/package.bash'
[8.474s] INFO:colcon.colcon_core.shell:Creating package script '/home/hiwonder/capstone_ws/src/Jetson-Ros2-Packages/install/jetmax_control/share/jetmax_control/package.zsh'
[8.475s] Level 1:colcon.colcon_core.environment:create_file_with_runtime_dependencies(/home/hiwonder/capstone_ws/src/Jetson-Ros2-Packages/install/jetmax_control/share/colcon-core/packages/jetmax_control)
[8.476s] DEBUG:colcon.colcon_parallel_executor.executor.parallel:closing loop
[8.477s] DEBUG:colcon.colcon_parallel_executor.executor.parallel:loop closed
[8.478s] DEBUG:colcon.colcon_parallel_executor.executor.parallel:run_until_complete finished with '0'
[8.478s] DEBUG:colcon.colcon_core.event_reactor:joining thread
[8.507s] INFO:colcon.colcon_core.plugin_system:Skipping extension 'colcon_notification.desktop_notification.terminal_notifier': Not used on non-Darwin systems
[8.508s] INFO:colcon.colcon_core.plugin_system:Skipping extension 'colcon_notification.desktop_notification.win32': Not used on non-Windows systems
[8.508s] INFO:colcon.colcon_notification.desktop_notification:Sending desktop notification using 'notify2'
[8.554s] DEBUG:colcon.colcon_core.event_reactor:joined thread
[8.561s] INFO:colcon.colcon_core.shell:Creating prefix script '/home/hiwonder/capstone_ws/src/Jetson-Ros2-Packages/install/local_setup.ps1'
[8.569s] INFO:colcon.colcon_core.shell:Creating prefix util module '/home/hiwonder/capstone_ws/src/Jetson-Ros2-Packages/install/_local_setup_util_ps1.py'
[8.577s] INFO:colcon.colcon_core.shell:Creating prefix chain script '/home/hiwonder/capstone_ws/src/Jetson-Ros2-Packages/install/setup.ps1'
[8.586s] INFO:colcon.colcon_core.shell:Creating prefix script '/home/hiwonder/capstone_ws/src/Jetson-Ros2-Packages/install/local_setup.sh'
[8.591s] INFO:colcon.colcon_core.shell:Creating prefix util module '/home/hiwonder/capstone_ws/src/Jetson-Ros2-Packages/install/_local_setup_util_sh.py'
[8.593s] INFO:colcon.colcon_core.shell:Creating prefix chain script '/home/hiwonder/capstone_ws/src/Jetson-Ros2-Packages/install/setup.sh'
[8.600s] INFO:colcon.colcon_core.shell:Creating prefix script '/home/hiwonder/capstone_ws/src/Jetson-Ros2-Packages/install/local_setup.bash'
[8.605s] INFO:colcon.colcon_core.shell:Creating prefix chain script '/home/hiwonder/capstone_ws/src/Jetson-Ros2-Packages/install/setup.bash'
[8.611s] INFO:colcon.colcon_core.shell:Creating prefix script '/home/hiwonder/capstone_ws/src/Jetson-Ros2-Packages/install/local_setup.zsh'
[8.615s] INFO:colcon.colcon_core.shell:Creating prefix chain script '/home/hiwonder/capstone_ws/src/Jetson-Ros2-Packages/install/setup.zsh'
