[2.808s] Invoking command in '/home/hiwonder/capstone_ws/src/Jetson-Ros2-Packages/demo1': AMENT_PREFIX_PATH=/home/hiwonder/capstone_ws/src/Jetson-Ros2-Packages/install/jetmax_msgs:${AMENT_PREFIX_PATH} CMAKE_PREFIX_PATH=/home/hiwonder/capstone_ws/src/Jetson-Ros2-Packages/install/jetmax_msgs:${CMAKE_PREFIX_PATH} LD_LIBRARY_PATH=/home/hiwonder/capstone_ws/src/Jetson-Ros2-Packages/install/jetmax_msgs/lib:${LD_LIBRARY_PATH} PYTHONPATH=/home/hiwonder/capstone_ws/src/Jetson-Ros2-Packages/build/demo1/prefix_override:/home/hiwonder/capstone_ws/src/Jetson-Ros2-Packages/install/demo1/lib/python3.8/site-packages:/home/hiwonder/capstone_ws/src/Jetson-Ros2-Packages/install/jetmax_msgs/lib/python3.8/site-packages:${PYTHONPATH} /usr/bin/python3 setup.py egg_info --egg-base ../build/demo1 build --build-base /home/hiwonder/capstone_ws/src/Jetson-Ros2-Packages/build/demo1/build install --record /home/hiwonder/capstone_ws/src/Jetson-Ros2-Packages/build/demo1/install.log --install-scripts $base/lib/demo1 --single-version-externally-managed
[3.735s] running egg_info
[3.737s] writing ../build/demo1/demo1.egg-info/PKG-INFO
[3.739s] writing dependency_links to ../build/demo1/demo1.egg-info/dependency_links.txt
[3.739s] writing entry points to ../build/demo1/demo1.egg-info/entry_points.txt
[3.740s] writing requirements to ../build/demo1/demo1.egg-info/requires.txt
[3.740s] writing top-level names to ../build/demo1/demo1.egg-info/top_level.txt
[3.898s] reading manifest file '../build/demo1/demo1.egg-info/SOURCES.txt'
[3.902s] writing manifest file '../build/demo1/demo1.egg-info/SOURCES.txt'
[3.903s] running build
[3.903s] running build_py
[3.904s] running install
[3.907s] running install_lib
[3.912s] running install_data
[3.914s] copying package.xml -> /home/hiwonder/capstone_ws/src/Jetson-Ros2-Packages/install/demo1/share/demo1
[3.915s] running install_egg_info
[3.921s] removing '/home/hiwonder/capstone_ws/src/Jetson-Ros2-Packages/install/demo1/lib/python3.8/site-packages/demo1-0.0.0-py3.8.egg-info' (and everything under it)
[3.922s] Copying ../build/demo1/demo1.egg-info to /home/hiwonder/capstone_ws/src/Jetson-Ros2-Packages/install/demo1/lib/python3.8/site-packages/demo1-0.0.0-py3.8.egg-info
[3.926s] running install_scripts
[3.992s] Installing client script to /home/hiwonder/capstone_ws/src/Jetson-Ros2-Packages/install/demo1/lib/demo1
[3.993s] Installing srv script to /home/hiwonder/capstone_ws/src/Jetson-Ros2-Packages/install/demo1/lib/demo1
[3.994s] writing list of installed files to '/home/hiwonder/capstone_ws/src/Jetson-Ros2-Packages/build/demo1/install.log'
[4.090s] Invoked command in '/home/hiwonder/capstone_ws/src/Jetson-Ros2-Packages/demo1' returned '0': AMENT_PREFIX_PATH=/home/hiwonder/capstone_ws/src/Jetson-Ros2-Packages/install/jetmax_msgs:${AMENT_PREFIX_PATH} CMAKE_PREFIX_PATH=/home/hiwonder/capstone_ws/src/Jetson-Ros2-Packages/install/jetmax_msgs:${CMAKE_PREFIX_PATH} LD_LIBRARY_PATH=/home/hiwonder/capstone_ws/src/Jetson-Ros2-Packages/install/jetmax_msgs/lib:${LD_LIBRARY_PATH} PYTHONPATH=/home/hiwonder/capstone_ws/src/Jetson-Ros2-Packages/build/demo1/prefix_override:/home/hiwonder/capstone_ws/src/Jetson-Ros2-Packages/install/demo1/lib/python3.8/site-packages:/home/hiwonder/capstone_ws/src/Jetson-Ros2-Packages/install/jetmax_msgs/lib/python3.8/site-packages:${PYTHONPATH} /usr/bin/python3 setup.py egg_info --egg-base ../build/demo1 build --build-base /home/hiwonder/capstone_ws/src/Jetson-Ros2-Packages/build/demo1/build install --record /home/hiwonder/capstone_ws/src/Jetson-Ros2-Packages/build/demo1/install.log --install-scripts $base/lib/demo1 --single-version-externally-managed
