[  2%] Built target jetmax_msgs__cpp
[ 12%] Built target jetmax_msgs__rosidl_generator_c
[ 23%] Built target jetmax_msgs__rosidl_typesupport_introspection_c
[ 43%] Built target jetmax_msgs__rosidl_typesupport_fastrtps_cpp
[ 43%] Built target jetmax_msgs__rosidl_typesupport_cpp
[ 53%] Built target jetmax_msgs__rosidl_typesupport_introspection_cpp
[ 64%] Built target jetmax_msgs__rosidl_typesupport_c
[ 74%] Built target jetmax_msgs__rosidl_typesupport_fastrtps_c
[ 74%] Built target jetmax_msgs
[ 76%] Built target jetmax_msgs__py
[ 84%] Built target jetmax_msgs__python
[100%] Built target jetmax_msgs__rosidl_typesupport_introspection_c__pyext
[100%] Built target jetmax_msgs__rosidl_typesupport_c__pyext
[100%] Built target jetmax_msgs__rosidl_typesupport_fastrtps_c__pyext
-- Install configuration: ""
-- Up-to-date: /home/hiwonder/capstone_ws/src/Jetson-Ros2-Packages/install/jetmax_msgs/share/ament_index/resource_index/rosidl_interfaces/jetmax_msgs
-- Up-to-date: /home/hiwonder/capstone_ws/src/Jetson-Ros2-Packages/install/jetmax_msgs/include/jetmax_msgs
-- Up-to-date: /home/hiwonder/capstone_ws/src/Jetson-Ros2-Packages/install/jetmax_msgs/include/jetmax_msgs/msg
-- Up-to-date: /home/hiwonder/capstone_ws/src/Jetson-Ros2-Packages/install/jetmax_msgs/include/jetmax_msgs/msg/detail
-- Up-to-date: /home/hiwonder/capstone_ws/src/Jetson-Ros2-Packages/install/jetmax_msgs/include/jetmax_msgs/msg/detail/set_motion__functions.c
-- Up-to-date: /home/hiwonder/capstone_ws/src/Jetson-Ros2-Packages/install/jetmax_msgs/include/jetmax_msgs/msg/detail/position__functions.h
-- Up-to-date: /home/hiwonder/capstone_ws/src/Jetson-Ros2-Packages/install/jetmax_msgs/include/jetmax_msgs/msg/detail/position__functions.c
-- Up-to-date: /home/hiwonder/capstone_ws/src/Jetson-Ros2-Packages/install/jetmax_msgs/include/jetmax_msgs/msg/detail/set_motion__type_support.h
-- Up-to-date: /home/hiwonder/capstone_ws/src/Jetson-Ros2-Packages/install/jetmax_msgs/include/jetmax_msgs/msg/detail/position__struct.h
-- Up-to-date: /home/hiwonder/capstone_ws/src/Jetson-Ros2-Packages/install/jetmax_msgs/include/jetmax_msgs/msg/detail/set_motion__struct.h
-- Up-to-date: /home/hiwonder/capstone_ws/src/Jetson-Ros2-Packages/install/jetmax_msgs/include/jetmax_msgs/msg/detail/set_motion__functions.h
-- Up-to-date: /home/hiwonder/capstone_ws/src/Jetson-Ros2-Packages/install/jetmax_msgs/include/jetmax_msgs/msg/detail/position__type_support.h
-- Up-to-date: /home/hiwonder/capstone_ws/src/Jetson-Ros2-Packages/install/jetmax_msgs/include/jetmax_msgs/msg/position.h
-- Up-to-date: /home/hiwonder/capstone_ws/src/Jetson-Ros2-Packages/install/jetmax_msgs/include/jetmax_msgs/msg/rosidl_generator_c__visibility_control.h
-- Up-to-date: /home/hiwonder/capstone_ws/src/Jetson-Ros2-Packages/install/jetmax_msgs/include/jetmax_msgs/msg/set_motion.h
-- Up-to-date: /home/hiwonder/capstone_ws/src/Jetson-Ros2-Packages/install/jetmax_msgs/share/jetmax_msgs/environment/library_path.sh
-- Up-to-date: /home/hiwonder/capstone_ws/src/Jetson-Ros2-Packages/install/jetmax_msgs/share/jetmax_msgs/environment/library_path.dsv
-- Up-to-date: /home/hiwonder/capstone_ws/src/Jetson-Ros2-Packages/install/jetmax_msgs/lib/libjetmax_msgs__rosidl_generator_c.so
-- Up-to-date: /home/hiwonder/capstone_ws/src/Jetson-Ros2-Packages/install/jetmax_msgs/include/jetmax_msgs
-- Up-to-date: /home/hiwonder/capstone_ws/src/Jetson-Ros2-Packages/install/jetmax_msgs/include/jetmax_msgs/msg
-- Up-to-date: /home/hiwonder/capstone_ws/src/Jetson-Ros2-Packages/install/jetmax_msgs/include/jetmax_msgs/msg/detail
-- Up-to-date: /home/hiwonder/capstone_ws/src/Jetson-Ros2-Packages/install/jetmax_msgs/include/jetmax_msgs/msg/detail/position__rosidl_typesupport_fastrtps_c.h
-- Up-to-date: /home/hiwonder/capstone_ws/src/Jetson-Ros2-Packages/install/jetmax_msgs/include/jetmax_msgs/msg/detail/set_motion__rosidl_typesupport_fastrtps_c.h
-- Up-to-date: /home/hiwonder/capstone_ws/src/Jetson-Ros2-Packages/install/jetmax_msgs/include/jetmax_msgs/msg/rosidl_typesupport_fastrtps_c__visibility_control.h
-- Up-to-date: /home/hiwonder/capstone_ws/src/Jetson-Ros2-Packages/install/jetmax_msgs/lib/libjetmax_msgs__rosidl_typesupport_fastrtps_c.so
-- Up-to-date: /home/hiwonder/capstone_ws/src/Jetson-Ros2-Packages/install/jetmax_msgs/include/jetmax_msgs
-- Up-to-date: /home/hiwonder/capstone_ws/src/Jetson-Ros2-Packages/install/jetmax_msgs/include/jetmax_msgs/msg
-- Up-to-date: /home/hiwonder/capstone_ws/src/Jetson-Ros2-Packages/install/jetmax_msgs/include/jetmax_msgs/msg/detail
-- Up-to-date: /home/hiwonder/capstone_ws/src/Jetson-Ros2-Packages/install/jetmax_msgs/include/jetmax_msgs/msg/detail/position__rosidl_typesupport_fastrtps_cpp.hpp
-- Up-to-date: /home/hiwonder/capstone_ws/src/Jetson-Ros2-Packages/install/jetmax_msgs/include/jetmax_msgs/msg/detail/set_motion__rosidl_typesupport_fastrtps_cpp.hpp
-- Up-to-date: /home/hiwonder/capstone_ws/src/Jetson-Ros2-Packages/install/jetmax_msgs/include/jetmax_msgs/msg/detail/dds_fastrtps
-- Up-to-date: /home/hiwonder/capstone_ws/src/Jetson-Ros2-Packages/install/jetmax_msgs/include/jetmax_msgs/msg/rosidl_typesupport_fastrtps_cpp__visibility_control.h
-- Up-to-date: /home/hiwonder/capstone_ws/src/Jetson-Ros2-Packages/install/jetmax_msgs/lib/libjetmax_msgs__rosidl_typesupport_fastrtps_cpp.so
-- Up-to-date: /home/hiwonder/capstone_ws/src/Jetson-Ros2-Packages/install/jetmax_msgs/include/jetmax_msgs
-- Up-to-date: /home/hiwonder/capstone_ws/src/Jetson-Ros2-Packages/install/jetmax_msgs/include/jetmax_msgs/msg
-- Up-to-date: /home/hiwonder/capstone_ws/src/Jetson-Ros2-Packages/install/jetmax_msgs/include/jetmax_msgs/msg/detail
-- Up-to-date: /home/hiwonder/capstone_ws/src/Jetson-Ros2-Packages/install/jetmax_msgs/include/jetmax_msgs/msg/detail/set_motion__rosidl_typesupport_introspection_c.h
-- Up-to-date: /home/hiwonder/capstone_ws/src/Jetson-Ros2-Packages/install/jetmax_msgs/include/jetmax_msgs/msg/detail/set_motion__type_support.c
-- Up-to-date: /home/hiwonder/capstone_ws/src/Jetson-Ros2-Packages/install/jetmax_msgs/include/jetmax_msgs/msg/detail/position__type_support.c
-- Up-to-date: /home/hiwonder/capstone_ws/src/Jetson-Ros2-Packages/install/jetmax_msgs/include/jetmax_msgs/msg/detail/position__rosidl_typesupport_introspection_c.h
-- Up-to-date: /home/hiwonder/capstone_ws/src/Jetson-Ros2-Packages/install/jetmax_msgs/include/jetmax_msgs/msg/rosidl_typesupport_introspection_c__visibility_control.h
-- Up-to-date: /home/hiwonder/capstone_ws/src/Jetson-Ros2-Packages/install/jetmax_msgs/lib/libjetmax_msgs__rosidl_typesupport_introspection_c.so
-- Up-to-date: /home/hiwonder/capstone_ws/src/Jetson-Ros2-Packages/install/jetmax_msgs/lib/libjetmax_msgs__rosidl_typesupport_c.so
-- Up-to-date: /home/hiwonder/capstone_ws/src/Jetson-Ros2-Packages/install/jetmax_msgs/include/jetmax_msgs
-- Up-to-date: /home/hiwonder/capstone_ws/src/Jetson-Ros2-Packages/install/jetmax_msgs/include/jetmax_msgs/msg
-- Up-to-date: /home/hiwonder/capstone_ws/src/Jetson-Ros2-Packages/install/jetmax_msgs/include/jetmax_msgs/msg/detail
-- Up-to-date: /home/hiwonder/capstone_ws/src/Jetson-Ros2-Packages/install/jetmax_msgs/include/jetmax_msgs/msg/detail/set_motion__builder.hpp
-- Up-to-date: /home/hiwonder/capstone_ws/src/Jetson-Ros2-Packages/install/jetmax_msgs/include/jetmax_msgs/msg/detail/position__builder.hpp
-- Up-to-date: /home/hiwonder/capstone_ws/src/Jetson-Ros2-Packages/install/jetmax_msgs/include/jetmax_msgs/msg/detail/set_motion__traits.hpp
-- Up-to-date: /home/hiwonder/capstone_ws/src/Jetson-Ros2-Packages/install/jetmax_msgs/include/jetmax_msgs/msg/detail/position__traits.hpp
-- Up-to-date: /home/hiwonder/capstone_ws/src/Jetson-Ros2-Packages/install/jetmax_msgs/include/jetmax_msgs/msg/detail/position__struct.hpp
-- Up-to-date: /home/hiwonder/capstone_ws/src/Jetson-Ros2-Packages/install/jetmax_msgs/include/jetmax_msgs/msg/detail/set_motion__struct.hpp
-- Up-to-date: /home/hiwonder/capstone_ws/src/Jetson-Ros2-Packages/install/jetmax_msgs/include/jetmax_msgs/msg/position.hpp
-- Up-to-date: /home/hiwonder/capstone_ws/src/Jetson-Ros2-Packages/install/jetmax_msgs/include/jetmax_msgs/msg/set_motion.hpp
-- Up-to-date: /home/hiwonder/capstone_ws/src/Jetson-Ros2-Packages/install/jetmax_msgs/include/jetmax_msgs
-- Up-to-date: /home/hiwonder/capstone_ws/src/Jetson-Ros2-Packages/install/jetmax_msgs/include/jetmax_msgs/msg
-- Up-to-date: /home/hiwonder/capstone_ws/src/Jetson-Ros2-Packages/install/jetmax_msgs/include/jetmax_msgs/msg/detail
-- Up-to-date: /home/hiwonder/capstone_ws/src/Jetson-Ros2-Packages/install/jetmax_msgs/include/jetmax_msgs/msg/detail/set_motion__type_support.cpp
-- Up-to-date: /home/hiwonder/capstone_ws/src/Jetson-Ros2-Packages/install/jetmax_msgs/include/jetmax_msgs/msg/detail/position__rosidl_typesupport_introspection_cpp.hpp
-- Up-to-date: /home/hiwonder/capstone_ws/src/Jetson-Ros2-Packages/install/jetmax_msgs/include/jetmax_msgs/msg/detail/position__type_support.cpp
-- Up-to-date: /home/hiwonder/capstone_ws/src/Jetson-Ros2-Packages/install/jetmax_msgs/include/jetmax_msgs/msg/detail/set_motion__rosidl_typesupport_introspection_cpp.hpp
-- Up-to-date: /home/hiwonder/capstone_ws/src/Jetson-Ros2-Packages/install/jetmax_msgs/lib/libjetmax_msgs__rosidl_typesupport_introspection_cpp.so
-- Up-to-date: /home/hiwonder/capstone_ws/src/Jetson-Ros2-Packages/install/jetmax_msgs/lib/libjetmax_msgs__rosidl_typesupport_cpp.so
-- Up-to-date: /home/hiwonder/capstone_ws/src/Jetson-Ros2-Packages/install/jetmax_msgs/share/jetmax_msgs/environment/pythonpath.sh
-- Up-to-date: /home/hiwonder/capstone_ws/src/Jetson-Ros2-Packages/install/jetmax_msgs/share/jetmax_msgs/environment/pythonpath.dsv
-- Up-to-date: /home/hiwonder/capstone_ws/src/Jetson-Ros2-Packages/install/jetmax_msgs/lib/python3.8/site-packages/jetmax_msgs/__init__.py
-- Up-to-date: /home/hiwonder/capstone_ws/src/Jetson-Ros2-Packages/install/jetmax_msgs/lib/python3.8/site-packages/jetmax_msgs/msg
-- Up-to-date: /home/hiwonder/capstone_ws/src/Jetson-Ros2-Packages/install/jetmax_msgs/lib/python3.8/site-packages/jetmax_msgs/msg/_position.py
-- Up-to-date: /home/hiwonder/capstone_ws/src/Jetson-Ros2-Packages/install/jetmax_msgs/lib/python3.8/site-packages/jetmax_msgs/msg/_position_s.c
-- Up-to-date: /home/hiwonder/capstone_ws/src/Jetson-Ros2-Packages/install/jetmax_msgs/lib/python3.8/site-packages/jetmax_msgs/msg/_set_motion.py
-- Up-to-date: /home/hiwonder/capstone_ws/src/Jetson-Ros2-Packages/install/jetmax_msgs/lib/python3.8/site-packages/jetmax_msgs/msg/__init__.py
-- Up-to-date: /home/hiwonder/capstone_ws/src/Jetson-Ros2-Packages/install/jetmax_msgs/lib/python3.8/site-packages/jetmax_msgs/msg/_set_motion_s.c
-- Up-to-date: /home/hiwonder/capstone_ws/src/Jetson-Ros2-Packages/install/jetmax_msgs/lib/python3.8/site-packages/jetmax_msgs/jetmax_msgs_s__rosidl_typesupport_fastrtps_c.cpython-38-aarch64-linux-gnu.so
-- Up-to-date: /home/hiwonder/capstone_ws/src/Jetson-Ros2-Packages/install/jetmax_msgs/lib/python3.8/site-packages/jetmax_msgs/jetmax_msgs_s__rosidl_typesupport_introspection_c.cpython-38-aarch64-linux-gnu.so
-- Up-to-date: /home/hiwonder/capstone_ws/src/Jetson-Ros2-Packages/install/jetmax_msgs/lib/python3.8/site-packages/jetmax_msgs/jetmax_msgs_s__rosidl_typesupport_c.cpython-38-aarch64-linux-gnu.so
-- Up-to-date: /home/hiwonder/capstone_ws/src/Jetson-Ros2-Packages/install/jetmax_msgs/lib/libjetmax_msgs__python.so
-- Up-to-date: /home/hiwonder/capstone_ws/src/Jetson-Ros2-Packages/install/jetmax_msgs/share/jetmax_msgs/msg/SetMotion.idl
-- Up-to-date: /home/hiwonder/capstone_ws/src/Jetson-Ros2-Packages/install/jetmax_msgs/share/jetmax_msgs/msg/Position.idl
-- Up-to-date: /home/hiwonder/capstone_ws/src/Jetson-Ros2-Packages/install/jetmax_msgs/share/jetmax_msgs/msg/SetMotion.msg
-- Up-to-date: /home/hiwonder/capstone_ws/src/Jetson-Ros2-Packages/install/jetmax_msgs/share/jetmax_msgs/msg/Position.msg
-- Up-to-date: /home/hiwonder/capstone_ws/src/Jetson-Ros2-Packages/install/jetmax_msgs/share/ament_index/resource_index/package_run_dependencies/jetmax_msgs
-- Up-to-date: /home/hiwonder/capstone_ws/src/Jetson-Ros2-Packages/install/jetmax_msgs/share/ament_index/resource_index/parent_prefix_path/jetmax_msgs
-- Up-to-date: /home/hiwonder/capstone_ws/src/Jetson-Ros2-Packages/install/jetmax_msgs/share/jetmax_msgs/environment/ament_prefix_path.sh
-- Up-to-date: /home/hiwonder/capstone_ws/src/Jetson-Ros2-Packages/install/jetmax_msgs/share/jetmax_msgs/environment/ament_prefix_path.dsv
-- Up-to-date: /home/hiwonder/capstone_ws/src/Jetson-Ros2-Packages/install/jetmax_msgs/share/jetmax_msgs/environment/path.sh
-- Up-to-date: /home/hiwonder/capstone_ws/src/Jetson-Ros2-Packages/install/jetmax_msgs/share/jetmax_msgs/environment/path.dsv
-- Up-to-date: /home/hiwonder/capstone_ws/src/Jetson-Ros2-Packages/install/jetmax_msgs/share/jetmax_msgs/local_setup.bash
-- Up-to-date: /home/hiwonder/capstone_ws/src/Jetson-Ros2-Packages/install/jetmax_msgs/share/jetmax_msgs/local_setup.sh
-- Up-to-date: /home/hiwonder/capstone_ws/src/Jetson-Ros2-Packages/install/jetmax_msgs/share/jetmax_msgs/local_setup.zsh
-- Up-to-date: /home/hiwonder/capstone_ws/src/Jetson-Ros2-Packages/install/jetmax_msgs/share/jetmax_msgs/local_setup.dsv
-- Installing: /home/hiwonder/capstone_ws/src/Jetson-Ros2-Packages/install/jetmax_msgs/share/jetmax_msgs/package.dsv
-- Up-to-date: /home/hiwonder/capstone_ws/src/Jetson-Ros2-Packages/install/jetmax_msgs/share/ament_index/resource_index/packages/jetmax_msgs
-- Up-to-date: /home/hiwonder/capstone_ws/src/Jetson-Ros2-Packages/install/jetmax_msgs/share/jetmax_msgs/cmake/jetmax_msgs__rosidl_generator_cExport.cmake
-- Up-to-date: /home/hiwonder/capstone_ws/src/Jetson-Ros2-Packages/install/jetmax_msgs/share/jetmax_msgs/cmake/jetmax_msgs__rosidl_generator_cExport-noconfig.cmake
-- Up-to-date: /home/hiwonder/capstone_ws/src/Jetson-Ros2-Packages/install/jetmax_msgs/share/jetmax_msgs/cmake/jetmax_msgs__rosidl_typesupport_introspection_cExport.cmake
-- Up-to-date: /home/hiwonder/capstone_ws/src/Jetson-Ros2-Packages/install/jetmax_msgs/share/jetmax_msgs/cmake/jetmax_msgs__rosidl_typesupport_introspection_cExport-noconfig.cmake
-- Up-to-date: /home/hiwonder/capstone_ws/src/Jetson-Ros2-Packages/install/jetmax_msgs/share/jetmax_msgs/cmake/jetmax_msgs__rosidl_typesupport_cExport.cmake
-- Up-to-date: /home/hiwonder/capstone_ws/src/Jetson-Ros2-Packages/install/jetmax_msgs/share/jetmax_msgs/cmake/jetmax_msgs__rosidl_typesupport_cExport-noconfig.cmake
-- Up-to-date: /home/hiwonder/capstone_ws/src/Jetson-Ros2-Packages/install/jetmax_msgs/share/jetmax_msgs/cmake/jetmax_msgs__rosidl_generator_cppExport.cmake
-- Up-to-date: /home/hiwonder/capstone_ws/src/Jetson-Ros2-Packages/install/jetmax_msgs/share/jetmax_msgs/cmake/jetmax_msgs__rosidl_typesupport_introspection_cppExport.cmake
-- Up-to-date: /home/hiwonder/capstone_ws/src/Jetson-Ros2-Packages/install/jetmax_msgs/share/jetmax_msgs/cmake/jetmax_msgs__rosidl_typesupport_introspection_cppExport-noconfig.cmake
-- Up-to-date: /home/hiwonder/capstone_ws/src/Jetson-Ros2-Packages/install/jetmax_msgs/share/jetmax_msgs/cmake/jetmax_msgs__rosidl_typesupport_cppExport.cmake
-- Up-to-date: /home/hiwonder/capstone_ws/src/Jetson-Ros2-Packages/install/jetmax_msgs/share/jetmax_msgs/cmake/jetmax_msgs__rosidl_typesupport_cppExport-noconfig.cmake
-- Up-to-date: /home/hiwonder/capstone_ws/src/Jetson-Ros2-Packages/install/jetmax_msgs/share/jetmax_msgs/cmake/rosidl_cmake-extras.cmake
-- Up-to-date: /home/hiwonder/capstone_ws/src/Jetson-Ros2-Packages/install/jetmax_msgs/share/jetmax_msgs/cmake/ament_cmake_export_dependencies-extras.cmake
-- Up-to-date: /home/hiwonder/capstone_ws/src/Jetson-Ros2-Packages/install/jetmax_msgs/share/jetmax_msgs/cmake/ament_cmake_export_libraries-extras.cmake
-- Up-to-date: /home/hiwonder/capstone_ws/src/Jetson-Ros2-Packages/install/jetmax_msgs/share/jetmax_msgs/cmake/ament_cmake_export_targets-extras.cmake
-- Up-to-date: /home/hiwonder/capstone_ws/src/Jetson-Ros2-Packages/install/jetmax_msgs/share/jetmax_msgs/cmake/ament_cmake_export_include_directories-extras.cmake
-- Up-to-date: /home/hiwonder/capstone_ws/src/Jetson-Ros2-Packages/install/jetmax_msgs/share/jetmax_msgs/cmake/rosidl_cmake_export_typesupport_libraries-extras.cmake
-- Up-to-date: /home/hiwonder/capstone_ws/src/Jetson-Ros2-Packages/install/jetmax_msgs/share/jetmax_msgs/cmake/rosidl_cmake_export_typesupport_targets-extras.cmake
-- Up-to-date: /home/hiwonder/capstone_ws/src/Jetson-Ros2-Packages/install/jetmax_msgs/share/jetmax_msgs/cmake/jetmax_msgsConfig.cmake
-- Up-to-date: /home/hiwonder/capstone_ws/src/Jetson-Ros2-Packages/install/jetmax_msgs/share/jetmax_msgs/cmake/jetmax_msgsConfig-version.cmake
-- Up-to-date: /home/hiwonder/capstone_ws/src/Jetson-Ros2-Packages/install/jetmax_msgs/share/jetmax_msgs/package.xml
