[0.087s] Invoking command in '/home/hiwonder/capstone_ws/src/Jetson-Ros2-Packages/build/jetmax_msgs': CMAKE_PREFIX_PATH=${CMAKE_PREFIX_PATH}:/home/hiwonder/capstone_ws/install/jetmax_control:/opt/ros/foxy /usr/local/bin/cmake --build /home/hiwonder/capstone_ws/src/Jetson-Ros2-Packages/build/jetmax_msgs -- -j4 -l4
[0.362s] [  2%] Built target jetmax_msgs__cpp
[0.378s] [ 12%] Built target jetmax_msgs__rosidl_generator_c
[0.427s] [ 23%] Built target jetmax_msgs__rosidl_typesupport_introspection_c
[0.440s] [ 43%] Built target jetmax_msgs__rosidl_typesupport_fastrtps_cpp
[0.441s] [ 43%] Built target jetmax_msgs__rosidl_typesupport_cpp
[0.444s] [ 53%] Built target jetmax_msgs__rosidl_typesupport_introspection_cpp
[0.473s] [ 64%] Built target jetmax_msgs__rosidl_typesupport_c
[0.496s] [ 74%] Built target jetmax_msgs__rosidl_typesupport_fastrtps_c
[0.533s] [ 74%] Built target jetmax_msgs
[0.572s] [ 76%] Built target jetmax_msgs__py
[0.630s] [ 84%] Built target jetmax_msgs__python
[0.680s] [100%] Built target jetmax_msgs__rosidl_typesupport_introspection_c__pyext
[0.681s] [100%] Built target jetmax_msgs__rosidl_typesupport_c__pyext
[0.681s] [100%] Built target jetmax_msgs__rosidl_typesupport_fastrtps_c__pyext
[0.698s] Invoked command in '/home/hiwonder/capstone_ws/src/Jetson-Ros2-Packages/build/jetmax_msgs' returned '0': CMAKE_PREFIX_PATH=${CMAKE_PREFIX_PATH}:/home/hiwonder/capstone_ws/install/jetmax_control:/opt/ros/foxy /usr/local/bin/cmake --build /home/hiwonder/capstone_ws/src/Jetson-Ros2-Packages/build/jetmax_msgs -- -j4 -l4
[0.909s] Invoking command in '/home/hiwonder/capstone_ws/src/Jetson-Ros2-Packages/build/jetmax_msgs': CMAKE_PREFIX_PATH=${CMAKE_PREFIX_PATH}:/home/hiwonder/capstone_ws/install/jetmax_control:/opt/ros/foxy /usr/local/bin/cmake --install /home/hiwonder/capstone_ws/src/Jetson-Ros2-Packages/build/jetmax_msgs
[0.927s] -- Install configuration: ""
[0.928s] -- Up-to-date: /home/hiwonder/capstone_ws/src/Jetson-Ros2-Packages/install/jetmax_msgs/share/ament_index/resource_index/rosidl_interfaces/jetmax_msgs
[0.928s] -- Up-to-date: /home/hiwonder/capstone_ws/src/Jetson-Ros2-Packages/install/jetmax_msgs/include/jetmax_msgs
[0.929s] -- Up-to-date: /home/hiwonder/capstone_ws/src/Jetson-Ros2-Packages/install/jetmax_msgs/include/jetmax_msgs/msg
[0.929s] -- Up-to-date: /home/hiwonder/capstone_ws/src/Jetson-Ros2-Packages/install/jetmax_msgs/include/jetmax_msgs/msg/detail
[0.929s] -- Up-to-date: /home/hiwonder/capstone_ws/src/Jetson-Ros2-Packages/install/jetmax_msgs/include/jetmax_msgs/msg/detail/set_motion__functions.c
[0.930s] -- Up-to-date: /home/hiwonder/capstone_ws/src/Jetson-Ros2-Packages/install/jetmax_msgs/include/jetmax_msgs/msg/detail/position__functions.h
[0.930s] -- Up-to-date: /home/hiwonder/capstone_ws/src/Jetson-Ros2-Packages/install/jetmax_msgs/include/jetmax_msgs/msg/detail/position__functions.c
[0.931s] -- Up-to-date: /home/hiwonder/capstone_ws/src/Jetson-Ros2-Packages/install/jetmax_msgs/include/jetmax_msgs/msg/detail/set_motion__type_support.h
[0.931s] -- Up-to-date: /home/hiwonder/capstone_ws/src/Jetson-Ros2-Packages/install/jetmax_msgs/include/jetmax_msgs/msg/detail/position__struct.h
[0.932s] -- Up-to-date: /home/hiwonder/capstone_ws/src/Jetson-Ros2-Packages/install/jetmax_msgs/include/jetmax_msgs/msg/detail/set_motion__struct.h
[0.932s] -- Up-to-date: /home/hiwonder/capstone_ws/src/Jetson-Ros2-Packages/install/jetmax_msgs/include/jetmax_msgs/msg/detail/set_motion__functions.h
[0.933s] -- Up-to-date: /home/hiwonder/capstone_ws/src/Jetson-Ros2-Packages/install/jetmax_msgs/include/jetmax_msgs/msg/detail/position__type_support.h
[0.933s] -- Up-to-date: /home/hiwonder/capstone_ws/src/Jetson-Ros2-Packages/install/jetmax_msgs/include/jetmax_msgs/msg/position.h
[0.934s] -- Up-to-date: /home/hiwonder/capstone_ws/src/Jetson-Ros2-Packages/install/jetmax_msgs/include/jetmax_msgs/msg/rosidl_generator_c__visibility_control.h
[0.934s] -- Up-to-date: /home/hiwonder/capstone_ws/src/Jetson-Ros2-Packages/install/jetmax_msgs/include/jetmax_msgs/msg/set_motion.h
[0.935s] -- Up-to-date: /home/hiwonder/capstone_ws/src/Jetson-Ros2-Packages/install/jetmax_msgs/share/jetmax_msgs/environment/library_path.sh
[0.935s] -- Up-to-date: /home/hiwonder/capstone_ws/src/Jetson-Ros2-Packages/install/jetmax_msgs/share/jetmax_msgs/environment/library_path.dsv
[0.936s] -- Up-to-date: /home/hiwonder/capstone_ws/src/Jetson-Ros2-Packages/install/jetmax_msgs/lib/libjetmax_msgs__rosidl_generator_c.so
[0.936s] -- Up-to-date: /home/hiwonder/capstone_ws/src/Jetson-Ros2-Packages/install/jetmax_msgs/include/jetmax_msgs
[0.936s] -- Up-to-date: /home/hiwonder/capstone_ws/src/Jetson-Ros2-Packages/install/jetmax_msgs/include/jetmax_msgs/msg
[0.937s] -- Up-to-date: /home/hiwonder/capstone_ws/src/Jetson-Ros2-Packages/install/jetmax_msgs/include/jetmax_msgs/msg/detail
[0.937s] -- Up-to-date: /home/hiwonder/capstone_ws/src/Jetson-Ros2-Packages/install/jetmax_msgs/include/jetmax_msgs/msg/detail/position__rosidl_typesupport_fastrtps_c.h
[0.938s] -- Up-to-date: /home/hiwonder/capstone_ws/src/Jetson-Ros2-Packages/install/jetmax_msgs/include/jetmax_msgs/msg/detail/set_motion__rosidl_typesupport_fastrtps_c.h
[0.938s] -- Up-to-date: /home/hiwonder/capstone_ws/src/Jetson-Ros2-Packages/install/jetmax_msgs/include/jetmax_msgs/msg/rosidl_typesupport_fastrtps_c__visibility_control.h
[0.939s] -- Up-to-date: /home/hiwonder/capstone_ws/src/Jetson-Ros2-Packages/install/jetmax_msgs/lib/libjetmax_msgs__rosidl_typesupport_fastrtps_c.so
[0.939s] -- Up-to-date: /home/hiwonder/capstone_ws/src/Jetson-Ros2-Packages/install/jetmax_msgs/include/jetmax_msgs
[0.940s] -- Up-to-date: /home/hiwonder/capstone_ws/src/Jetson-Ros2-Packages/install/jetmax_msgs/include/jetmax_msgs/msg
[0.940s] -- Up-to-date: /home/hiwonder/capstone_ws/src/Jetson-Ros2-Packages/install/jetmax_msgs/include/jetmax_msgs/msg/detail
[0.941s] -- Up-to-date: /home/hiwonder/capstone_ws/src/Jetson-Ros2-Packages/install/jetmax_msgs/include/jetmax_msgs/msg/detail/position__rosidl_typesupport_fastrtps_cpp.hpp
[0.941s] -- Up-to-date: /home/hiwonder/capstone_ws/src/Jetson-Ros2-Packages/install/jetmax_msgs/include/jetmax_msgs/msg/detail/set_motion__rosidl_typesupport_fastrtps_cpp.hpp
[0.942s] -- Up-to-date: /home/hiwonder/capstone_ws/src/Jetson-Ros2-Packages/install/jetmax_msgs/include/jetmax_msgs/msg/detail/dds_fastrtps
[0.942s] -- Up-to-date: /home/hiwonder/capstone_ws/src/Jetson-Ros2-Packages/install/jetmax_msgs/include/jetmax_msgs/msg/rosidl_typesupport_fastrtps_cpp__visibility_control.h
[0.943s] -- Up-to-date: /home/hiwonder/capstone_ws/src/Jetson-Ros2-Packages/install/jetmax_msgs/lib/libjetmax_msgs__rosidl_typesupport_fastrtps_cpp.so
[0.943s] -- Up-to-date: /home/hiwonder/capstone_ws/src/Jetson-Ros2-Packages/install/jetmax_msgs/include/jetmax_msgs
[0.944s] -- Up-to-date: /home/hiwonder/capstone_ws/src/Jetson-Ros2-Packages/install/jetmax_msgs/include/jetmax_msgs/msg
[0.944s] -- Up-to-date: /home/hiwonder/capstone_ws/src/Jetson-Ros2-Packages/install/jetmax_msgs/include/jetmax_msgs/msg/detail
[0.945s] -- Up-to-date: /home/hiwonder/capstone_ws/src/Jetson-Ros2-Packages/install/jetmax_msgs/include/jetmax_msgs/msg/detail/set_motion__rosidl_typesupport_introspection_c.h
[0.946s] -- Up-to-date: /home/hiwonder/capstone_ws/src/Jetson-Ros2-Packages/install/jetmax_msgs/include/jetmax_msgs/msg/detail/set_motion__type_support.c
[0.946s] -- Up-to-date: /home/hiwonder/capstone_ws/src/Jetson-Ros2-Packages/install/jetmax_msgs/include/jetmax_msgs/msg/detail/position__type_support.c
[0.946s] -- Up-to-date: /home/hiwonder/capstone_ws/src/Jetson-Ros2-Packages/install/jetmax_msgs/include/jetmax_msgs/msg/detail/position__rosidl_typesupport_introspection_c.h
[0.947s] -- Up-to-date: /home/hiwonder/capstone_ws/src/Jetson-Ros2-Packages/install/jetmax_msgs/include/jetmax_msgs/msg/rosidl_typesupport_introspection_c__visibility_control.h
[0.947s] -- Up-to-date: /home/hiwonder/capstone_ws/src/Jetson-Ros2-Packages/install/jetmax_msgs/lib/libjetmax_msgs__rosidl_typesupport_introspection_c.so
[0.947s] -- Up-to-date: /home/hiwonder/capstone_ws/src/Jetson-Ros2-Packages/install/jetmax_msgs/lib/libjetmax_msgs__rosidl_typesupport_c.so
[0.948s] -- Up-to-date: /home/hiwonder/capstone_ws/src/Jetson-Ros2-Packages/install/jetmax_msgs/include/jetmax_msgs
[0.948s] -- Up-to-date: /home/hiwonder/capstone_ws/src/Jetson-Ros2-Packages/install/jetmax_msgs/include/jetmax_msgs/msg
[0.948s] -- Up-to-date: /home/hiwonder/capstone_ws/src/Jetson-Ros2-Packages/install/jetmax_msgs/include/jetmax_msgs/msg/detail
[0.949s] -- Up-to-date: /home/hiwonder/capstone_ws/src/Jetson-Ros2-Packages/install/jetmax_msgs/include/jetmax_msgs/msg/detail/set_motion__builder.hpp
[0.949s] -- Up-to-date: /home/hiwonder/capstone_ws/src/Jetson-Ros2-Packages/install/jetmax_msgs/include/jetmax_msgs/msg/detail/position__builder.hpp
[0.950s] -- Up-to-date: /home/hiwonder/capstone_ws/src/Jetson-Ros2-Packages/install/jetmax_msgs/include/jetmax_msgs/msg/detail/set_motion__traits.hpp
[0.950s] -- Up-to-date: /home/hiwonder/capstone_ws/src/Jetson-Ros2-Packages/install/jetmax_msgs/include/jetmax_msgs/msg/detail/position__traits.hpp
[0.951s] -- Up-to-date: /home/hiwonder/capstone_ws/src/Jetson-Ros2-Packages/install/jetmax_msgs/include/jetmax_msgs/msg/detail/position__struct.hpp
[0.951s] -- Up-to-date: /home/hiwonder/capstone_ws/src/Jetson-Ros2-Packages/install/jetmax_msgs/include/jetmax_msgs/msg/detail/set_motion__struct.hpp
[0.951s] -- Up-to-date: /home/hiwonder/capstone_ws/src/Jetson-Ros2-Packages/install/jetmax_msgs/include/jetmax_msgs/msg/position.hpp
[0.952s] -- Up-to-date: /home/hiwonder/capstone_ws/src/Jetson-Ros2-Packages/install/jetmax_msgs/include/jetmax_msgs/msg/set_motion.hpp
[0.952s] -- Up-to-date: /home/hiwonder/capstone_ws/src/Jetson-Ros2-Packages/install/jetmax_msgs/include/jetmax_msgs
[0.952s] -- Up-to-date: /home/hiwonder/capstone_ws/src/Jetson-Ros2-Packages/install/jetmax_msgs/include/jetmax_msgs/msg
[0.953s] -- Up-to-date: /home/hiwonder/capstone_ws/src/Jetson-Ros2-Packages/install/jetmax_msgs/include/jetmax_msgs/msg/detail
[0.953s] -- Up-to-date: /home/hiwonder/capstone_ws/src/Jetson-Ros2-Packages/install/jetmax_msgs/include/jetmax_msgs/msg/detail/set_motion__type_support.cpp
[0.954s] -- Up-to-date: /home/hiwonder/capstone_ws/src/Jetson-Ros2-Packages/install/jetmax_msgs/include/jetmax_msgs/msg/detail/position__rosidl_typesupport_introspection_cpp.hpp
[0.954s] -- Up-to-date: /home/hiwonder/capstone_ws/src/Jetson-Ros2-Packages/install/jetmax_msgs/include/jetmax_msgs/msg/detail/position__type_support.cpp
[0.954s] -- Up-to-date: /home/hiwonder/capstone_ws/src/Jetson-Ros2-Packages/install/jetmax_msgs/include/jetmax_msgs/msg/detail/set_motion__rosidl_typesupport_introspection_cpp.hpp
[0.955s] -- Up-to-date: /home/hiwonder/capstone_ws/src/Jetson-Ros2-Packages/install/jetmax_msgs/lib/libjetmax_msgs__rosidl_typesupport_introspection_cpp.so
[0.955s] -- Up-to-date: /home/hiwonder/capstone_ws/src/Jetson-Ros2-Packages/install/jetmax_msgs/lib/libjetmax_msgs__rosidl_typesupport_cpp.so
[0.956s] -- Up-to-date: /home/hiwonder/capstone_ws/src/Jetson-Ros2-Packages/install/jetmax_msgs/share/jetmax_msgs/environment/pythonpath.sh
[0.956s] -- Up-to-date: /home/hiwonder/capstone_ws/src/Jetson-Ros2-Packages/install/jetmax_msgs/share/jetmax_msgs/environment/pythonpath.dsv
[0.956s] -- Up-to-date: /home/hiwonder/capstone_ws/src/Jetson-Ros2-Packages/install/jetmax_msgs/lib/python3.8/site-packages/jetmax_msgs/__init__.py
[1.091s] -- Up-to-date: /home/hiwonder/capstone_ws/src/Jetson-Ros2-Packages/install/jetmax_msgs/lib/python3.8/site-packages/jetmax_msgs/msg
[1.092s] -- Up-to-date: /home/hiwonder/capstone_ws/src/Jetson-Ros2-Packages/install/jetmax_msgs/lib/python3.8/site-packages/jetmax_msgs/msg/_position.py
[1.092s] -- Up-to-date: /home/hiwonder/capstone_ws/src/Jetson-Ros2-Packages/install/jetmax_msgs/lib/python3.8/site-packages/jetmax_msgs/msg/_position_s.c
[1.093s] -- Up-to-date: /home/hiwonder/capstone_ws/src/Jetson-Ros2-Packages/install/jetmax_msgs/lib/python3.8/site-packages/jetmax_msgs/msg/_set_motion.py
[1.093s] -- Up-to-date: /home/hiwonder/capstone_ws/src/Jetson-Ros2-Packages/install/jetmax_msgs/lib/python3.8/site-packages/jetmax_msgs/msg/__init__.py
[1.094s] -- Up-to-date: /home/hiwonder/capstone_ws/src/Jetson-Ros2-Packages/install/jetmax_msgs/lib/python3.8/site-packages/jetmax_msgs/msg/_set_motion_s.c
[1.096s] -- Up-to-date: /home/hiwonder/capstone_ws/src/Jetson-Ros2-Packages/install/jetmax_msgs/lib/python3.8/site-packages/jetmax_msgs/jetmax_msgs_s__rosidl_typesupport_fastrtps_c.cpython-38-aarch64-linux-gnu.so
[1.098s] -- Up-to-date: /home/hiwonder/capstone_ws/src/Jetson-Ros2-Packages/install/jetmax_msgs/lib/python3.8/site-packages/jetmax_msgs/jetmax_msgs_s__rosidl_typesupport_introspection_c.cpython-38-aarch64-linux-gnu.so
[1.100s] -- Up-to-date: /home/hiwonder/capstone_ws/src/Jetson-Ros2-Packages/install/jetmax_msgs/lib/python3.8/site-packages/jetmax_msgs/jetmax_msgs_s__rosidl_typesupport_c.cpython-38-aarch64-linux-gnu.so
[1.102s] -- Up-to-date: /home/hiwonder/capstone_ws/src/Jetson-Ros2-Packages/install/jetmax_msgs/lib/libjetmax_msgs__python.so
[1.102s] -- Up-to-date: /home/hiwonder/capstone_ws/src/Jetson-Ros2-Packages/install/jetmax_msgs/share/jetmax_msgs/msg/SetMotion.idl
[1.103s] -- Up-to-date: /home/hiwonder/capstone_ws/src/Jetson-Ros2-Packages/install/jetmax_msgs/share/jetmax_msgs/msg/Position.idl
[1.103s] -- Up-to-date: /home/hiwonder/capstone_ws/src/Jetson-Ros2-Packages/install/jetmax_msgs/share/jetmax_msgs/msg/SetMotion.msg
[1.104s] -- Up-to-date: /home/hiwonder/capstone_ws/src/Jetson-Ros2-Packages/install/jetmax_msgs/share/jetmax_msgs/msg/Position.msg
[1.104s] -- Up-to-date: /home/hiwonder/capstone_ws/src/Jetson-Ros2-Packages/install/jetmax_msgs/share/ament_index/resource_index/package_run_dependencies/jetmax_msgs
[1.104s] -- Up-to-date: /home/hiwonder/capstone_ws/src/Jetson-Ros2-Packages/install/jetmax_msgs/share/ament_index/resource_index/parent_prefix_path/jetmax_msgs
[1.105s] -- Up-to-date: /home/hiwonder/capstone_ws/src/Jetson-Ros2-Packages/install/jetmax_msgs/share/jetmax_msgs/environment/ament_prefix_path.sh
[1.105s] -- Up-to-date: /home/hiwonder/capstone_ws/src/Jetson-Ros2-Packages/install/jetmax_msgs/share/jetmax_msgs/environment/ament_prefix_path.dsv
[1.106s] -- Up-to-date: /home/hiwonder/capstone_ws/src/Jetson-Ros2-Packages/install/jetmax_msgs/share/jetmax_msgs/environment/path.sh
[1.106s] -- Up-to-date: /home/hiwonder/capstone_ws/src/Jetson-Ros2-Packages/install/jetmax_msgs/share/jetmax_msgs/environment/path.dsv
[1.107s] -- Up-to-date: /home/hiwonder/capstone_ws/src/Jetson-Ros2-Packages/install/jetmax_msgs/share/jetmax_msgs/local_setup.bash
[1.107s] -- Up-to-date: /home/hiwonder/capstone_ws/src/Jetson-Ros2-Packages/install/jetmax_msgs/share/jetmax_msgs/local_setup.sh
[1.107s] -- Up-to-date: /home/hiwonder/capstone_ws/src/Jetson-Ros2-Packages/install/jetmax_msgs/share/jetmax_msgs/local_setup.zsh
[1.108s] -- Up-to-date: /home/hiwonder/capstone_ws/src/Jetson-Ros2-Packages/install/jetmax_msgs/share/jetmax_msgs/local_setup.dsv
[1.108s] -- Installing: /home/hiwonder/capstone_ws/src/Jetson-Ros2-Packages/install/jetmax_msgs/share/jetmax_msgs/package.dsv
[1.109s] -- Up-to-date: /home/hiwonder/capstone_ws/src/Jetson-Ros2-Packages/install/jetmax_msgs/share/ament_index/resource_index/packages/jetmax_msgs
[1.109s] -- Up-to-date: /home/hiwonder/capstone_ws/src/Jetson-Ros2-Packages/install/jetmax_msgs/share/jetmax_msgs/cmake/jetmax_msgs__rosidl_generator_cExport.cmake
[1.109s] -- Up-to-date: /home/hiwonder/capstone_ws/src/Jetson-Ros2-Packages/install/jetmax_msgs/share/jetmax_msgs/cmake/jetmax_msgs__rosidl_generator_cExport-noconfig.cmake
[1.110s] -- Up-to-date: /home/hiwonder/capstone_ws/src/Jetson-Ros2-Packages/install/jetmax_msgs/share/jetmax_msgs/cmake/jetmax_msgs__rosidl_typesupport_introspection_cExport.cmake
[1.110s] -- Up-to-date: /home/hiwonder/capstone_ws/src/Jetson-Ros2-Packages/install/jetmax_msgs/share/jetmax_msgs/cmake/jetmax_msgs__rosidl_typesupport_introspection_cExport-noconfig.cmake
[1.112s] -- Up-to-date: /home/hiwonder/capstone_ws/src/Jetson-Ros2-Packages/install/jetmax_msgs/share/jetmax_msgs/cmake/jetmax_msgs__rosidl_typesupport_cExport.cmake
[1.113s] -- Up-to-date: /home/hiwonder/capstone_ws/src/Jetson-Ros2-Packages/install/jetmax_msgs/share/jetmax_msgs/cmake/jetmax_msgs__rosidl_typesupport_cExport-noconfig.cmake
[1.114s] -- Up-to-date: /home/hiwonder/capstone_ws/src/Jetson-Ros2-Packages/install/jetmax_msgs/share/jetmax_msgs/cmake/jetmax_msgs__rosidl_generator_cppExport.cmake
[1.115s] -- Up-to-date: /home/hiwonder/capstone_ws/src/Jetson-Ros2-Packages/install/jetmax_msgs/share/jetmax_msgs/cmake/jetmax_msgs__rosidl_typesupport_introspection_cppExport.cmake
[1.115s] -- Up-to-date: /home/hiwonder/capstone_ws/src/Jetson-Ros2-Packages/install/jetmax_msgs/share/jetmax_msgs/cmake/jetmax_msgs__rosidl_typesupport_introspection_cppExport-noconfig.cmake
[1.117s] -- Up-to-date: /home/hiwonder/capstone_ws/src/Jetson-Ros2-Packages/install/jetmax_msgs/share/jetmax_msgs/cmake/jetmax_msgs__rosidl_typesupport_cppExport.cmake
[1.117s] -- Up-to-date: /home/hiwonder/capstone_ws/src/Jetson-Ros2-Packages/install/jetmax_msgs/share/jetmax_msgs/cmake/jetmax_msgs__rosidl_typesupport_cppExport-noconfig.cmake
[1.118s] -- Up-to-date: /home/hiwonder/capstone_ws/src/Jetson-Ros2-Packages/install/jetmax_msgs/share/jetmax_msgs/cmake/rosidl_cmake-extras.cmake
[1.118s] -- Up-to-date: /home/hiwonder/capstone_ws/src/Jetson-Ros2-Packages/install/jetmax_msgs/share/jetmax_msgs/cmake/ament_cmake_export_dependencies-extras.cmake
[1.119s] -- Up-to-date: /home/hiwonder/capstone_ws/src/Jetson-Ros2-Packages/install/jetmax_msgs/share/jetmax_msgs/cmake/ament_cmake_export_libraries-extras.cmake
[1.119s] -- Up-to-date: /home/hiwonder/capstone_ws/src/Jetson-Ros2-Packages/install/jetmax_msgs/share/jetmax_msgs/cmake/ament_cmake_export_targets-extras.cmake
[1.120s] -- Up-to-date: /home/hiwonder/capstone_ws/src/Jetson-Ros2-Packages/install/jetmax_msgs/share/jetmax_msgs/cmake/ament_cmake_export_include_directories-extras.cmake
[1.120s] -- Up-to-date: /home/hiwonder/capstone_ws/src/Jetson-Ros2-Packages/install/jetmax_msgs/share/jetmax_msgs/cmake/rosidl_cmake_export_typesupport_libraries-extras.cmake
[1.120s] -- Up-to-date: /home/hiwonder/capstone_ws/src/Jetson-Ros2-Packages/install/jetmax_msgs/share/jetmax_msgs/cmake/rosidl_cmake_export_typesupport_targets-extras.cmake
[1.121s] -- Up-to-date: /home/hiwonder/capstone_ws/src/Jetson-Ros2-Packages/install/jetmax_msgs/share/jetmax_msgs/cmake/jetmax_msgsConfig.cmake
[1.121s] -- Up-to-date: /home/hiwonder/capstone_ws/src/Jetson-Ros2-Packages/install/jetmax_msgs/share/jetmax_msgs/cmake/jetmax_msgsConfig-version.cmake
[1.122s] -- Up-to-date: /home/hiwonder/capstone_ws/src/Jetson-Ros2-Packages/install/jetmax_msgs/share/jetmax_msgs/package.xml
[1.126s] Invoked command in '/home/hiwonder/capstone_ws/src/Jetson-Ros2-Packages/build/jetmax_msgs' returned '0': CMAKE_PREFIX_PATH=${CMAKE_PREFIX_PATH}:/home/hiwonder/capstone_ws/install/jetmax_control:/opt/ros/foxy /usr/local/bin/cmake --install /home/hiwonder/capstone_ws/src/Jetson-Ros2-Packages/build/jetmax_msgs
