running egg_info
writing ../build/demo1/demo1.egg-info/PKG-INFO
writing dependency_links to ../build/demo1/demo1.egg-info/dependency_links.txt
writing entry points to ../build/demo1/demo1.egg-info/entry_points.txt
writing requirements to ../build/demo1/demo1.egg-info/requires.txt
writing top-level names to ../build/demo1/demo1.egg-info/top_level.txt
reading manifest file '../build/demo1/demo1.egg-info/SOURCES.txt'
writing manifest file '../build/demo1/demo1.egg-info/SOURCES.txt'
running build
running build_py
copying demo1/demo1_client.py -> /home/hiwonder/capstone_ws/src/Jetson-Ros2-Packages/build/demo1/build/lib/demo1
running install
running install_lib
copying /home/hiwonder/capstone_ws/src/Jetson-Ros2-Packages/build/demo1/build/lib/demo1/demo1_client.py -> /home/hiwonder/capstone_ws/src/Jetson-Ros2-Packages/install/demo1/lib/python3.8/site-packages/demo1
byte-compiling /home/hiwonder/capstone_ws/src/Jetson-Ros2-Packages/install/demo1/lib/python3.8/site-packages/demo1/demo1_client.py to demo1_client.cpython-38.pyc
running install_data
running install_egg_info
removing '/home/hiwonder/capstone_ws/src/Jetson-Ros2-Packages/install/demo1/lib/python3.8/site-packages/demo1-0.0.0-py3.8.egg-info' (and everything under it)
Copying ../build/demo1/demo1.egg-info to /home/hiwonder/capstone_ws/src/Jetson-Ros2-Packages/install/demo1/lib/python3.8/site-packages/demo1-0.0.0-py3.8.egg-info
running install_scripts
Installing client script to /home/hiwonder/capstone_ws/src/Jetson-Ros2-Packages/install/demo1/lib/demo1
Installing srv script to /home/hiwonder/capstone_ws/src/Jetson-Ros2-Packages/install/demo1/lib/demo1
writing list of installed files to '/home/hiwonder/capstone_ws/src/Jetson-Ros2-Packages/build/demo1/install.log'
