running egg_info
creating ../build/jetmax_control/jetmax_control.egg-info
writing ../build/jetmax_control/jetmax_control.egg-info/PKG-INFO
writing dependency_links to ../build/jetmax_control/jetmax_control.egg-info/dependency_links.txt
writing entry points to ../build/jetmax_control/jetmax_control.egg-info/entry_points.txt
writing requirements to ../build/jetmax_control/jetmax_control.egg-info/requires.txt
writing top-level names to ../build/jetmax_control/jetmax_control.egg-info/top_level.txt
writing manifest file '../build/jetmax_control/jetmax_control.egg-info/SOURCES.txt'
reading manifest file '../build/jetmax_control/jetmax_control.egg-info/SOURCES.txt'
writing manifest file '../build/jetmax_control/jetmax_control.egg-info/SOURCES.txt'
running build
running build_py
creating /home/hiwonder/capstone_ws/src/Jetson-Ros2-Packages/build/jetmax_control/build
creating /home/hiwonder/capstone_ws/src/Jetson-Ros2-Packages/build/jetmax_control/build/lib
creating /home/hiwonder/capstone_ws/src/Jetson-Ros2-Packages/build/jetmax_control/build/lib/jetmax_control
copying jetmax_control/demo1.py -> /home/hiwonder/capstone_ws/src/Jetson-Ros2-Packages/build/jetmax_control/build/lib/jetmax_control
copying jetmax_control/controller.py -> /home/hiwonder/capstone_ws/src/Jetson-Ros2-Packages/build/jetmax_control/build/lib/jetmax_control
copying jetmax_control/__init__.py -> /home/hiwonder/capstone_ws/src/Jetson-Ros2-Packages/build/jetmax_control/build/lib/jetmax_control
running install
running install_lib
creating /home/hiwonder/capstone_ws/src/Jetson-Ros2-Packages/install/jetmax_control/lib/python3.8/site-packages/jetmax_control
copying /home/hiwonder/capstone_ws/src/Jetson-Ros2-Packages/build/jetmax_control/build/lib/jetmax_control/demo1.py -> /home/hiwonder/capstone_ws/src/Jetson-Ros2-Packages/install/jetmax_control/lib/python3.8/site-packages/jetmax_control
copying /home/hiwonder/capstone_ws/src/Jetson-Ros2-Packages/build/jetmax_control/build/lib/jetmax_control/controller.py -> /home/hiwonder/capstone_ws/src/Jetson-Ros2-Packages/install/jetmax_control/lib/python3.8/site-packages/jetmax_control
copying /home/hiwonder/capstone_ws/src/Jetson-Ros2-Packages/build/jetmax_control/build/lib/jetmax_control/__init__.py -> /home/hiwonder/capstone_ws/src/Jetson-Ros2-Packages/install/jetmax_control/lib/python3.8/site-packages/jetmax_control
byte-compiling /home/hiwonder/capstone_ws/src/Jetson-Ros2-Packages/install/jetmax_control/lib/python3.8/site-packages/jetmax_control/demo1.py to demo1.cpython-38.pyc
byte-compiling /home/hiwonder/capstone_ws/src/Jetson-Ros2-Packages/install/jetmax_control/lib/python3.8/site-packages/jetmax_control/controller.py to controller.cpython-38.pyc
byte-compiling /home/hiwonder/capstone_ws/src/Jetson-Ros2-Packages/install/jetmax_control/lib/python3.8/site-packages/jetmax_control/__init__.py to __init__.cpython-38.pyc
running install_data
creating /home/hiwonder/capstone_ws/src/Jetson-Ros2-Packages/install/jetmax_control/share/ament_index
creating /home/hiwonder/capstone_ws/src/Jetson-Ros2-Packages/install/jetmax_control/share/ament_index/resource_index
creating /home/hiwonder/capstone_ws/src/Jetson-Ros2-Packages/install/jetmax_control/share/ament_index/resource_index/packages
copying resource/jetmax_control -> /home/hiwonder/capstone_ws/src/Jetson-Ros2-Packages/install/jetmax_control/share/ament_index/resource_index/packages
copying package.xml -> /home/hiwonder/capstone_ws/src/Jetson-Ros2-Packages/install/jetmax_control/share/jetmax_control
running install_egg_info
Copying ../build/jetmax_control/jetmax_control.egg-info to /home/hiwonder/capstone_ws/src/Jetson-Ros2-Packages/install/jetmax_control/lib/python3.8/site-packages/jetmax_control-0.0.0-py3.8.egg-info
running install_scripts
Installing controller script to /home/hiwonder/capstone_ws/src/Jetson-Ros2-Packages/install/jetmax_control/lib/jetmax_control
writing list of installed files to '/home/hiwonder/capstone_ws/src/Jetson-Ros2-Packages/build/jetmax_control/install.log'
