[1.562s] DEBUG:colcon:Command line arguments: ['/usr/bin/colcon', 'build']
[1.563s] DEBUG:colcon:Parsed command line arguments: Namespace(allow_overriding=[], ament_cmake_args=None, base_paths=['.'], build_base='build', catkin_cmake_args=None, catkin_skip_building_tests=False, cmake_args=None, cmake_clean_cache=False, cmake_clean_first=False, cmake_force_configure=False, cmake_target=None, cmake_target_skip_unavailable=False, continue_on_error=False, event_handlers=None, executor='parallel', ignore_user_meta=False, install_base='install', log_base=None, log_level=None, main=<bound method BuildVerb.main of <colcon_core.verb.build.BuildVerb object at 0x7f92bf2e50>>, merge_install=False, metas=['./colcon.meta'], packages_above=None, packages_above_and_dependencies=None, packages_above_depth=None, packages_end=None, packages_ignore=None, packages_ignore_regex=None, packages_select=None, packages_select_build_failed=False, packages_select_by_dep=None, packages_select_regex=None, packages_select_test_failures=False, packages_skip=None, packages_skip_build_finished=False, packages_skip_by_dep=None, packages_skip_regex=None, packages_skip_test_passed=False, packages_skip_up_to=None, packages_start=None, packages_up_to=None, packages_up_to_regex=None, parallel_workers=4, paths=None, symlink_install=False, test_result_base=None, verb_extension=<colcon_core.verb.build.BuildVerb object at 0x7f92bf2e50>, verb_name='build', verb_parser=<colcon_defaults.argument_parser.defaults.DefaultArgumentsDecorator object at 0x7f92bfc400>)
[1.743s] Level 1:colcon.colcon_core.package_discovery:discover_packages(colcon_meta) check parameters
[1.743s] Level 1:colcon.colcon_core.package_discovery:discover_packages(recursive) check parameters
[1.743s] Level 1:colcon.colcon_core.package_discovery:discover_packages(ignore) check parameters
[1.743s] Level 1:colcon.colcon_core.package_discovery:discover_packages(path) check parameters
[1.744s] Level 1:colcon.colcon_core.package_discovery:discover_packages(colcon_meta) discover
[1.744s] Level 1:colcon.colcon_core.package_discovery:discover_packages(recursive) discover
[1.744s] INFO:colcon.colcon_core.package_discovery:Crawling recursively for packages in '/home/hiwonder/capstone_ws/src/Jetson-Ros2-Packages'
[1.745s] Level 1:colcon.colcon_core.package_identification:_identify(.) by extensions ['ignore', 'ignore_ament_install']
[1.745s] Level 1:colcon.colcon_core.package_identification:_identify(.) by extension 'ignore'
[1.745s] Level 1:colcon.colcon_core.package_identification:_identify(.) by extension 'ignore_ament_install'
[1.746s] Level 1:colcon.colcon_core.package_identification:_identify(.) by extensions ['colcon_pkg']
[1.746s] Level 1:colcon.colcon_core.package_identification:_identify(.) by extension 'colcon_pkg'
[1.746s] Level 1:colcon.colcon_core.package_identification:_identify(.) by extensions ['colcon_meta']
[1.746s] Level 1:colcon.colcon_core.package_identification:_identify(.) by extension 'colcon_meta'
[1.746s] Level 1:colcon.colcon_core.package_identification:_identify(.) by extensions ['ros']
[1.747s] Level 1:colcon.colcon_core.package_identification:_identify(.) by extension 'ros'
[1.851s] Level 1:colcon.colcon_core.package_identification:_identify(.) by extensions ['cmake', 'python']
[1.851s] Level 1:colcon.colcon_core.package_identification:_identify(.) by extension 'cmake'
[1.851s] Level 1:colcon.colcon_core.package_identification:_identify(.) by extension 'python'
[1.851s] Level 1:colcon.colcon_core.package_identification:_identify(.) by extensions ['python_setup_py']
[1.852s] Level 1:colcon.colcon_core.package_identification:_identify(.) by extension 'python_setup_py'
[1.852s] Level 1:colcon.colcon_core.package_identification:_identify(build) by extensions ['ignore', 'ignore_ament_install']
[1.852s] Level 1:colcon.colcon_core.package_identification:_identify(build) by extension 'ignore'
[1.853s] Level 1:colcon.colcon_core.package_identification:_identify(build) ignored
[1.853s] Level 1:colcon.colcon_core.package_identification:_identify(install) by extensions ['ignore', 'ignore_ament_install']
[1.854s] Level 1:colcon.colcon_core.package_identification:_identify(install) by extension 'ignore'
[1.854s] Level 1:colcon.colcon_core.package_identification:_identify(install) ignored
[1.854s] Level 1:colcon.colcon_core.package_identification:_identify(jetmax_control) by extensions ['ignore', 'ignore_ament_install']
[1.855s] Level 1:colcon.colcon_core.package_identification:_identify(jetmax_control) by extension 'ignore'
[1.855s] Level 1:colcon.colcon_core.package_identification:_identify(jetmax_control) by extension 'ignore_ament_install'
[1.855s] Level 1:colcon.colcon_core.package_identification:_identify(jetmax_control) by extensions ['colcon_pkg']
[1.856s] Level 1:colcon.colcon_core.package_identification:_identify(jetmax_control) by extension 'colcon_pkg'
[1.856s] Level 1:colcon.colcon_core.package_identification:_identify(jetmax_control) by extensions ['colcon_meta']
[1.856s] Level 1:colcon.colcon_core.package_identification:_identify(jetmax_control) by extension 'colcon_meta'
[1.856s] Level 1:colcon.colcon_core.package_identification:_identify(jetmax_control) by extensions ['ros']
[1.856s] Level 1:colcon.colcon_core.package_identification:_identify(jetmax_control) by extension 'ros'
[1.873s] DEBUG:colcon.colcon_core.package_identification:Package 'jetmax_control' with type 'ros.ament_python' and name 'jetmax_control'
[1.874s] Level 1:colcon.colcon_core.package_identification:_identify(jetmax_msgs) by extensions ['ignore', 'ignore_ament_install']
[1.874s] Level 1:colcon.colcon_core.package_identification:_identify(jetmax_msgs) by extension 'ignore'
[1.875s] Level 1:colcon.colcon_core.package_identification:_identify(jetmax_msgs) by extension 'ignore_ament_install'
[1.875s] Level 1:colcon.colcon_core.package_identification:_identify(jetmax_msgs) by extensions ['colcon_pkg']
[1.875s] Level 1:colcon.colcon_core.package_identification:_identify(jetmax_msgs) by extension 'colcon_pkg'
[1.875s] Level 1:colcon.colcon_core.package_identification:_identify(jetmax_msgs) by extensions ['colcon_meta']
[1.876s] Level 1:colcon.colcon_core.package_identification:_identify(jetmax_msgs) by extension 'colcon_meta'
[1.876s] Level 1:colcon.colcon_core.package_identification:_identify(jetmax_msgs) by extensions ['ros']
[1.876s] Level 1:colcon.colcon_core.package_identification:_identify(jetmax_msgs) by extension 'ros'
[1.879s] DEBUG:colcon.colcon_core.package_identification:Package 'jetmax_msgs' with type 'ros.ament_cmake' and name 'jetmax_msgs'
[1.880s] Level 1:colcon.colcon_core.package_identification:_identify(log) by extensions ['ignore', 'ignore_ament_install']
[1.880s] Level 1:colcon.colcon_core.package_identification:_identify(log) by extension 'ignore'
[1.881s] Level 1:colcon.colcon_core.package_identification:_identify(log) ignored
[1.881s] Level 1:colcon.colcon_core.package_discovery:discover_packages(recursive) using defaults
[1.881s] Level 1:colcon.colcon_core.package_discovery:discover_packages(ignore) discover
[1.881s] Level 1:colcon.colcon_core.package_discovery:discover_packages(ignore) using defaults
[1.882s] Level 1:colcon.colcon_core.package_discovery:discover_packages(path) discover
[1.882s] Level 1:colcon.colcon_core.package_discovery:discover_packages(path) using defaults
[2.001s] Level 1:colcon.colcon_core.package_discovery:discover_packages(prefix_path) check parameters
[2.001s] Level 1:colcon.colcon_core.package_discovery:discover_packages(prefix_path) discover
[2.019s] DEBUG:colcon.colcon_installed_package_information.package_discovery:Found 2 installed packages in /home/hiwonder/capstone_ws/install
[2.029s] DEBUG:colcon.colcon_installed_package_information.package_discovery:Found 256 installed packages in /opt/ros/foxy
[2.042s] Level 1:colcon.colcon_core.package_discovery:discover_packages(prefix_path) using defaults
[2.430s] Level 5:colcon.colcon_core.verb:set package 'jetmax_msgs' build argument 'cmake_args' from command line to 'None'
[2.430s] Level 5:colcon.colcon_core.verb:set package 'jetmax_msgs' build argument 'cmake_target' from command line to 'None'
[2.430s] Level 5:colcon.colcon_core.verb:set package 'jetmax_msgs' build argument 'cmake_target_skip_unavailable' from command line to 'False'
[2.430s] Level 5:colcon.colcon_core.verb:set package 'jetmax_msgs' build argument 'cmake_clean_cache' from command line to 'False'
[2.431s] Level 5:colcon.colcon_core.verb:set package 'jetmax_msgs' build argument 'cmake_clean_first' from command line to 'False'
[2.431s] Level 5:colcon.colcon_core.verb:set package 'jetmax_msgs' build argument 'cmake_force_configure' from command line to 'False'
[2.431s] Level 5:colcon.colcon_core.verb:set package 'jetmax_msgs' build argument 'ament_cmake_args' from command line to 'None'
[2.431s] Level 5:colcon.colcon_core.verb:set package 'jetmax_msgs' build argument 'catkin_cmake_args' from command line to 'None'
[2.431s] Level 5:colcon.colcon_core.verb:set package 'jetmax_msgs' build argument 'catkin_skip_building_tests' from command line to 'False'
[2.431s] DEBUG:colcon.colcon_core.verb:Building package 'jetmax_msgs' with the following arguments: {'ament_cmake_args': None, 'build_base': '/home/hiwonder/capstone_ws/src/Jetson-Ros2-Packages/build/jetmax_msgs', 'catkin_cmake_args': None, 'catkin_skip_building_tests': False, 'cmake_args': None, 'cmake_clean_cache': False, 'cmake_clean_first': False, 'cmake_force_configure': False, 'cmake_target': None, 'cmake_target_skip_unavailable': False, 'install_base': '/home/hiwonder/capstone_ws/src/Jetson-Ros2-Packages/install/jetmax_msgs', 'merge_install': False, 'path': '/home/hiwonder/capstone_ws/src/Jetson-Ros2-Packages/jetmax_msgs', 'symlink_install': False, 'test_result_base': None}
[2.437s] Level 5:colcon.colcon_core.verb:set package 'jetmax_control' build argument 'cmake_args' from command line to 'None'
[2.437s] Level 5:colcon.colcon_core.verb:set package 'jetmax_control' build argument 'cmake_target' from command line to 'None'
[2.437s] Level 5:colcon.colcon_core.verb:set package 'jetmax_control' build argument 'cmake_target_skip_unavailable' from command line to 'False'
[2.437s] Level 5:colcon.colcon_core.verb:set package 'jetmax_control' build argument 'cmake_clean_cache' from command line to 'False'
[2.438s] Level 5:colcon.colcon_core.verb:set package 'jetmax_control' build argument 'cmake_clean_first' from command line to 'False'
[2.438s] Level 5:colcon.colcon_core.verb:set package 'jetmax_control' build argument 'cmake_force_configure' from command line to 'False'
[2.438s] Level 5:colcon.colcon_core.verb:set package 'jetmax_control' build argument 'ament_cmake_args' from command line to 'None'
[2.438s] Level 5:colcon.colcon_core.verb:set package 'jetmax_control' build argument 'catkin_cmake_args' from command line to 'None'
[2.438s] Level 5:colcon.colcon_core.verb:set package 'jetmax_control' build argument 'catkin_skip_building_tests' from command line to 'False'
[2.438s] DEBUG:colcon.colcon_core.verb:Building package 'jetmax_control' with the following arguments: {'ament_cmake_args': None, 'build_base': '/home/hiwonder/capstone_ws/src/Jetson-Ros2-Packages/build/jetmax_control', 'catkin_cmake_args': None, 'catkin_skip_building_tests': False, 'cmake_args': None, 'cmake_clean_cache': False, 'cmake_clean_first': False, 'cmake_force_configure': False, 'cmake_target': None, 'cmake_target_skip_unavailable': False, 'install_base': '/home/hiwonder/capstone_ws/src/Jetson-Ros2-Packages/install/jetmax_control', 'merge_install': False, 'path': '/home/hiwonder/capstone_ws/src/Jetson-Ros2-Packages/jetmax_control', 'symlink_install': False, 'test_result_base': None}
[2.441s] INFO:colcon.colcon_core.executor:Executing jobs using 'parallel' executor
[2.458s] DEBUG:colcon.colcon_parallel_executor.executor.parallel:run_until_complete
[2.459s] INFO:colcon.colcon_ros.task.ament_cmake.build:Building ROS package in '/home/hiwonder/capstone_ws/src/Jetson-Ros2-Packages/jetmax_msgs' with build type 'ament_cmake'
[2.460s] INFO:colcon.colcon_cmake.task.cmake.build:Building CMake package in '/home/hiwonder/capstone_ws/src/Jetson-Ros2-Packages/jetmax_msgs'
[2.491s] INFO:colcon.colcon_core.plugin_system:Skipping extension 'colcon_core.shell.bat': Not used on non-Windows systems
[2.492s] INFO:colcon.colcon_core.shell:Skip shell extension 'powershell' for command environment: Not usable outside of PowerShell
[2.493s] DEBUG:colcon.colcon_core.shell:Skip shell extension 'dsv' for command environment
[2.548s] DEBUG:colcon.colcon_core.event_handler.log_command:Invoking command in '/home/hiwonder/capstone_ws/src/Jetson-Ros2-Packages/build/jetmax_msgs': CMAKE_PREFIX_PATH=${CMAKE_PREFIX_PATH}:/home/hiwonder/capstone_ws/install/jetmax_control:/opt/ros/foxy /usr/local/bin/cmake --build /home/hiwonder/capstone_ws/src/Jetson-Ros2-Packages/build/jetmax_msgs -- -j4 -l4
[3.159s] DEBUG:colcon.colcon_core.event_handler.log_command:Invoked command in '/home/hiwonder/capstone_ws/src/Jetson-Ros2-Packages/build/jetmax_msgs' returned '0': CMAKE_PREFIX_PATH=${CMAKE_PREFIX_PATH}:/home/hiwonder/capstone_ws/install/jetmax_control:/opt/ros/foxy /usr/local/bin/cmake --build /home/hiwonder/capstone_ws/src/Jetson-Ros2-Packages/build/jetmax_msgs -- -j4 -l4
[3.370s] DEBUG:colcon.colcon_core.event_handler.log_command:Invoking command in '/home/hiwonder/capstone_ws/src/Jetson-Ros2-Packages/build/jetmax_msgs': CMAKE_PREFIX_PATH=${CMAKE_PREFIX_PATH}:/home/hiwonder/capstone_ws/install/jetmax_control:/opt/ros/foxy /usr/local/bin/cmake --install /home/hiwonder/capstone_ws/src/Jetson-Ros2-Packages/build/jetmax_msgs
[3.584s] Level 1:colcon.colcon_core.environment:create_environment_scripts_only(jetmax_msgs)
[3.587s] DEBUG:colcon.colcon_core.event_handler.log_command:Invoked command in '/home/hiwonder/capstone_ws/src/Jetson-Ros2-Packages/build/jetmax_msgs' returned '0': CMAKE_PREFIX_PATH=${CMAKE_PREFIX_PATH}:/home/hiwonder/capstone_ws/install/jetmax_control:/opt/ros/foxy /usr/local/bin/cmake --install /home/hiwonder/capstone_ws/src/Jetson-Ros2-Packages/build/jetmax_msgs
[3.619s] Level 1:colcon.colcon_core.environment:checking '/home/hiwonder/capstone_ws/src/Jetson-Ros2-Packages/install/jetmax_msgs' for CMake module files
[3.622s] Level 1:colcon.colcon_core.environment:checking '/home/hiwonder/capstone_ws/src/Jetson-Ros2-Packages/install/jetmax_msgs' for CMake config files
[3.625s] Level 1:colcon.colcon_core.shell:create_environment_hook('jetmax_msgs', 'cmake_prefix_path')
[3.634s] INFO:colcon.colcon_core.shell:Creating environment hook '/home/hiwonder/capstone_ws/src/Jetson-Ros2-Packages/install/jetmax_msgs/share/jetmax_msgs/hook/cmake_prefix_path.ps1'
[3.641s] INFO:colcon.colcon_core.shell:Creating environment descriptor '/home/hiwonder/capstone_ws/src/Jetson-Ros2-Packages/install/jetmax_msgs/share/jetmax_msgs/hook/cmake_prefix_path.dsv'
[3.646s] INFO:colcon.colcon_core.shell:Creating environment hook '/home/hiwonder/capstone_ws/src/Jetson-Ros2-Packages/install/jetmax_msgs/share/jetmax_msgs/hook/cmake_prefix_path.sh'
[3.653s] Level 1:colcon.colcon_core.environment:checking '/home/hiwonder/capstone_ws/src/Jetson-Ros2-Packages/install/jetmax_msgs/lib'
[3.654s] Level 1:colcon.colcon_core.shell:create_environment_hook('jetmax_msgs', 'ld_library_path_lib')
[3.661s] INFO:colcon.colcon_core.shell:Creating environment hook '/home/hiwonder/capstone_ws/src/Jetson-Ros2-Packages/install/jetmax_msgs/share/jetmax_msgs/hook/ld_library_path_lib.ps1'
[3.662s] INFO:colcon.colcon_core.shell:Creating environment descriptor '/home/hiwonder/capstone_ws/src/Jetson-Ros2-Packages/install/jetmax_msgs/share/jetmax_msgs/hook/ld_library_path_lib.dsv'
[3.663s] INFO:colcon.colcon_core.shell:Creating environment hook '/home/hiwonder/capstone_ws/src/Jetson-Ros2-Packages/install/jetmax_msgs/share/jetmax_msgs/hook/ld_library_path_lib.sh'
[3.665s] Level 1:colcon.colcon_core.environment:checking '/home/hiwonder/capstone_ws/src/Jetson-Ros2-Packages/install/jetmax_msgs/bin'
[3.665s] Level 1:colcon.colcon_core.environment:checking '/home/hiwonder/capstone_ws/src/Jetson-Ros2-Packages/install/jetmax_msgs/lib/pkgconfig/jetmax_msgs.pc'
[3.666s] Level 1:colcon.colcon_core.environment:checking '/home/hiwonder/capstone_ws/src/Jetson-Ros2-Packages/install/jetmax_msgs/lib/python3.8/site-packages'
[3.666s] Level 1:colcon.colcon_core.shell:create_environment_hook('jetmax_msgs', 'pythonpath')
[3.673s] INFO:colcon.colcon_core.shell:Creating environment hook '/home/hiwonder/capstone_ws/src/Jetson-Ros2-Packages/install/jetmax_msgs/share/jetmax_msgs/hook/pythonpath.ps1'
[3.675s] INFO:colcon.colcon_core.shell:Creating environment descriptor '/home/hiwonder/capstone_ws/src/Jetson-Ros2-Packages/install/jetmax_msgs/share/jetmax_msgs/hook/pythonpath.dsv'
[3.676s] INFO:colcon.colcon_core.shell:Creating environment hook '/home/hiwonder/capstone_ws/src/Jetson-Ros2-Packages/install/jetmax_msgs/share/jetmax_msgs/hook/pythonpath.sh'
[3.678s] Level 1:colcon.colcon_core.environment:checking '/home/hiwonder/capstone_ws/src/Jetson-Ros2-Packages/install/jetmax_msgs/bin'
[3.686s] INFO:colcon.colcon_core.shell:Creating package script '/home/hiwonder/capstone_ws/src/Jetson-Ros2-Packages/install/jetmax_msgs/share/jetmax_msgs/package.ps1'
[3.690s] INFO:colcon.colcon_core.shell:Creating package descriptor '/home/hiwonder/capstone_ws/src/Jetson-Ros2-Packages/install/jetmax_msgs/share/jetmax_msgs/package.dsv'
[3.695s] INFO:colcon.colcon_core.shell:Creating package script '/home/hiwonder/capstone_ws/src/Jetson-Ros2-Packages/install/jetmax_msgs/share/jetmax_msgs/package.sh'
[3.709s] INFO:colcon.colcon_core.shell:Creating package script '/home/hiwonder/capstone_ws/src/Jetson-Ros2-Packages/install/jetmax_msgs/share/jetmax_msgs/package.bash'
[3.717s] INFO:colcon.colcon_core.shell:Creating package script '/home/hiwonder/capstone_ws/src/Jetson-Ros2-Packages/install/jetmax_msgs/share/jetmax_msgs/package.zsh'
[3.728s] Level 1:colcon.colcon_core.environment:create_file_with_runtime_dependencies(/home/hiwonder/capstone_ws/src/Jetson-Ros2-Packages/install/jetmax_msgs/share/colcon-core/packages/jetmax_msgs)
[3.920s] Level 1:colcon.colcon_core.environment:create_environment_scripts_only(jetmax_msgs)
[3.931s] Level 1:colcon.colcon_core.environment:checking '/home/hiwonder/capstone_ws/src/Jetson-Ros2-Packages/install/jetmax_msgs' for CMake module files
[3.934s] Level 1:colcon.colcon_core.environment:checking '/home/hiwonder/capstone_ws/src/Jetson-Ros2-Packages/install/jetmax_msgs' for CMake config files
[3.937s] Level 1:colcon.colcon_core.shell:create_environment_hook('jetmax_msgs', 'cmake_prefix_path')
[3.944s] INFO:colcon.colcon_core.shell:Creating environment hook '/home/hiwonder/capstone_ws/src/Jetson-Ros2-Packages/install/jetmax_msgs/share/jetmax_msgs/hook/cmake_prefix_path.ps1'
[3.946s] INFO:colcon.colcon_core.shell:Creating environment descriptor '/home/hiwonder/capstone_ws/src/Jetson-Ros2-Packages/install/jetmax_msgs/share/jetmax_msgs/hook/cmake_prefix_path.dsv'
[3.947s] INFO:colcon.colcon_core.shell:Creating environment hook '/home/hiwonder/capstone_ws/src/Jetson-Ros2-Packages/install/jetmax_msgs/share/jetmax_msgs/hook/cmake_prefix_path.sh'
[3.950s] Level 1:colcon.colcon_core.environment:checking '/home/hiwonder/capstone_ws/src/Jetson-Ros2-Packages/install/jetmax_msgs/lib'
[3.950s] Level 1:colcon.colcon_core.shell:create_environment_hook('jetmax_msgs', 'ld_library_path_lib')
[3.958s] INFO:colcon.colcon_core.shell:Creating environment hook '/home/hiwonder/capstone_ws/src/Jetson-Ros2-Packages/install/jetmax_msgs/share/jetmax_msgs/hook/ld_library_path_lib.ps1'
[3.959s] INFO:colcon.colcon_core.shell:Creating environment descriptor '/home/hiwonder/capstone_ws/src/Jetson-Ros2-Packages/install/jetmax_msgs/share/jetmax_msgs/hook/ld_library_path_lib.dsv'
[3.961s] INFO:colcon.colcon_core.shell:Creating environment hook '/home/hiwonder/capstone_ws/src/Jetson-Ros2-Packages/install/jetmax_msgs/share/jetmax_msgs/hook/ld_library_path_lib.sh'
[3.962s] Level 1:colcon.colcon_core.environment:checking '/home/hiwonder/capstone_ws/src/Jetson-Ros2-Packages/install/jetmax_msgs/bin'
[3.963s] Level 1:colcon.colcon_core.environment:checking '/home/hiwonder/capstone_ws/src/Jetson-Ros2-Packages/install/jetmax_msgs/lib/pkgconfig/jetmax_msgs.pc'
[3.964s] Level 1:colcon.colcon_core.environment:checking '/home/hiwonder/capstone_ws/src/Jetson-Ros2-Packages/install/jetmax_msgs/lib/python3.8/site-packages'
[3.964s] Level 1:colcon.colcon_core.shell:create_environment_hook('jetmax_msgs', 'pythonpath')
[3.971s] INFO:colcon.colcon_core.shell:Creating environment hook '/home/hiwonder/capstone_ws/src/Jetson-Ros2-Packages/install/jetmax_msgs/share/jetmax_msgs/hook/pythonpath.ps1'
[3.972s] INFO:colcon.colcon_core.shell:Creating environment descriptor '/home/hiwonder/capstone_ws/src/Jetson-Ros2-Packages/install/jetmax_msgs/share/jetmax_msgs/hook/pythonpath.dsv'
[3.973s] INFO:colcon.colcon_core.shell:Creating environment hook '/home/hiwonder/capstone_ws/src/Jetson-Ros2-Packages/install/jetmax_msgs/share/jetmax_msgs/hook/pythonpath.sh'
[3.975s] Level 1:colcon.colcon_core.environment:checking '/home/hiwonder/capstone_ws/src/Jetson-Ros2-Packages/install/jetmax_msgs/bin'
[3.983s] INFO:colcon.colcon_core.shell:Creating package script '/home/hiwonder/capstone_ws/src/Jetson-Ros2-Packages/install/jetmax_msgs/share/jetmax_msgs/package.ps1'
[3.986s] INFO:colcon.colcon_core.shell:Creating package descriptor '/home/hiwonder/capstone_ws/src/Jetson-Ros2-Packages/install/jetmax_msgs/share/jetmax_msgs/package.dsv'
[3.989s] INFO:colcon.colcon_core.shell:Creating package script '/home/hiwonder/capstone_ws/src/Jetson-Ros2-Packages/install/jetmax_msgs/share/jetmax_msgs/package.sh'
[3.991s] INFO:colcon.colcon_core.shell:Creating package script '/home/hiwonder/capstone_ws/src/Jetson-Ros2-Packages/install/jetmax_msgs/share/jetmax_msgs/package.bash'
[3.992s] INFO:colcon.colcon_core.shell:Creating package script '/home/hiwonder/capstone_ws/src/Jetson-Ros2-Packages/install/jetmax_msgs/share/jetmax_msgs/package.zsh'
[3.994s] Level 1:colcon.colcon_core.environment:create_file_with_runtime_dependencies(/home/hiwonder/capstone_ws/src/Jetson-Ros2-Packages/install/jetmax_msgs/share/colcon-core/packages/jetmax_msgs)
[3.996s] INFO:colcon.colcon_ros.task.ament_python.build:Building ROS package in '/home/hiwonder/capstone_ws/src/Jetson-Ros2-Packages/jetmax_control' with build type 'ament_python'
[3.996s] Level 1:colcon.colcon_core.shell:create_environment_hook('jetmax_control', 'ament_prefix_path')
[4.004s] INFO:colcon.colcon_core.shell:Creating environment hook '/home/hiwonder/capstone_ws/src/Jetson-Ros2-Packages/install/jetmax_control/share/jetmax_control/hook/ament_prefix_path.ps1'
[4.006s] INFO:colcon.colcon_core.shell:Creating environment descriptor '/home/hiwonder/capstone_ws/src/Jetson-Ros2-Packages/install/jetmax_control/share/jetmax_control/hook/ament_prefix_path.dsv'
[4.008s] INFO:colcon.colcon_core.shell:Creating environment hook '/home/hiwonder/capstone_ws/src/Jetson-Ros2-Packages/install/jetmax_control/share/jetmax_control/hook/ament_prefix_path.sh'
[4.017s] INFO:colcon.colcon_core.shell:Skip shell extension 'powershell' for command environment: Not usable outside of PowerShell
[4.017s] DEBUG:colcon.colcon_core.shell:Skip shell extension 'dsv' for command environment
[5.013s] INFO:colcon.colcon_core.task.python.build:Building Python package in '/home/hiwonder/capstone_ws/src/Jetson-Ros2-Packages/jetmax_control'
[5.020s] INFO:colcon.colcon_core.shell:Skip shell extension 'powershell' for command environment: Not usable outside of PowerShell
[5.021s] DEBUG:colcon.colcon_core.shell:Skip shell extension 'dsv' for command environment
[6.951s] DEBUG:colcon.colcon_core.event_handler.log_command:Invoking command in '/home/hiwonder/capstone_ws/src/Jetson-Ros2-Packages/jetmax_control': AMENT_PREFIX_PATH=/home/hiwonder/capstone_ws/src/Jetson-Ros2-Packages/install/jetmax_msgs:${AMENT_PREFIX_PATH} CMAKE_PREFIX_PATH=/home/hiwonder/capstone_ws/src/Jetson-Ros2-Packages/install/jetmax_msgs:${CMAKE_PREFIX_PATH} LD_LIBRARY_PATH=/home/hiwonder/capstone_ws/src/Jetson-Ros2-Packages/install/jetmax_msgs/lib:${LD_LIBRARY_PATH} PYTHONPATH=/home/hiwonder/capstone_ws/src/Jetson-Ros2-Packages/build/jetmax_control/prefix_override:/home/hiwonder/capstone_ws/src/Jetson-Ros2-Packages/install/jetmax_control/lib/python3.8/site-packages:/home/hiwonder/capstone_ws/src/Jetson-Ros2-Packages/install/jetmax_msgs/lib/python3.8/site-packages:${PYTHONPATH} /usr/bin/python3 setup.py egg_info --egg-base ../build/jetmax_control build --build-base /home/hiwonder/capstone_ws/src/Jetson-Ros2-Packages/build/jetmax_control/build install --record /home/hiwonder/capstone_ws/src/Jetson-Ros2-Packages/build/jetmax_control/install.log --install-scripts $base/lib/jetmax_control --single-version-externally-managed
[8.311s] Level 1:colcon.colcon_core.environment:checking '/home/hiwonder/capstone_ws/src/Jetson-Ros2-Packages/install/jetmax_control' for CMake module files
[8.313s] DEBUG:colcon.colcon_core.event_handler.log_command:Invoked command in '/home/hiwonder/capstone_ws/src/Jetson-Ros2-Packages/jetmax_control' returned '0': AMENT_PREFIX_PATH=/home/hiwonder/capstone_ws/src/Jetson-Ros2-Packages/install/jetmax_msgs:${AMENT_PREFIX_PATH} CMAKE_PREFIX_PATH=/home/hiwonder/capstone_ws/src/Jetson-Ros2-Packages/install/jetmax_msgs:${CMAKE_PREFIX_PATH} LD_LIBRARY_PATH=/home/hiwonder/capstone_ws/src/Jetson-Ros2-Packages/install/jetmax_msgs/lib:${LD_LIBRARY_PATH} PYTHONPATH=/home/hiwonder/capstone_ws/src/Jetson-Ros2-Packages/build/jetmax_control/prefix_override:/home/hiwonder/capstone_ws/src/Jetson-Ros2-Packages/install/jetmax_control/lib/python3.8/site-packages:/home/hiwonder/capstone_ws/src/Jetson-Ros2-Packages/install/jetmax_msgs/lib/python3.8/site-packages:${PYTHONPATH} /usr/bin/python3 setup.py egg_info --egg-base ../build/jetmax_control build --build-base /home/hiwonder/capstone_ws/src/Jetson-Ros2-Packages/build/jetmax_control/build install --record /home/hiwonder/capstone_ws/src/Jetson-Ros2-Packages/build/jetmax_control/install.log --install-scripts $base/lib/jetmax_control --single-version-externally-managed
[8.314s] Level 1:colcon.colcon_core.environment:checking '/home/hiwonder/capstone_ws/src/Jetson-Ros2-Packages/install/jetmax_control' for CMake config files
[8.317s] Level 1:colcon.colcon_core.environment:checking '/home/hiwonder/capstone_ws/src/Jetson-Ros2-Packages/install/jetmax_control/lib'
[8.317s] Level 1:colcon.colcon_core.environment:checking '/home/hiwonder/capstone_ws/src/Jetson-Ros2-Packages/install/jetmax_control/bin'
[8.317s] Level 1:colcon.colcon_core.environment:checking '/home/hiwonder/capstone_ws/src/Jetson-Ros2-Packages/install/jetmax_control/lib/pkgconfig/jetmax_control.pc'
[8.318s] Level 1:colcon.colcon_core.environment:checking '/home/hiwonder/capstone_ws/src/Jetson-Ros2-Packages/install/jetmax_control/lib/python3.8/site-packages'
[8.318s] Level 1:colcon.colcon_core.shell:create_environment_hook('jetmax_control', 'pythonpath')
[8.325s] INFO:colcon.colcon_core.shell:Creating environment hook '/home/hiwonder/capstone_ws/src/Jetson-Ros2-Packages/install/jetmax_control/share/jetmax_control/hook/pythonpath.ps1'
[8.327s] INFO:colcon.colcon_core.shell:Creating environment descriptor '/home/hiwonder/capstone_ws/src/Jetson-Ros2-Packages/install/jetmax_control/share/jetmax_control/hook/pythonpath.dsv'
[8.329s] INFO:colcon.colcon_core.shell:Creating environment hook '/home/hiwonder/capstone_ws/src/Jetson-Ros2-Packages/install/jetmax_control/share/jetmax_control/hook/pythonpath.sh'
[8.331s] Level 1:colcon.colcon_core.environment:checking '/home/hiwonder/capstone_ws/src/Jetson-Ros2-Packages/install/jetmax_control/bin'
[8.331s] Level 1:colcon.colcon_core.environment:create_environment_scripts_only(jetmax_control)
[8.338s] INFO:colcon.colcon_core.shell:Creating package script '/home/hiwonder/capstone_ws/src/Jetson-Ros2-Packages/install/jetmax_control/share/jetmax_control/package.ps1'
[8.340s] INFO:colcon.colcon_core.shell:Creating package descriptor '/home/hiwonder/capstone_ws/src/Jetson-Ros2-Packages/install/jetmax_control/share/jetmax_control/package.dsv'
[8.342s] INFO:colcon.colcon_core.shell:Creating package script '/home/hiwonder/capstone_ws/src/Jetson-Ros2-Packages/install/jetmax_control/share/jetmax_control/package.sh'
[8.344s] INFO:colcon.colcon_core.shell:Creating package script '/home/hiwonder/capstone_ws/src/Jetson-Ros2-Packages/install/jetmax_control/share/jetmax_control/package.bash'
[8.345s] INFO:colcon.colcon_core.shell:Creating package script '/home/hiwonder/capstone_ws/src/Jetson-Ros2-Packages/install/jetmax_control/share/jetmax_control/package.zsh'
[8.346s] Level 1:colcon.colcon_core.environment:create_file_with_runtime_dependencies(/home/hiwonder/capstone_ws/src/Jetson-Ros2-Packages/install/jetmax_control/share/colcon-core/packages/jetmax_control)
[8.347s] DEBUG:colcon.colcon_parallel_executor.executor.parallel:closing loop
[8.349s] DEBUG:colcon.colcon_parallel_executor.executor.parallel:loop closed
[8.349s] DEBUG:colcon.colcon_parallel_executor.executor.parallel:run_until_complete finished with '0'
[8.350s] DEBUG:colcon.colcon_core.event_reactor:joining thread
[8.381s] INFO:colcon.colcon_core.plugin_system:Skipping extension 'colcon_notification.desktop_notification.terminal_notifier': Not used on non-Darwin systems
[8.381s] INFO:colcon.colcon_core.plugin_system:Skipping extension 'colcon_notification.desktop_notification.win32': Not used on non-Windows systems
[8.382s] INFO:colcon.colcon_notification.desktop_notification:Sending desktop notification using 'notify2'
[8.427s] DEBUG:colcon.colcon_core.event_reactor:joined thread
[8.434s] INFO:colcon.colcon_core.shell:Creating prefix script '/home/hiwonder/capstone_ws/src/Jetson-Ros2-Packages/install/local_setup.ps1'
[8.444s] INFO:colcon.colcon_core.shell:Creating prefix util module '/home/hiwonder/capstone_ws/src/Jetson-Ros2-Packages/install/_local_setup_util_ps1.py'
[8.455s] INFO:colcon.colcon_core.shell:Creating prefix chain script '/home/hiwonder/capstone_ws/src/Jetson-Ros2-Packages/install/setup.ps1'
[8.461s] INFO:colcon.colcon_core.shell:Creating prefix script '/home/hiwonder/capstone_ws/src/Jetson-Ros2-Packages/install/local_setup.sh'
[8.466s] INFO:colcon.colcon_core.shell:Creating prefix util module '/home/hiwonder/capstone_ws/src/Jetson-Ros2-Packages/install/_local_setup_util_sh.py'
[8.468s] INFO:colcon.colcon_core.shell:Creating prefix chain script '/home/hiwonder/capstone_ws/src/Jetson-Ros2-Packages/install/setup.sh'
[8.479s] INFO:colcon.colcon_core.shell:Creating prefix script '/home/hiwonder/capstone_ws/src/Jetson-Ros2-Packages/install/local_setup.bash'
[8.485s] INFO:colcon.colcon_core.shell:Creating prefix chain script '/home/hiwonder/capstone_ws/src/Jetson-Ros2-Packages/install/setup.bash'
[8.491s] INFO:colcon.colcon_core.shell:Creating prefix script '/home/hiwonder/capstone_ws/src/Jetson-Ros2-Packages/install/local_setup.zsh'
[8.496s] INFO:colcon.colcon_core.shell:Creating prefix chain script '/home/hiwonder/capstone_ws/src/Jetson-Ros2-Packages/install/setup.zsh'
