[1.413s] DEBUG:colcon:Command line arguments: ['/usr/bin/colcon', 'build', '--packages-select', 'demo1']
[1.413s] DEBUG:colcon:Parsed command line arguments: Namespace(allow_overriding=[], ament_cmake_args=None, base_paths=['.'], build_base='build', catkin_cmake_args=None, catkin_skip_building_tests=False, cmake_args=None, cmake_clean_cache=False, cmake_clean_first=False, cmake_force_configure=False, cmake_target=None, cmake_target_skip_unavailable=False, continue_on_error=False, event_handlers=None, executor='parallel', ignore_user_meta=False, install_base='install', log_base=None, log_level=None, main=<bound method BuildVerb.main of <colcon_core.verb.build.BuildVerb object at 0x7f902d74c0>>, merge_install=False, metas=['./colcon.meta'], packages_above=None, packages_above_and_dependencies=None, packages_above_depth=None, packages_end=None, packages_ignore=None, packages_ignore_regex=None, packages_select=['demo1'], packages_select_build_failed=False, packages_select_by_dep=None, packages_select_regex=None, packages_select_test_failures=False, packages_skip=None, packages_skip_build_finished=False, packages_skip_by_dep=None, packages_skip_regex=None, packages_skip_test_passed=False, packages_skip_up_to=None, packages_start=None, packages_up_to=None, packages_up_to_regex=None, parallel_workers=4, paths=None, symlink_install=False, test_result_base=None, verb_extension=<colcon_core.verb.build.BuildVerb object at 0x7f902d74c0>, verb_name='build', verb_parser=<colcon_defaults.argument_parser.defaults.DefaultArgumentsDecorator object at 0x7f902d7a00>)
[1.542s] Level 1:colcon.colcon_core.package_discovery:discover_packages(colcon_meta) check parameters
[1.543s] Level 1:colcon.colcon_core.package_discovery:discover_packages(recursive) check parameters
[1.543s] Level 1:colcon.colcon_core.package_discovery:discover_packages(ignore) check parameters
[1.543s] Level 1:colcon.colcon_core.package_discovery:discover_packages(path) check parameters
[1.543s] Level 1:colcon.colcon_core.package_discovery:discover_packages(colcon_meta) discover
[1.543s] Level 1:colcon.colcon_core.package_discovery:discover_packages(recursive) discover
[1.544s] INFO:colcon.colcon_core.package_discovery:Crawling recursively for packages in '/home/hiwonder/capstone_ws/src/Jetson-Ros2-Packages'
[1.544s] Level 1:colcon.colcon_core.package_identification:_identify(.) by extensions ['ignore', 'ignore_ament_install']
[1.545s] Level 1:colcon.colcon_core.package_identification:_identify(.) by extension 'ignore'
[1.545s] Level 1:colcon.colcon_core.package_identification:_identify(.) by extension 'ignore_ament_install'
[1.545s] Level 1:colcon.colcon_core.package_identification:_identify(.) by extensions ['colcon_pkg']
[1.545s] Level 1:colcon.colcon_core.package_identification:_identify(.) by extension 'colcon_pkg'
[1.546s] Level 1:colcon.colcon_core.package_identification:_identify(.) by extensions ['colcon_meta']
[1.546s] Level 1:colcon.colcon_core.package_identification:_identify(.) by extension 'colcon_meta'
[1.546s] Level 1:colcon.colcon_core.package_identification:_identify(.) by extensions ['ros']
[1.546s] Level 1:colcon.colcon_core.package_identification:_identify(.) by extension 'ros'
[1.636s] Level 1:colcon.colcon_core.package_identification:_identify(.) by extensions ['cmake', 'python']
[1.636s] Level 1:colcon.colcon_core.package_identification:_identify(.) by extension 'cmake'
[1.636s] Level 1:colcon.colcon_core.package_identification:_identify(.) by extension 'python'
[1.637s] Level 1:colcon.colcon_core.package_identification:_identify(.) by extensions ['python_setup_py']
[1.637s] Level 1:colcon.colcon_core.package_identification:_identify(.) by extension 'python_setup_py'
[1.637s] Level 1:colcon.colcon_core.package_identification:_identify(build) by extensions ['ignore', 'ignore_ament_install']
[1.638s] Level 1:colcon.colcon_core.package_identification:_identify(build) by extension 'ignore'
[1.638s] Level 1:colcon.colcon_core.package_identification:_identify(build) ignored
[1.638s] Level 1:colcon.colcon_core.package_identification:_identify(demo1) by extensions ['ignore', 'ignore_ament_install']
[1.639s] Level 1:colcon.colcon_core.package_identification:_identify(demo1) by extension 'ignore'
[1.639s] Level 1:colcon.colcon_core.package_identification:_identify(demo1) by extension 'ignore_ament_install'
[1.639s] Level 1:colcon.colcon_core.package_identification:_identify(demo1) by extensions ['colcon_pkg']
[1.639s] Level 1:colcon.colcon_core.package_identification:_identify(demo1) by extension 'colcon_pkg'
[1.640s] Level 1:colcon.colcon_core.package_identification:_identify(demo1) by extensions ['colcon_meta']
[1.640s] Level 1:colcon.colcon_core.package_identification:_identify(demo1) by extension 'colcon_meta'
[1.640s] Level 1:colcon.colcon_core.package_identification:_identify(demo1) by extensions ['ros']
[1.640s] Level 1:colcon.colcon_core.package_identification:_identify(demo1) by extension 'ros'
[1.649s] DEBUG:colcon.colcon_core.package_identification:Package 'demo1' with type 'ros.ament_python' and name 'demo1'
[1.650s] Level 1:colcon.colcon_core.package_identification:_identify(install) by extensions ['ignore', 'ignore_ament_install']
[1.650s] Level 1:colcon.colcon_core.package_identification:_identify(install) by extension 'ignore'
[1.650s] Level 1:colcon.colcon_core.package_identification:_identify(install) ignored
[1.651s] Level 1:colcon.colcon_core.package_identification:_identify(jetmax_control) by extensions ['ignore', 'ignore_ament_install']
[1.651s] Level 1:colcon.colcon_core.package_identification:_identify(jetmax_control) by extension 'ignore'
[1.651s] Level 1:colcon.colcon_core.package_identification:_identify(jetmax_control) by extension 'ignore_ament_install'
[1.652s] Level 1:colcon.colcon_core.package_identification:_identify(jetmax_control) by extensions ['colcon_pkg']
[1.652s] Level 1:colcon.colcon_core.package_identification:_identify(jetmax_control) by extension 'colcon_pkg'
[1.652s] Level 1:colcon.colcon_core.package_identification:_identify(jetmax_control) by extensions ['colcon_meta']
[1.652s] Level 1:colcon.colcon_core.package_identification:_identify(jetmax_control) by extension 'colcon_meta'
[1.652s] Level 1:colcon.colcon_core.package_identification:_identify(jetmax_control) by extensions ['ros']
[1.652s] Level 1:colcon.colcon_core.package_identification:_identify(jetmax_control) by extension 'ros'
[1.655s] DEBUG:colcon.colcon_core.package_identification:Package 'jetmax_control' with type 'ros.ament_python' and name 'jetmax_control'
[1.655s] Level 1:colcon.colcon_core.package_identification:_identify(jetmax_demo_3) by extensions ['ignore', 'ignore_ament_install']
[1.656s] Level 1:colcon.colcon_core.package_identification:_identify(jetmax_demo_3) by extension 'ignore'
[1.656s] Level 1:colcon.colcon_core.package_identification:_identify(jetmax_demo_3) by extension 'ignore_ament_install'
[1.656s] Level 1:colcon.colcon_core.package_identification:_identify(jetmax_demo_3) by extensions ['colcon_pkg']
[1.656s] Level 1:colcon.colcon_core.package_identification:_identify(jetmax_demo_3) by extension 'colcon_pkg'
[1.657s] Level 1:colcon.colcon_core.package_identification:_identify(jetmax_demo_3) by extensions ['colcon_meta']
[1.657s] Level 1:colcon.colcon_core.package_identification:_identify(jetmax_demo_3) by extension 'colcon_meta'
[1.657s] Level 1:colcon.colcon_core.package_identification:_identify(jetmax_demo_3) by extensions ['ros']
[1.657s] Level 1:colcon.colcon_core.package_identification:_identify(jetmax_demo_3) by extension 'ros'
[1.659s] DEBUG:colcon.colcon_core.package_identification:Package 'jetmax_demo_3' with type 'ros.ament_python' and name 'jetmax_demo_3'
[1.660s] Level 1:colcon.colcon_core.package_identification:_identify(jetmax_msgs) by extensions ['ignore', 'ignore_ament_install']
[1.660s] Level 1:colcon.colcon_core.package_identification:_identify(jetmax_msgs) by extension 'ignore'
[1.660s] Level 1:colcon.colcon_core.package_identification:_identify(jetmax_msgs) by extension 'ignore_ament_install'
[1.661s] Level 1:colcon.colcon_core.package_identification:_identify(jetmax_msgs) by extensions ['colcon_pkg']
[1.661s] Level 1:colcon.colcon_core.package_identification:_identify(jetmax_msgs) by extension 'colcon_pkg'
[1.661s] Level 1:colcon.colcon_core.package_identification:_identify(jetmax_msgs) by extensions ['colcon_meta']
[1.661s] Level 1:colcon.colcon_core.package_identification:_identify(jetmax_msgs) by extension 'colcon_meta'
[1.661s] Level 1:colcon.colcon_core.package_identification:_identify(jetmax_msgs) by extensions ['ros']
[1.661s] Level 1:colcon.colcon_core.package_identification:_identify(jetmax_msgs) by extension 'ros'
[1.664s] DEBUG:colcon.colcon_core.package_identification:Package 'jetmax_msgs' with type 'ros.ament_cmake' and name 'jetmax_msgs'
[1.664s] Level 1:colcon.colcon_core.package_identification:_identify(jetmax_srvs) by extensions ['ignore', 'ignore_ament_install']
[1.665s] Level 1:colcon.colcon_core.package_identification:_identify(jetmax_srvs) by extension 'ignore'
[1.665s] Level 1:colcon.colcon_core.package_identification:_identify(jetmax_srvs) by extension 'ignore_ament_install'
[1.665s] Level 1:colcon.colcon_core.package_identification:_identify(jetmax_srvs) by extensions ['colcon_pkg']
[1.665s] Level 1:colcon.colcon_core.package_identification:_identify(jetmax_srvs) by extension 'colcon_pkg'
[1.665s] Level 1:colcon.colcon_core.package_identification:_identify(jetmax_srvs) by extensions ['colcon_meta']
[1.666s] Level 1:colcon.colcon_core.package_identification:_identify(jetmax_srvs) by extension 'colcon_meta'
[1.666s] Level 1:colcon.colcon_core.package_identification:_identify(jetmax_srvs) by extensions ['ros']
[1.666s] Level 1:colcon.colcon_core.package_identification:_identify(jetmax_srvs) by extension 'ros'
[1.668s] DEBUG:colcon.colcon_core.package_identification:Package 'jetmax_srvs' with type 'ros.ament_cmake' and name 'jetmax_srvs'
[1.668s] Level 1:colcon.colcon_core.package_identification:_identify(log) by extensions ['ignore', 'ignore_ament_install']
[1.669s] Level 1:colcon.colcon_core.package_identification:_identify(log) by extension 'ignore'
[1.669s] Level 1:colcon.colcon_core.package_identification:_identify(log) ignored
[1.669s] Level 1:colcon.colcon_core.package_discovery:discover_packages(recursive) using defaults
[1.669s] Level 1:colcon.colcon_core.package_discovery:discover_packages(ignore) discover
[1.669s] Level 1:colcon.colcon_core.package_discovery:discover_packages(ignore) using defaults
[1.669s] Level 1:colcon.colcon_core.package_discovery:discover_packages(path) discover
[1.670s] Level 1:colcon.colcon_core.package_discovery:discover_packages(path) using defaults
[1.751s] INFO:colcon.colcon_core.package_selection:Skipping not selected package 'jetmax_msgs' in 'jetmax_msgs'
[1.752s] INFO:colcon.colcon_core.package_selection:Skipping not selected package 'jetmax_srvs' in 'jetmax_srvs'
[1.752s] INFO:colcon.colcon_core.package_selection:Skipping not selected package 'jetmax_control' in 'jetmax_control'
[1.752s] INFO:colcon.colcon_core.package_selection:Skipping not selected package 'jetmax_demo_3' in 'jetmax_demo_3'
[1.755s] Level 1:colcon.colcon_core.package_discovery:discover_packages(prefix_path) check parameters
[1.755s] Level 1:colcon.colcon_core.package_discovery:discover_packages(prefix_path) discover
[1.772s] DEBUG:colcon.colcon_installed_package_information.package_discovery:Found 7 installed packages in /home/hiwonder/capstone_ws/install
[1.781s] DEBUG:colcon.colcon_installed_package_information.package_discovery:Found 256 installed packages in /opt/ros/foxy
[1.789s] Level 1:colcon.colcon_core.package_discovery:discover_packages(prefix_path) using defaults
[2.096s] Level 5:colcon.colcon_core.verb:set package 'demo1' build argument 'cmake_args' from command line to 'None'
[2.097s] Level 5:colcon.colcon_core.verb:set package 'demo1' build argument 'cmake_target' from command line to 'None'
[2.097s] Level 5:colcon.colcon_core.verb:set package 'demo1' build argument 'cmake_target_skip_unavailable' from command line to 'False'
[2.097s] Level 5:colcon.colcon_core.verb:set package 'demo1' build argument 'cmake_clean_cache' from command line to 'False'
[2.097s] Level 5:colcon.colcon_core.verb:set package 'demo1' build argument 'cmake_clean_first' from command line to 'False'
[2.097s] Level 5:colcon.colcon_core.verb:set package 'demo1' build argument 'cmake_force_configure' from command line to 'False'
[2.097s] Level 5:colcon.colcon_core.verb:set package 'demo1' build argument 'ament_cmake_args' from command line to 'None'
[2.098s] Level 5:colcon.colcon_core.verb:set package 'demo1' build argument 'catkin_cmake_args' from command line to 'None'
[2.098s] Level 5:colcon.colcon_core.verb:set package 'demo1' build argument 'catkin_skip_building_tests' from command line to 'False'
[2.098s] DEBUG:colcon.colcon_core.verb:Building package 'demo1' with the following arguments: {'ament_cmake_args': None, 'build_base': '/home/hiwonder/capstone_ws/src/Jetson-Ros2-Packages/build/demo1', 'catkin_cmake_args': None, 'catkin_skip_building_tests': False, 'cmake_args': None, 'cmake_clean_cache': False, 'cmake_clean_first': False, 'cmake_force_configure': False, 'cmake_target': None, 'cmake_target_skip_unavailable': False, 'install_base': '/home/hiwonder/capstone_ws/src/Jetson-Ros2-Packages/install/demo1', 'merge_install': False, 'path': '/home/hiwonder/capstone_ws/src/Jetson-Ros2-Packages/demo1', 'symlink_install': False, 'test_result_base': None}
[2.104s] INFO:colcon.colcon_core.executor:Executing jobs using 'parallel' executor
[2.122s] DEBUG:colcon.colcon_parallel_executor.executor.parallel:run_until_complete
[2.123s] INFO:colcon.colcon_ros.task.ament_python.build:Building ROS package in '/home/hiwonder/capstone_ws/src/Jetson-Ros2-Packages/demo1' with build type 'ament_python'
[2.124s] Level 1:colcon.colcon_core.shell:create_environment_hook('demo1', 'ament_prefix_path')
[2.143s] INFO:colcon.colcon_core.plugin_system:Skipping extension 'colcon_core.shell.bat': Not used on non-Windows systems
[2.144s] INFO:colcon.colcon_core.shell:Creating environment hook '/home/hiwonder/capstone_ws/src/Jetson-Ros2-Packages/install/demo1/share/demo1/hook/ament_prefix_path.ps1'
[2.147s] INFO:colcon.colcon_core.shell:Creating environment descriptor '/home/hiwonder/capstone_ws/src/Jetson-Ros2-Packages/install/demo1/share/demo1/hook/ament_prefix_path.dsv'
[2.148s] INFO:colcon.colcon_core.shell:Creating environment hook '/home/hiwonder/capstone_ws/src/Jetson-Ros2-Packages/install/demo1/share/demo1/hook/ament_prefix_path.sh'
[2.157s] INFO:colcon.colcon_core.shell:Skip shell extension 'powershell' for command environment: Not usable outside of PowerShell
[2.157s] DEBUG:colcon.colcon_core.shell:Skip shell extension 'dsv' for command environment
[3.190s] INFO:colcon.colcon_core.task.python.build:Building Python package in '/home/hiwonder/capstone_ws/src/Jetson-Ros2-Packages/demo1'
[3.198s] INFO:colcon.colcon_core.shell:Skip shell extension 'powershell' for command environment: Not usable outside of PowerShell
[3.198s] DEBUG:colcon.colcon_core.shell:Skip shell extension 'dsv' for command environment
[4.932s] DEBUG:colcon.colcon_core.event_handler.log_command:Invoking command in '/home/hiwonder/capstone_ws/src/Jetson-Ros2-Packages/demo1': AMENT_PREFIX_PATH=/home/hiwonder/capstone_ws/src/Jetson-Ros2-Packages/install/jetmax_msgs:${AMENT_PREFIX_PATH} CMAKE_PREFIX_PATH=/home/hiwonder/capstone_ws/src/Jetson-Ros2-Packages/install/jetmax_msgs:${CMAKE_PREFIX_PATH} LD_LIBRARY_PATH=/home/hiwonder/capstone_ws/src/Jetson-Ros2-Packages/install/jetmax_msgs/lib:${LD_LIBRARY_PATH} PYTHONPATH=/home/hiwonder/capstone_ws/src/Jetson-Ros2-Packages/build/demo1/prefix_override:/home/hiwonder/capstone_ws/src/Jetson-Ros2-Packages/install/demo1/lib/python3.8/site-packages:/home/hiwonder/capstone_ws/src/Jetson-Ros2-Packages/install/jetmax_msgs/lib/python3.8/site-packages:${PYTHONPATH} /usr/bin/python3 setup.py egg_info --egg-base ../build/demo1 build --build-base /home/hiwonder/capstone_ws/src/Jetson-Ros2-Packages/build/demo1/build install --record /home/hiwonder/capstone_ws/src/Jetson-Ros2-Packages/build/demo1/install.log --install-scripts $base/lib/demo1 --single-version-externally-managed
[6.215s] DEBUG:colcon.colcon_core.event_handler.log_command:Invoked command in '/home/hiwonder/capstone_ws/src/Jetson-Ros2-Packages/demo1' returned '0': AMENT_PREFIX_PATH=/home/hiwonder/capstone_ws/src/Jetson-Ros2-Packages/install/jetmax_msgs:${AMENT_PREFIX_PATH} CMAKE_PREFIX_PATH=/home/hiwonder/capstone_ws/src/Jetson-Ros2-Packages/install/jetmax_msgs:${CMAKE_PREFIX_PATH} LD_LIBRARY_PATH=/home/hiwonder/capstone_ws/src/Jetson-Ros2-Packages/install/jetmax_msgs/lib:${LD_LIBRARY_PATH} PYTHONPATH=/home/hiwonder/capstone_ws/src/Jetson-Ros2-Packages/build/demo1/prefix_override:/home/hiwonder/capstone_ws/src/Jetson-Ros2-Packages/install/demo1/lib/python3.8/site-packages:/home/hiwonder/capstone_ws/src/Jetson-Ros2-Packages/install/jetmax_msgs/lib/python3.8/site-packages:${PYTHONPATH} /usr/bin/python3 setup.py egg_info --egg-base ../build/demo1 build --build-base /home/hiwonder/capstone_ws/src/Jetson-Ros2-Packages/build/demo1/build install --record /home/hiwonder/capstone_ws/src/Jetson-Ros2-Packages/build/demo1/install.log --install-scripts $base/lib/demo1 --single-version-externally-managed
[6.237s] Level 1:colcon.colcon_core.environment:checking '/home/hiwonder/capstone_ws/src/Jetson-Ros2-Packages/install/demo1' for CMake module files
[6.239s] Level 1:colcon.colcon_core.environment:checking '/home/hiwonder/capstone_ws/src/Jetson-Ros2-Packages/install/demo1' for CMake config files
[6.242s] Level 1:colcon.colcon_core.environment:checking '/home/hiwonder/capstone_ws/src/Jetson-Ros2-Packages/install/demo1/lib'
[6.243s] Level 1:colcon.colcon_core.environment:checking '/home/hiwonder/capstone_ws/src/Jetson-Ros2-Packages/install/demo1/bin'
[6.243s] Level 1:colcon.colcon_core.environment:checking '/home/hiwonder/capstone_ws/src/Jetson-Ros2-Packages/install/demo1/lib/pkgconfig/demo1.pc'
[6.244s] Level 1:colcon.colcon_core.environment:checking '/home/hiwonder/capstone_ws/src/Jetson-Ros2-Packages/install/demo1/lib/python3.8/site-packages'
[6.244s] Level 1:colcon.colcon_core.shell:create_environment_hook('demo1', 'pythonpath')
[6.251s] INFO:colcon.colcon_core.shell:Creating environment hook '/home/hiwonder/capstone_ws/src/Jetson-Ros2-Packages/install/demo1/share/demo1/hook/pythonpath.ps1'
[6.254s] INFO:colcon.colcon_core.shell:Creating environment descriptor '/home/hiwonder/capstone_ws/src/Jetson-Ros2-Packages/install/demo1/share/demo1/hook/pythonpath.dsv'
[6.256s] INFO:colcon.colcon_core.shell:Creating environment hook '/home/hiwonder/capstone_ws/src/Jetson-Ros2-Packages/install/demo1/share/demo1/hook/pythonpath.sh'
[6.257s] Level 1:colcon.colcon_core.environment:checking '/home/hiwonder/capstone_ws/src/Jetson-Ros2-Packages/install/demo1/bin'
[6.258s] Level 1:colcon.colcon_core.environment:create_environment_scripts_only(demo1)
[6.265s] INFO:colcon.colcon_core.shell:Creating package script '/home/hiwonder/capstone_ws/src/Jetson-Ros2-Packages/install/demo1/share/demo1/package.ps1'
[6.268s] INFO:colcon.colcon_core.shell:Creating package descriptor '/home/hiwonder/capstone_ws/src/Jetson-Ros2-Packages/install/demo1/share/demo1/package.dsv'
[6.271s] INFO:colcon.colcon_core.shell:Creating package script '/home/hiwonder/capstone_ws/src/Jetson-Ros2-Packages/install/demo1/share/demo1/package.sh'
[6.274s] INFO:colcon.colcon_core.shell:Creating package script '/home/hiwonder/capstone_ws/src/Jetson-Ros2-Packages/install/demo1/share/demo1/package.bash'
[6.277s] INFO:colcon.colcon_core.shell:Creating package script '/home/hiwonder/capstone_ws/src/Jetson-Ros2-Packages/install/demo1/share/demo1/package.zsh'
[6.280s] Level 1:colcon.colcon_core.environment:create_file_with_runtime_dependencies(/home/hiwonder/capstone_ws/src/Jetson-Ros2-Packages/install/demo1/share/colcon-core/packages/demo1)
[6.281s] DEBUG:colcon.colcon_parallel_executor.executor.parallel:closing loop
[6.282s] DEBUG:colcon.colcon_parallel_executor.executor.parallel:loop closed
[6.283s] DEBUG:colcon.colcon_parallel_executor.executor.parallel:run_until_complete finished with '0'
[6.284s] DEBUG:colcon.colcon_core.event_reactor:joining thread
[6.306s] INFO:colcon.colcon_core.plugin_system:Skipping extension 'colcon_notification.desktop_notification.terminal_notifier': Not used on non-Darwin systems
[6.306s] INFO:colcon.colcon_core.plugin_system:Skipping extension 'colcon_notification.desktop_notification.win32': Not used on non-Windows systems
[6.306s] INFO:colcon.colcon_notification.desktop_notification:Sending desktop notification using 'notify2'
[6.342s] DEBUG:colcon.colcon_core.event_reactor:joined thread
[6.349s] INFO:colcon.colcon_core.shell:Creating prefix script '/home/hiwonder/capstone_ws/src/Jetson-Ros2-Packages/install/local_setup.ps1'
[6.352s] INFO:colcon.colcon_core.shell:Creating prefix util module '/home/hiwonder/capstone_ws/src/Jetson-Ros2-Packages/install/_local_setup_util_ps1.py'
[6.358s] INFO:colcon.colcon_core.shell:Creating prefix chain script '/home/hiwonder/capstone_ws/src/Jetson-Ros2-Packages/install/setup.ps1'
[6.365s] INFO:colcon.colcon_core.shell:Creating prefix script '/home/hiwonder/capstone_ws/src/Jetson-Ros2-Packages/install/local_setup.sh'
[6.367s] INFO:colcon.colcon_core.shell:Creating prefix util module '/home/hiwonder/capstone_ws/src/Jetson-Ros2-Packages/install/_local_setup_util_sh.py'
[6.369s] INFO:colcon.colcon_core.shell:Creating prefix chain script '/home/hiwonder/capstone_ws/src/Jetson-Ros2-Packages/install/setup.sh'
[6.376s] INFO:colcon.colcon_core.shell:Creating prefix script '/home/hiwonder/capstone_ws/src/Jetson-Ros2-Packages/install/local_setup.bash'
[6.378s] INFO:colcon.colcon_core.shell:Creating prefix chain script '/home/hiwonder/capstone_ws/src/Jetson-Ros2-Packages/install/setup.bash'
[6.384s] INFO:colcon.colcon_core.shell:Creating prefix script '/home/hiwonder/capstone_ws/src/Jetson-Ros2-Packages/install/local_setup.zsh'
[6.386s] INFO:colcon.colcon_core.shell:Creating prefix chain script '/home/hiwonder/capstone_ws/src/Jetson-Ros2-Packages/install/setup.zsh'
