[1.322s] DEBUG:colcon:Command line arguments: ['/usr/bin/colcon', 'build']
[1.322s] DEBUG:colcon:Parsed command line arguments: Namespace(allow_overriding=[], ament_cmake_args=None, base_paths=['.'], build_base='build', catkin_cmake_args=None, catkin_skip_building_tests=False, cmake_args=None, cmake_clean_cache=False, cmake_clean_first=False, cmake_force_configure=False, cmake_target=None, cmake_target_skip_unavailable=False, continue_on_error=False, event_handlers=None, executor='parallel', ignore_user_meta=False, install_base='install', log_base=None, log_level=None, main=<bound method BuildVerb.main of <colcon_core.verb.build.BuildVerb object at 0x7f7ad681f0>>, merge_install=False, metas=['./colcon.meta'], packages_above=None, packages_above_and_dependencies=None, packages_above_depth=None, packages_end=None, packages_ignore=None, packages_ignore_regex=None, packages_select=None, packages_select_build_failed=False, packages_select_by_dep=None, packages_select_regex=None, packages_select_test_failures=False, packages_skip=None, packages_skip_build_finished=False, packages_skip_by_dep=None, packages_skip_regex=None, packages_skip_test_passed=False, packages_skip_up_to=None, packages_start=None, packages_up_to=None, packages_up_to_regex=None, parallel_workers=4, paths=None, symlink_install=False, test_result_base=None, verb_extension=<colcon_core.verb.build.BuildVerb object at 0x7f7ad681f0>, verb_name='build', verb_parser=<colcon_defaults.argument_parser.defaults.DefaultArgumentsDecorator object at 0x7f7ad68730>)
[1.431s] Level 1:colcon.colcon_core.package_discovery:discover_packages(colcon_meta) check parameters
[1.432s] Level 1:colcon.colcon_core.package_discovery:discover_packages(recursive) check parameters
[1.432s] Level 1:colcon.colcon_core.package_discovery:discover_packages(ignore) check parameters
[1.432s] Level 1:colcon.colcon_core.package_discovery:discover_packages(path) check parameters
[1.432s] Level 1:colcon.colcon_core.package_discovery:discover_packages(colcon_meta) discover
[1.433s] Level 1:colcon.colcon_core.package_discovery:discover_packages(recursive) discover
[1.433s] INFO:colcon.colcon_core.package_discovery:Crawling recursively for packages in '/home/hiwonder/capstone_ws/src/Jetson-Ros2-Packages'
[1.433s] Level 1:colcon.colcon_core.package_identification:_identify(.) by extensions ['ignore', 'ignore_ament_install']
[1.434s] Level 1:colcon.colcon_core.package_identification:_identify(.) by extension 'ignore'
[1.434s] Level 1:colcon.colcon_core.package_identification:_identify(.) by extension 'ignore_ament_install'
[1.434s] Level 1:colcon.colcon_core.package_identification:_identify(.) by extensions ['colcon_pkg']
[1.434s] Level 1:colcon.colcon_core.package_identification:_identify(.) by extension 'colcon_pkg'
[1.435s] Level 1:colcon.colcon_core.package_identification:_identify(.) by extensions ['colcon_meta']
[1.435s] Level 1:colcon.colcon_core.package_identification:_identify(.) by extension 'colcon_meta'
[1.435s] Level 1:colcon.colcon_core.package_identification:_identify(.) by extensions ['ros']
[1.435s] Level 1:colcon.colcon_core.package_identification:_identify(.) by extension 'ros'
[1.519s] Level 1:colcon.colcon_core.package_identification:_identify(.) by extensions ['cmake', 'python']
[1.519s] Level 1:colcon.colcon_core.package_identification:_identify(.) by extension 'cmake'
[1.519s] Level 1:colcon.colcon_core.package_identification:_identify(.) by extension 'python'
[1.520s] Level 1:colcon.colcon_core.package_identification:_identify(.) by extensions ['python_setup_py']
[1.520s] Level 1:colcon.colcon_core.package_identification:_identify(.) by extension 'python_setup_py'
[1.520s] Level 1:colcon.colcon_core.package_identification:_identify(build) by extensions ['ignore', 'ignore_ament_install']
[1.521s] Level 1:colcon.colcon_core.package_identification:_identify(build) by extension 'ignore'
[1.521s] Level 1:colcon.colcon_core.package_identification:_identify(build) ignored
[1.522s] Level 1:colcon.colcon_core.package_identification:_identify(install) by extensions ['ignore', 'ignore_ament_install']
[1.522s] Level 1:colcon.colcon_core.package_identification:_identify(install) by extension 'ignore'
[1.522s] Level 1:colcon.colcon_core.package_identification:_identify(install) ignored
[1.522s] Level 1:colcon.colcon_core.package_identification:_identify(jetmax_control) by extensions ['ignore', 'ignore_ament_install']
[1.523s] Level 1:colcon.colcon_core.package_identification:_identify(jetmax_control) by extension 'ignore'
[1.523s] Level 1:colcon.colcon_core.package_identification:_identify(jetmax_control) by extension 'ignore_ament_install'
[1.523s] Level 1:colcon.colcon_core.package_identification:_identify(jetmax_control) by extensions ['colcon_pkg']
[1.523s] Level 1:colcon.colcon_core.package_identification:_identify(jetmax_control) by extension 'colcon_pkg'
[1.524s] Level 1:colcon.colcon_core.package_identification:_identify(jetmax_control) by extensions ['colcon_meta']
[1.524s] Level 1:colcon.colcon_core.package_identification:_identify(jetmax_control) by extension 'colcon_meta'
[1.524s] Level 1:colcon.colcon_core.package_identification:_identify(jetmax_control) by extensions ['ros']
[1.524s] Level 1:colcon.colcon_core.package_identification:_identify(jetmax_control) by extension 'ros'
[1.534s] DEBUG:colcon.colcon_core.package_identification:Package 'jetmax_control' with type 'ros.ament_python' and name 'jetmax_control'
[1.534s] Level 1:colcon.colcon_core.package_identification:_identify(jetmax_msgs) by extensions ['ignore', 'ignore_ament_install']
[1.535s] Level 1:colcon.colcon_core.package_identification:_identify(jetmax_msgs) by extension 'ignore'
[1.535s] Level 1:colcon.colcon_core.package_identification:_identify(jetmax_msgs) by extension 'ignore_ament_install'
[1.535s] Level 1:colcon.colcon_core.package_identification:_identify(jetmax_msgs) by extensions ['colcon_pkg']
[1.535s] Level 1:colcon.colcon_core.package_identification:_identify(jetmax_msgs) by extension 'colcon_pkg'
[1.535s] Level 1:colcon.colcon_core.package_identification:_identify(jetmax_msgs) by extensions ['colcon_meta']
[1.536s] Level 1:colcon.colcon_core.package_identification:_identify(jetmax_msgs) by extension 'colcon_meta'
[1.536s] Level 1:colcon.colcon_core.package_identification:_identify(jetmax_msgs) by extensions ['ros']
[1.536s] Level 1:colcon.colcon_core.package_identification:_identify(jetmax_msgs) by extension 'ros'
[1.538s] DEBUG:colcon.colcon_core.package_identification:Package 'jetmax_msgs' with type 'ros.ament_cmake' and name 'jetmax_msgs'
[1.538s] Level 1:colcon.colcon_core.package_identification:_identify(log) by extensions ['ignore', 'ignore_ament_install']
[1.539s] Level 1:colcon.colcon_core.package_identification:_identify(log) by extension 'ignore'
[1.539s] Level 1:colcon.colcon_core.package_identification:_identify(log) ignored
[1.539s] Level 1:colcon.colcon_core.package_discovery:discover_packages(recursive) using defaults
[1.539s] Level 1:colcon.colcon_core.package_discovery:discover_packages(ignore) discover
[1.540s] Level 1:colcon.colcon_core.package_discovery:discover_packages(ignore) using defaults
[1.540s] Level 1:colcon.colcon_core.package_discovery:discover_packages(path) discover
[1.540s] Level 1:colcon.colcon_core.package_discovery:discover_packages(path) using defaults
[1.621s] Level 1:colcon.colcon_core.package_discovery:discover_packages(prefix_path) check parameters
[1.622s] Level 1:colcon.colcon_core.package_discovery:discover_packages(prefix_path) discover
[1.632s] DEBUG:colcon.colcon_installed_package_information.package_discovery:Found 2 installed packages in /home/hiwonder/capstone_ws/install
[1.641s] DEBUG:colcon.colcon_installed_package_information.package_discovery:Found 256 installed packages in /opt/ros/foxy
[1.653s] Level 1:colcon.colcon_core.package_discovery:discover_packages(prefix_path) using defaults
[1.958s] Level 5:colcon.colcon_core.verb:set package 'jetmax_msgs' build argument 'cmake_args' from command line to 'None'
[1.958s] Level 5:colcon.colcon_core.verb:set package 'jetmax_msgs' build argument 'cmake_target' from command line to 'None'
[1.958s] Level 5:colcon.colcon_core.verb:set package 'jetmax_msgs' build argument 'cmake_target_skip_unavailable' from command line to 'False'
[1.958s] Level 5:colcon.colcon_core.verb:set package 'jetmax_msgs' build argument 'cmake_clean_cache' from command line to 'False'
[1.958s] Level 5:colcon.colcon_core.verb:set package 'jetmax_msgs' build argument 'cmake_clean_first' from command line to 'False'
[1.959s] Level 5:colcon.colcon_core.verb:set package 'jetmax_msgs' build argument 'cmake_force_configure' from command line to 'False'
[1.959s] Level 5:colcon.colcon_core.verb:set package 'jetmax_msgs' build argument 'ament_cmake_args' from command line to 'None'
[1.959s] Level 5:colcon.colcon_core.verb:set package 'jetmax_msgs' build argument 'catkin_cmake_args' from command line to 'None'
[1.959s] Level 5:colcon.colcon_core.verb:set package 'jetmax_msgs' build argument 'catkin_skip_building_tests' from command line to 'False'
[1.959s] DEBUG:colcon.colcon_core.verb:Building package 'jetmax_msgs' with the following arguments: {'ament_cmake_args': None, 'build_base': '/home/hiwonder/capstone_ws/src/Jetson-Ros2-Packages/build/jetmax_msgs', 'catkin_cmake_args': None, 'catkin_skip_building_tests': False, 'cmake_args': None, 'cmake_clean_cache': False, 'cmake_clean_first': False, 'cmake_force_configure': False, 'cmake_target': None, 'cmake_target_skip_unavailable': False, 'install_base': '/home/hiwonder/capstone_ws/src/Jetson-Ros2-Packages/install/jetmax_msgs', 'merge_install': False, 'path': '/home/hiwonder/capstone_ws/src/Jetson-Ros2-Packages/jetmax_msgs', 'symlink_install': False, 'test_result_base': None}
[1.965s] Level 5:colcon.colcon_core.verb:set package 'jetmax_control' build argument 'cmake_args' from command line to 'None'
[1.965s] Level 5:colcon.colcon_core.verb:set package 'jetmax_control' build argument 'cmake_target' from command line to 'None'
[1.965s] Level 5:colcon.colcon_core.verb:set package 'jetmax_control' build argument 'cmake_target_skip_unavailable' from command line to 'False'
[1.965s] Level 5:colcon.colcon_core.verb:set package 'jetmax_control' build argument 'cmake_clean_cache' from command line to 'False'
[1.965s] Level 5:colcon.colcon_core.verb:set package 'jetmax_control' build argument 'cmake_clean_first' from command line to 'False'
[1.965s] Level 5:colcon.colcon_core.verb:set package 'jetmax_control' build argument 'cmake_force_configure' from command line to 'False'
[1.965s] Level 5:colcon.colcon_core.verb:set package 'jetmax_control' build argument 'ament_cmake_args' from command line to 'None'
[1.966s] Level 5:colcon.colcon_core.verb:set package 'jetmax_control' build argument 'catkin_cmake_args' from command line to 'None'
[1.966s] Level 5:colcon.colcon_core.verb:set package 'jetmax_control' build argument 'catkin_skip_building_tests' from command line to 'False'
[1.966s] DEBUG:colcon.colcon_core.verb:Building package 'jetmax_control' with the following arguments: {'ament_cmake_args': None, 'build_base': '/home/hiwonder/capstone_ws/src/Jetson-Ros2-Packages/build/jetmax_control', 'catkin_cmake_args': None, 'catkin_skip_building_tests': False, 'cmake_args': None, 'cmake_clean_cache': False, 'cmake_clean_first': False, 'cmake_force_configure': False, 'cmake_target': None, 'cmake_target_skip_unavailable': False, 'install_base': '/home/hiwonder/capstone_ws/src/Jetson-Ros2-Packages/install/jetmax_control', 'merge_install': False, 'path': '/home/hiwonder/capstone_ws/src/Jetson-Ros2-Packages/jetmax_control', 'symlink_install': False, 'test_result_base': None}
[1.970s] INFO:colcon.colcon_core.executor:Executing jobs using 'parallel' executor
[1.988s] DEBUG:colcon.colcon_parallel_executor.executor.parallel:run_until_complete
[1.989s] INFO:colcon.colcon_ros.task.ament_cmake.build:Building ROS package in '/home/hiwonder/capstone_ws/src/Jetson-Ros2-Packages/jetmax_msgs' with build type 'ament_cmake'
[1.990s] INFO:colcon.colcon_cmake.task.cmake.build:Building CMake package in '/home/hiwonder/capstone_ws/src/Jetson-Ros2-Packages/jetmax_msgs'
[2.009s] INFO:colcon.colcon_core.plugin_system:Skipping extension 'colcon_core.shell.bat': Not used on non-Windows systems
[2.010s] INFO:colcon.colcon_core.shell:Skip shell extension 'powershell' for command environment: Not usable outside of PowerShell
[2.010s] DEBUG:colcon.colcon_core.shell:Skip shell extension 'dsv' for command environment
[2.050s] DEBUG:colcon.colcon_core.event_handler.log_command:Invoking command in '/home/hiwonder/capstone_ws/src/Jetson-Ros2-Packages/build/jetmax_msgs': CMAKE_PREFIX_PATH=${CMAKE_PREFIX_PATH}:/home/hiwonder/capstone_ws/install/jetmax_control:/opt/ros/foxy /usr/local/bin/cmake --build /home/hiwonder/capstone_ws/src/Jetson-Ros2-Packages/build/jetmax_msgs -- -j4 -l4
[2.394s] DEBUG:colcon.colcon_core.event_handler.log_command:Invoked command in '/home/hiwonder/capstone_ws/src/Jetson-Ros2-Packages/build/jetmax_msgs' returned '0': CMAKE_PREFIX_PATH=${CMAKE_PREFIX_PATH}:/home/hiwonder/capstone_ws/install/jetmax_control:/opt/ros/foxy /usr/local/bin/cmake --build /home/hiwonder/capstone_ws/src/Jetson-Ros2-Packages/build/jetmax_msgs -- -j4 -l4
[2.599s] DEBUG:colcon.colcon_core.event_handler.log_command:Invoking command in '/home/hiwonder/capstone_ws/src/Jetson-Ros2-Packages/build/jetmax_msgs': CMAKE_PREFIX_PATH=${CMAKE_PREFIX_PATH}:/home/hiwonder/capstone_ws/install/jetmax_control:/opt/ros/foxy /usr/local/bin/cmake --install /home/hiwonder/capstone_ws/src/Jetson-Ros2-Packages/build/jetmax_msgs
[2.786s] Level 1:colcon.colcon_core.environment:create_environment_scripts_only(jetmax_msgs)
[2.794s] DEBUG:colcon.colcon_core.event_handler.log_command:Invoked command in '/home/hiwonder/capstone_ws/src/Jetson-Ros2-Packages/build/jetmax_msgs' returned '0': CMAKE_PREFIX_PATH=${CMAKE_PREFIX_PATH}:/home/hiwonder/capstone_ws/install/jetmax_control:/opt/ros/foxy /usr/local/bin/cmake --install /home/hiwonder/capstone_ws/src/Jetson-Ros2-Packages/build/jetmax_msgs
[2.811s] Level 1:colcon.colcon_core.environment:checking '/home/hiwonder/capstone_ws/src/Jetson-Ros2-Packages/install/jetmax_msgs' for CMake module files
[2.814s] Level 1:colcon.colcon_core.environment:checking '/home/hiwonder/capstone_ws/src/Jetson-Ros2-Packages/install/jetmax_msgs' for CMake config files
[2.816s] Level 1:colcon.colcon_core.shell:create_environment_hook('jetmax_msgs', 'cmake_prefix_path')
[2.824s] INFO:colcon.colcon_core.shell:Creating environment hook '/home/hiwonder/capstone_ws/src/Jetson-Ros2-Packages/install/jetmax_msgs/share/jetmax_msgs/hook/cmake_prefix_path.ps1'
[2.827s] INFO:colcon.colcon_core.shell:Creating environment descriptor '/home/hiwonder/capstone_ws/src/Jetson-Ros2-Packages/install/jetmax_msgs/share/jetmax_msgs/hook/cmake_prefix_path.dsv'
[2.828s] INFO:colcon.colcon_core.shell:Creating environment hook '/home/hiwonder/capstone_ws/src/Jetson-Ros2-Packages/install/jetmax_msgs/share/jetmax_msgs/hook/cmake_prefix_path.sh'
[2.832s] Level 1:colcon.colcon_core.environment:checking '/home/hiwonder/capstone_ws/src/Jetson-Ros2-Packages/install/jetmax_msgs/lib'
[2.832s] Level 1:colcon.colcon_core.shell:create_environment_hook('jetmax_msgs', 'ld_library_path_lib')
[2.840s] INFO:colcon.colcon_core.shell:Creating environment hook '/home/hiwonder/capstone_ws/src/Jetson-Ros2-Packages/install/jetmax_msgs/share/jetmax_msgs/hook/ld_library_path_lib.ps1'
[2.842s] INFO:colcon.colcon_core.shell:Creating environment descriptor '/home/hiwonder/capstone_ws/src/Jetson-Ros2-Packages/install/jetmax_msgs/share/jetmax_msgs/hook/ld_library_path_lib.dsv'
[2.844s] INFO:colcon.colcon_core.shell:Creating environment hook '/home/hiwonder/capstone_ws/src/Jetson-Ros2-Packages/install/jetmax_msgs/share/jetmax_msgs/hook/ld_library_path_lib.sh'
[2.845s] Level 1:colcon.colcon_core.environment:checking '/home/hiwonder/capstone_ws/src/Jetson-Ros2-Packages/install/jetmax_msgs/bin'
[2.846s] Level 1:colcon.colcon_core.environment:checking '/home/hiwonder/capstone_ws/src/Jetson-Ros2-Packages/install/jetmax_msgs/lib/pkgconfig/jetmax_msgs.pc'
[2.847s] Level 1:colcon.colcon_core.environment:checking '/home/hiwonder/capstone_ws/src/Jetson-Ros2-Packages/install/jetmax_msgs/lib/python3.8/site-packages'
[2.847s] Level 1:colcon.colcon_core.shell:create_environment_hook('jetmax_msgs', 'pythonpath')
[2.854s] INFO:colcon.colcon_core.shell:Creating environment hook '/home/hiwonder/capstone_ws/src/Jetson-Ros2-Packages/install/jetmax_msgs/share/jetmax_msgs/hook/pythonpath.ps1'
[2.856s] INFO:colcon.colcon_core.shell:Creating environment descriptor '/home/hiwonder/capstone_ws/src/Jetson-Ros2-Packages/install/jetmax_msgs/share/jetmax_msgs/hook/pythonpath.dsv'
[2.857s] INFO:colcon.colcon_core.shell:Creating environment hook '/home/hiwonder/capstone_ws/src/Jetson-Ros2-Packages/install/jetmax_msgs/share/jetmax_msgs/hook/pythonpath.sh'
[2.859s] Level 1:colcon.colcon_core.environment:checking '/home/hiwonder/capstone_ws/src/Jetson-Ros2-Packages/install/jetmax_msgs/bin'
[2.867s] INFO:colcon.colcon_core.shell:Creating package script '/home/hiwonder/capstone_ws/src/Jetson-Ros2-Packages/install/jetmax_msgs/share/jetmax_msgs/package.ps1'
[2.871s] INFO:colcon.colcon_core.shell:Creating package descriptor '/home/hiwonder/capstone_ws/src/Jetson-Ros2-Packages/install/jetmax_msgs/share/jetmax_msgs/package.dsv'
[2.873s] INFO:colcon.colcon_core.shell:Creating package script '/home/hiwonder/capstone_ws/src/Jetson-Ros2-Packages/install/jetmax_msgs/share/jetmax_msgs/package.sh'
[2.877s] INFO:colcon.colcon_core.shell:Creating package script '/home/hiwonder/capstone_ws/src/Jetson-Ros2-Packages/install/jetmax_msgs/share/jetmax_msgs/package.bash'
[2.880s] INFO:colcon.colcon_core.shell:Creating package script '/home/hiwonder/capstone_ws/src/Jetson-Ros2-Packages/install/jetmax_msgs/share/jetmax_msgs/package.zsh'
[2.884s] Level 1:colcon.colcon_core.environment:create_file_with_runtime_dependencies(/home/hiwonder/capstone_ws/src/Jetson-Ros2-Packages/install/jetmax_msgs/share/colcon-core/packages/jetmax_msgs)
[3.079s] Level 1:colcon.colcon_core.environment:create_environment_scripts_only(jetmax_msgs)
[3.089s] Level 1:colcon.colcon_core.environment:checking '/home/hiwonder/capstone_ws/src/Jetson-Ros2-Packages/install/jetmax_msgs' for CMake module files
[3.093s] Level 1:colcon.colcon_core.environment:checking '/home/hiwonder/capstone_ws/src/Jetson-Ros2-Packages/install/jetmax_msgs' for CMake config files
[3.096s] Level 1:colcon.colcon_core.shell:create_environment_hook('jetmax_msgs', 'cmake_prefix_path')
[3.102s] INFO:colcon.colcon_core.shell:Creating environment hook '/home/hiwonder/capstone_ws/src/Jetson-Ros2-Packages/install/jetmax_msgs/share/jetmax_msgs/hook/cmake_prefix_path.ps1'
[3.104s] INFO:colcon.colcon_core.shell:Creating environment descriptor '/home/hiwonder/capstone_ws/src/Jetson-Ros2-Packages/install/jetmax_msgs/share/jetmax_msgs/hook/cmake_prefix_path.dsv'
[3.105s] INFO:colcon.colcon_core.shell:Creating environment hook '/home/hiwonder/capstone_ws/src/Jetson-Ros2-Packages/install/jetmax_msgs/share/jetmax_msgs/hook/cmake_prefix_path.sh'
[3.107s] Level 1:colcon.colcon_core.environment:checking '/home/hiwonder/capstone_ws/src/Jetson-Ros2-Packages/install/jetmax_msgs/lib'
[3.108s] Level 1:colcon.colcon_core.shell:create_environment_hook('jetmax_msgs', 'ld_library_path_lib')
[3.114s] INFO:colcon.colcon_core.shell:Creating environment hook '/home/hiwonder/capstone_ws/src/Jetson-Ros2-Packages/install/jetmax_msgs/share/jetmax_msgs/hook/ld_library_path_lib.ps1'
[3.116s] INFO:colcon.colcon_core.shell:Creating environment descriptor '/home/hiwonder/capstone_ws/src/Jetson-Ros2-Packages/install/jetmax_msgs/share/jetmax_msgs/hook/ld_library_path_lib.dsv'
[3.117s] INFO:colcon.colcon_core.shell:Creating environment hook '/home/hiwonder/capstone_ws/src/Jetson-Ros2-Packages/install/jetmax_msgs/share/jetmax_msgs/hook/ld_library_path_lib.sh'
[3.119s] Level 1:colcon.colcon_core.environment:checking '/home/hiwonder/capstone_ws/src/Jetson-Ros2-Packages/install/jetmax_msgs/bin'
[3.119s] Level 1:colcon.colcon_core.environment:checking '/home/hiwonder/capstone_ws/src/Jetson-Ros2-Packages/install/jetmax_msgs/lib/pkgconfig/jetmax_msgs.pc'
[3.120s] Level 1:colcon.colcon_core.environment:checking '/home/hiwonder/capstone_ws/src/Jetson-Ros2-Packages/install/jetmax_msgs/lib/python3.8/site-packages'
[3.120s] Level 1:colcon.colcon_core.shell:create_environment_hook('jetmax_msgs', 'pythonpath')
[3.127s] INFO:colcon.colcon_core.shell:Creating environment hook '/home/hiwonder/capstone_ws/src/Jetson-Ros2-Packages/install/jetmax_msgs/share/jetmax_msgs/hook/pythonpath.ps1'
[3.129s] INFO:colcon.colcon_core.shell:Creating environment descriptor '/home/hiwonder/capstone_ws/src/Jetson-Ros2-Packages/install/jetmax_msgs/share/jetmax_msgs/hook/pythonpath.dsv'
[3.130s] INFO:colcon.colcon_core.shell:Creating environment hook '/home/hiwonder/capstone_ws/src/Jetson-Ros2-Packages/install/jetmax_msgs/share/jetmax_msgs/hook/pythonpath.sh'
[3.132s] Level 1:colcon.colcon_core.environment:checking '/home/hiwonder/capstone_ws/src/Jetson-Ros2-Packages/install/jetmax_msgs/bin'
[3.139s] INFO:colcon.colcon_core.shell:Creating package script '/home/hiwonder/capstone_ws/src/Jetson-Ros2-Packages/install/jetmax_msgs/share/jetmax_msgs/package.ps1'
[3.141s] INFO:colcon.colcon_core.shell:Creating package descriptor '/home/hiwonder/capstone_ws/src/Jetson-Ros2-Packages/install/jetmax_msgs/share/jetmax_msgs/package.dsv'
[3.144s] INFO:colcon.colcon_core.shell:Creating package script '/home/hiwonder/capstone_ws/src/Jetson-Ros2-Packages/install/jetmax_msgs/share/jetmax_msgs/package.sh'
[3.145s] INFO:colcon.colcon_core.shell:Creating package script '/home/hiwonder/capstone_ws/src/Jetson-Ros2-Packages/install/jetmax_msgs/share/jetmax_msgs/package.bash'
[3.147s] INFO:colcon.colcon_core.shell:Creating package script '/home/hiwonder/capstone_ws/src/Jetson-Ros2-Packages/install/jetmax_msgs/share/jetmax_msgs/package.zsh'
[3.148s] Level 1:colcon.colcon_core.environment:create_file_with_runtime_dependencies(/home/hiwonder/capstone_ws/src/Jetson-Ros2-Packages/install/jetmax_msgs/share/colcon-core/packages/jetmax_msgs)
[3.149s] INFO:colcon.colcon_ros.task.ament_python.build:Building ROS package in '/home/hiwonder/capstone_ws/src/Jetson-Ros2-Packages/jetmax_control' with build type 'ament_python'
[3.150s] Level 1:colcon.colcon_core.shell:create_environment_hook('jetmax_control', 'ament_prefix_path')
[3.157s] INFO:colcon.colcon_core.shell:Creating environment hook '/home/hiwonder/capstone_ws/src/Jetson-Ros2-Packages/install/jetmax_control/share/jetmax_control/hook/ament_prefix_path.ps1'
[3.160s] INFO:colcon.colcon_core.shell:Creating environment descriptor '/home/hiwonder/capstone_ws/src/Jetson-Ros2-Packages/install/jetmax_control/share/jetmax_control/hook/ament_prefix_path.dsv'
[3.162s] INFO:colcon.colcon_core.shell:Creating environment hook '/home/hiwonder/capstone_ws/src/Jetson-Ros2-Packages/install/jetmax_control/share/jetmax_control/hook/ament_prefix_path.sh'
[3.170s] INFO:colcon.colcon_core.shell:Skip shell extension 'powershell' for command environment: Not usable outside of PowerShell
[3.170s] DEBUG:colcon.colcon_core.shell:Skip shell extension 'dsv' for command environment
[4.160s] INFO:colcon.colcon_core.task.python.build:Building Python package in '/home/hiwonder/capstone_ws/src/Jetson-Ros2-Packages/jetmax_control'
[4.167s] INFO:colcon.colcon_core.shell:Skip shell extension 'powershell' for command environment: Not usable outside of PowerShell
[4.167s] DEBUG:colcon.colcon_core.shell:Skip shell extension 'dsv' for command environment
[5.988s] DEBUG:colcon.colcon_core.event_handler.log_command:Invoking command in '/home/hiwonder/capstone_ws/src/Jetson-Ros2-Packages/jetmax_control': AMENT_PREFIX_PATH=/home/hiwonder/capstone_ws/src/Jetson-Ros2-Packages/install/jetmax_msgs:${AMENT_PREFIX_PATH} CMAKE_PREFIX_PATH=/home/hiwonder/capstone_ws/src/Jetson-Ros2-Packages/install/jetmax_msgs:${CMAKE_PREFIX_PATH} LD_LIBRARY_PATH=/home/hiwonder/capstone_ws/src/Jetson-Ros2-Packages/install/jetmax_msgs/lib:${LD_LIBRARY_PATH} PYTHONPATH=/home/hiwonder/capstone_ws/src/Jetson-Ros2-Packages/build/jetmax_control/prefix_override:/home/hiwonder/capstone_ws/src/Jetson-Ros2-Packages/install/jetmax_control/lib/python3.8/site-packages:/home/hiwonder/capstone_ws/src/Jetson-Ros2-Packages/install/jetmax_msgs/lib/python3.8/site-packages:${PYTHONPATH} /usr/bin/python3 setup.py egg_info --egg-base ../build/jetmax_control build --build-base /home/hiwonder/capstone_ws/src/Jetson-Ros2-Packages/build/jetmax_control/build install --record /home/hiwonder/capstone_ws/src/Jetson-Ros2-Packages/build/jetmax_control/install.log --install-scripts $base/lib/jetmax_control --single-version-externally-managed
[7.318s] Level 1:colcon.colcon_core.environment:checking '/home/hiwonder/capstone_ws/src/Jetson-Ros2-Packages/install/jetmax_control' for CMake module files
[7.320s] DEBUG:colcon.colcon_core.event_handler.log_command:Invoked command in '/home/hiwonder/capstone_ws/src/Jetson-Ros2-Packages/jetmax_control' returned '0': AMENT_PREFIX_PATH=/home/hiwonder/capstone_ws/src/Jetson-Ros2-Packages/install/jetmax_msgs:${AMENT_PREFIX_PATH} CMAKE_PREFIX_PATH=/home/hiwonder/capstone_ws/src/Jetson-Ros2-Packages/install/jetmax_msgs:${CMAKE_PREFIX_PATH} LD_LIBRARY_PATH=/home/hiwonder/capstone_ws/src/Jetson-Ros2-Packages/install/jetmax_msgs/lib:${LD_LIBRARY_PATH} PYTHONPATH=/home/hiwonder/capstone_ws/src/Jetson-Ros2-Packages/build/jetmax_control/prefix_override:/home/hiwonder/capstone_ws/src/Jetson-Ros2-Packages/install/jetmax_control/lib/python3.8/site-packages:/home/hiwonder/capstone_ws/src/Jetson-Ros2-Packages/install/jetmax_msgs/lib/python3.8/site-packages:${PYTHONPATH} /usr/bin/python3 setup.py egg_info --egg-base ../build/jetmax_control build --build-base /home/hiwonder/capstone_ws/src/Jetson-Ros2-Packages/build/jetmax_control/build install --record /home/hiwonder/capstone_ws/src/Jetson-Ros2-Packages/build/jetmax_control/install.log --install-scripts $base/lib/jetmax_control --single-version-externally-managed
[7.321s] Level 1:colcon.colcon_core.environment:checking '/home/hiwonder/capstone_ws/src/Jetson-Ros2-Packages/install/jetmax_control' for CMake config files
[7.324s] Level 1:colcon.colcon_core.environment:checking '/home/hiwonder/capstone_ws/src/Jetson-Ros2-Packages/install/jetmax_control/lib'
[7.324s] Level 1:colcon.colcon_core.environment:checking '/home/hiwonder/capstone_ws/src/Jetson-Ros2-Packages/install/jetmax_control/bin'
[7.324s] Level 1:colcon.colcon_core.environment:checking '/home/hiwonder/capstone_ws/src/Jetson-Ros2-Packages/install/jetmax_control/lib/pkgconfig/jetmax_control.pc'
[7.325s] Level 1:colcon.colcon_core.environment:checking '/home/hiwonder/capstone_ws/src/Jetson-Ros2-Packages/install/jetmax_control/lib/python3.8/site-packages'
[7.325s] Level 1:colcon.colcon_core.shell:create_environment_hook('jetmax_control', 'pythonpath')
[7.332s] INFO:colcon.colcon_core.shell:Creating environment hook '/home/hiwonder/capstone_ws/src/Jetson-Ros2-Packages/install/jetmax_control/share/jetmax_control/hook/pythonpath.ps1'
[7.334s] INFO:colcon.colcon_core.shell:Creating environment descriptor '/home/hiwonder/capstone_ws/src/Jetson-Ros2-Packages/install/jetmax_control/share/jetmax_control/hook/pythonpath.dsv'
[7.335s] INFO:colcon.colcon_core.shell:Creating environment hook '/home/hiwonder/capstone_ws/src/Jetson-Ros2-Packages/install/jetmax_control/share/jetmax_control/hook/pythonpath.sh'
[7.338s] Level 1:colcon.colcon_core.environment:checking '/home/hiwonder/capstone_ws/src/Jetson-Ros2-Packages/install/jetmax_control/bin'
[7.338s] Level 1:colcon.colcon_core.environment:create_environment_scripts_only(jetmax_control)
[7.346s] INFO:colcon.colcon_core.shell:Creating package script '/home/hiwonder/capstone_ws/src/Jetson-Ros2-Packages/install/jetmax_control/share/jetmax_control/package.ps1'
[7.348s] INFO:colcon.colcon_core.shell:Creating package descriptor '/home/hiwonder/capstone_ws/src/Jetson-Ros2-Packages/install/jetmax_control/share/jetmax_control/package.dsv'
[7.350s] INFO:colcon.colcon_core.shell:Creating package script '/home/hiwonder/capstone_ws/src/Jetson-Ros2-Packages/install/jetmax_control/share/jetmax_control/package.sh'
[7.351s] INFO:colcon.colcon_core.shell:Creating package script '/home/hiwonder/capstone_ws/src/Jetson-Ros2-Packages/install/jetmax_control/share/jetmax_control/package.bash'
[7.352s] INFO:colcon.colcon_core.shell:Creating package script '/home/hiwonder/capstone_ws/src/Jetson-Ros2-Packages/install/jetmax_control/share/jetmax_control/package.zsh'
[7.353s] Level 1:colcon.colcon_core.environment:create_file_with_runtime_dependencies(/home/hiwonder/capstone_ws/src/Jetson-Ros2-Packages/install/jetmax_control/share/colcon-core/packages/jetmax_control)
[7.354s] DEBUG:colcon.colcon_parallel_executor.executor.parallel:closing loop
[7.356s] DEBUG:colcon.colcon_parallel_executor.executor.parallel:loop closed
[7.356s] DEBUG:colcon.colcon_parallel_executor.executor.parallel:run_until_complete finished with '0'
[7.356s] DEBUG:colcon.colcon_core.event_reactor:joining thread
[7.380s] INFO:colcon.colcon_core.plugin_system:Skipping extension 'colcon_notification.desktop_notification.terminal_notifier': Not used on non-Darwin systems
[7.381s] INFO:colcon.colcon_core.plugin_system:Skipping extension 'colcon_notification.desktop_notification.win32': Not used on non-Windows systems
[7.381s] INFO:colcon.colcon_notification.desktop_notification:Sending desktop notification using 'notify2'
[7.415s] DEBUG:colcon.colcon_core.event_reactor:joined thread
[7.422s] INFO:colcon.colcon_core.shell:Creating prefix script '/home/hiwonder/capstone_ws/src/Jetson-Ros2-Packages/install/local_setup.ps1'
[7.426s] INFO:colcon.colcon_core.shell:Creating prefix util module '/home/hiwonder/capstone_ws/src/Jetson-Ros2-Packages/install/_local_setup_util_ps1.py'
[7.432s] INFO:colcon.colcon_core.shell:Creating prefix chain script '/home/hiwonder/capstone_ws/src/Jetson-Ros2-Packages/install/setup.ps1'
[7.437s] INFO:colcon.colcon_core.shell:Creating prefix script '/home/hiwonder/capstone_ws/src/Jetson-Ros2-Packages/install/local_setup.sh'
[7.439s] INFO:colcon.colcon_core.shell:Creating prefix util module '/home/hiwonder/capstone_ws/src/Jetson-Ros2-Packages/install/_local_setup_util_sh.py'
[7.441s] INFO:colcon.colcon_core.shell:Creating prefix chain script '/home/hiwonder/capstone_ws/src/Jetson-Ros2-Packages/install/setup.sh'
[7.447s] INFO:colcon.colcon_core.shell:Creating prefix script '/home/hiwonder/capstone_ws/src/Jetson-Ros2-Packages/install/local_setup.bash'
[7.449s] INFO:colcon.colcon_core.shell:Creating prefix chain script '/home/hiwonder/capstone_ws/src/Jetson-Ros2-Packages/install/setup.bash'
[7.455s] INFO:colcon.colcon_core.shell:Creating prefix script '/home/hiwonder/capstone_ws/src/Jetson-Ros2-Packages/install/local_setup.zsh'
[7.457s] INFO:colcon.colcon_core.shell:Creating prefix chain script '/home/hiwonder/capstone_ws/src/Jetson-Ros2-Packages/install/setup.zsh'
