[0.083s] Invoking command in '/home/hiwonder/capstone_ws/src/Jetson-Ros2-Packages/build/jetmax_msgs': CMAKE_PREFIX_PATH=${CMAKE_PREFIX_PATH}:/home/hiwonder/capstone_ws/install/jetmax_demo_3:/home/hiwonder/capstone_ws/install/demo1:/home/hiwonder/capstone_ws/install/jetmax_control:/opt/ros/foxy /usr/local/bin/cmake /home/hiwonder/capstone_ws/src/Jetson-Ros2-Packages/jetmax_msgs -DCMAKE_INSTALL_PREFIX=/home/hiwonder/capstone_ws/src/Jetson-Ros2-Packages/install/jetmax_msgs
[0.669s] -- The C compiler identification is GNU 9.4.0
[1.119s] -- The CXX compiler identification is GNU 9.4.0
[1.157s] -- Detecting C compiler ABI info
[1.354s] -- Detecting C compiler ABI info - done
[1.389s] -- Check for working C compiler: /usr/bin/cc - skipped
[1.394s] -- Detecting C compile features
[1.397s] -- Detecting C compile features - done
[1.411s] -- Detecting CXX compiler ABI info
[1.626s] -- Detecting CXX compiler ABI info - done
[1.739s] -- Check for working CXX compiler: /usr/bin/c++ - skipped
[1.741s] -- Detecting CXX compile features
[1.742s] -- Detecting CXX compile features - done
[1.813s] -- Found ament_cmake: 0.9.11 (/opt/ros/foxy/share/ament_cmake/cmake)
[1.957s] -- Found PythonInterp: /usr/bin/python3 (found suitable version "3.8.10", minimum required is "3") 
[1.958s] -- Using PYTHON_EXECUTABLE: /usr/bin/python3
[3.039s] -- Found geometry_msgs: 2.0.5 (/opt/ros/foxy/share/geometry_msgs/cmake)
[3.262s] -- Using all available rosidl_typesupport_c: rosidl_typesupport_fastrtps_c;rosidl_typesupport_introspection_c
[3.319s] -- Found rosidl_adapter: 1.3.0 (/opt/ros/foxy/share/rosidl_adapter/cmake)
[3.772s] -- Found OpenSSL: /usr/lib/aarch64-linux-gnu/libcrypto.so (found version "1.1.1f")  
[3.884s] -- Found FastRTPS: /opt/ros/foxy/include  
[4.280s] -- Using all available rosidl_typesupport_cpp: rosidl_typesupport_fastrtps_cpp;rosidl_typesupport_introspection_cpp
[4.644s] -- Found ament_lint_auto: 0.9.7 (/opt/ros/foxy/share/ament_lint_auto/cmake)
[5.043s] -- Found rosidl_default_generators: 1.0.1 (/opt/ros/foxy/share/rosidl_default_generators/cmake)
[5.193s] -- Found PythonInterp: /usr/bin/python3 (found version "3.8.10") 
[6.077s] -- Found ament_cmake_ros: 0.9.2 (/opt/ros/foxy/share/ament_cmake_ros/cmake)
[7.223s] -- Using all available rosidl_typesupport_c: rosidl_typesupport_fastrtps_c;rosidl_typesupport_introspection_c
[8.185s] -- Using all available rosidl_typesupport_cpp: rosidl_typesupport_fastrtps_cpp;rosidl_typesupport_introspection_cpp
[8.327s] -- Found PythonInterp: /usr/bin/python3 (found suitable version "3.8.10", minimum required is "3.5") 
[8.358s] -- Found python_cmake_module: 0.8.1 (/opt/ros/foxy/share/python_cmake_module/cmake)
[8.697s] -- Found PythonLibs: /usr/lib/aarch64-linux-gnu/libpython3.8.so (found suitable version "3.8.10", minimum required is "3.5") 
[8.698s] -- Using PYTHON_EXECUTABLE: /usr/bin/python3
[8.698s] -- Using PYTHON_INCLUDE_DIRS: /usr/include/python3.8
[8.698s] -- Using PYTHON_LIBRARIES: /usr/lib/aarch64-linux-gnu/libpython3.8.so
[8.787s] -- Found PythonExtra: .so  
[9.160s] -- Added test 'copyright' to check source files copyright and LICENSE
[9.173s] -- Added test 'lint_cmake' to check CMake code style
[9.180s] -- Added test 'xmllint' to check XML markup files
[9.210s] -- Configuring done
[9.483s] -- Generating done
[9.495s] -- Build files have been written to: /home/hiwonder/capstone_ws/src/Jetson-Ros2-Packages/build/jetmax_msgs
[9.531s] Invoked command in '/home/hiwonder/capstone_ws/src/Jetson-Ros2-Packages/build/jetmax_msgs' returned '0': CMAKE_PREFIX_PATH=${CMAKE_PREFIX_PATH}:/home/hiwonder/capstone_ws/install/jetmax_demo_3:/home/hiwonder/capstone_ws/install/demo1:/home/hiwonder/capstone_ws/install/jetmax_control:/opt/ros/foxy /usr/local/bin/cmake /home/hiwonder/capstone_ws/src/Jetson-Ros2-Packages/jetmax_msgs -DCMAKE_INSTALL_PREFIX=/home/hiwonder/capstone_ws/src/Jetson-Ros2-Packages/install/jetmax_msgs
[9.540s] Invoking command in '/home/hiwonder/capstone_ws/src/Jetson-Ros2-Packages/build/jetmax_msgs': CMAKE_PREFIX_PATH=${CMAKE_PREFIX_PATH}:/home/hiwonder/capstone_ws/install/jetmax_demo_3:/home/hiwonder/capstone_ws/install/demo1:/home/hiwonder/capstone_ws/install/jetmax_control:/opt/ros/foxy /usr/local/bin/cmake --build /home/hiwonder/capstone_ws/src/Jetson-Ros2-Packages/build/jetmax_msgs -- -j4 -l4
[9.616s] [  1%] [34m[1mGenerating C code for ROS interfaces[0m
[9.633s] [  3%] [34m[1mGenerating C++ code for ROS interfaces[0m
[12.713s] [  3%] Built target jetmax_msgs__cpp
[12.732s] [  7%] [34m[1mGenerating C++ type support for eProsima Fast-RTPS[0m
[12.733s] [  7%] [34m[1mGenerating C++ type support dispatch for ROS interfaces[0m
[12.734s] [  7%] [34m[1mGenerating C++ introspection for ROS interfaces[0m
[13.418s] [  9%] [32mBuilding C object CMakeFiles/jetmax_msgs__rosidl_generator_c.dir/rosidl_generator_c/jetmax_msgs/msg/detail/set_motion__functions.c.o[0m
[13.801s] [ 11%] [32mBuilding C object CMakeFiles/jetmax_msgs__rosidl_generator_c.dir/rosidl_generator_c/jetmax_msgs/msg/detail/position__functions.c.o[0m
[14.147s] [ 12%] [32mBuilding C object CMakeFiles/jetmax_msgs__rosidl_generator_c.dir/rosidl_generator_c/jetmax_msgs/action/detail/path_planning__functions.c.o[0m
[14.753s] [ 14%] [32mBuilding C object CMakeFiles/jetmax_msgs__rosidl_generator_c.dir/rosidl_generator_c/jetmax_msgs/srv/detail/get_position__functions.c.o[0m
[14.993s] [ 15%] [32mBuilding C object CMakeFiles/jetmax_msgs__rosidl_generator_c.dir/rosidl_generator_c/jetmax_msgs/srv/detail/demo1__functions.c.o[0m
[15.148s] [ 17%] [32mBuilding CXX object CMakeFiles/jetmax_msgs__rosidl_typesupport_cpp.dir/rosidl_typesupport_cpp/jetmax_msgs/msg/set_motion__type_support.cpp.o[0m
[15.234s] [ 19%] [32m[1mLinking C shared library libjetmax_msgs__rosidl_generator_c.so[0m
[15.432s] [ 19%] Built target jetmax_msgs__rosidl_generator_c
[15.438s] [ 20%] [32mBuilding CXX object CMakeFiles/jetmax_msgs__rosidl_typesupport_introspection_cpp.dir/rosidl_typesupport_introspection_cpp/jetmax_msgs/msg/detail/set_motion__type_support.cpp.o[0m
[15.451s] [ 22%] [32mBuilding CXX object CMakeFiles/jetmax_msgs__rosidl_typesupport_cpp.dir/rosidl_typesupport_cpp/jetmax_msgs/msg/position__type_support.cpp.o[0m
[16.235s] [ 23%] [32mBuilding CXX object CMakeFiles/jetmax_msgs__rosidl_typesupport_fastrtps_cpp.dir/rosidl_typesupport_fastrtps_cpp/jetmax_msgs/msg/detail/dds_fastrtps/set_motion__type_support.cpp.o[0m
[16.595s] [ 25%] [32mBuilding CXX object CMakeFiles/jetmax_msgs__rosidl_typesupport_fastrtps_cpp.dir/rosidl_typesupport_fastrtps_cpp/jetmax_msgs/msg/detail/dds_fastrtps/position__type_support.cpp.o[0m
[16.757s] [ 26%] [32mBuilding CXX object CMakeFiles/jetmax_msgs__rosidl_typesupport_introspection_cpp.dir/rosidl_typesupport_introspection_cpp/jetmax_msgs/msg/detail/position__type_support.cpp.o[0m
[16.784s] [ 28%] [32mBuilding CXX object CMakeFiles/jetmax_msgs__rosidl_typesupport_cpp.dir/rosidl_typesupport_cpp/jetmax_msgs/action/path_planning__type_support.cpp.o[0m
[18.165s] [ 30%] [32mBuilding CXX object CMakeFiles/jetmax_msgs__rosidl_typesupport_introspection_cpp.dir/rosidl_typesupport_introspection_cpp/jetmax_msgs/action/detail/path_planning__type_support.cpp.o[0m
[18.373s] [ 31%] [32mBuilding CXX object CMakeFiles/jetmax_msgs__rosidl_typesupport_fastrtps_cpp.dir/rosidl_typesupport_fastrtps_cpp/jetmax_msgs/action/detail/dds_fastrtps/path_planning__type_support.cpp.o[0m
[18.469s] [ 33%] [32mBuilding CXX object CMakeFiles/jetmax_msgs__rosidl_typesupport_cpp.dir/rosidl_typesupport_cpp/jetmax_msgs/srv/get_position__type_support.cpp.o[0m
[18.708s] [ 34%] [32mBuilding CXX object CMakeFiles/jetmax_msgs__rosidl_typesupport_fastrtps_cpp.dir/rosidl_typesupport_fastrtps_cpp/jetmax_msgs/srv/detail/dds_fastrtps/get_position__type_support.cpp.o[0m
[20.281s] [ 36%] [32mBuilding CXX object CMakeFiles/jetmax_msgs__rosidl_typesupport_cpp.dir/rosidl_typesupport_cpp/jetmax_msgs/srv/demo1__type_support.cpp.o[0m
[20.456s] [ 38%] [32mBuilding CXX object CMakeFiles/jetmax_msgs__rosidl_typesupport_introspection_cpp.dir/rosidl_typesupport_introspection_cpp/jetmax_msgs/srv/detail/get_position__type_support.cpp.o[0m
[21.198s] [ 39%] [32mBuilding CXX object CMakeFiles/jetmax_msgs__rosidl_typesupport_fastrtps_cpp.dir/rosidl_typesupport_fastrtps_cpp/jetmax_msgs/srv/detail/dds_fastrtps/demo1__type_support.cpp.o[0m
[21.594s] [ 41%] [32mBuilding CXX object CMakeFiles/jetmax_msgs__rosidl_typesupport_introspection_cpp.dir/rosidl_typesupport_introspection_cpp/jetmax_msgs/srv/detail/demo1__type_support.cpp.o[0m
[21.871s] [ 42%] [32m[1mLinking CXX shared library libjetmax_msgs__rosidl_typesupport_cpp.so[0m
[21.998s] [ 42%] Built target jetmax_msgs__rosidl_typesupport_cpp
[22.030s] [ 44%] [34m[1mGenerating C introspection for ROS interfaces[0m
[22.302s] [ 46%] [34m[1mGenerating C type support dispatch for ROS interfaces[0m
[23.502s] [ 47%] [32m[1mLinking CXX shared library libjetmax_msgs__rosidl_typesupport_introspection_cpp.so[0m
[23.917s] [ 49%] [32m[1mLinking CXX shared library libjetmax_msgs__rosidl_typesupport_fastrtps_cpp.so[0m
[24.016s] [ 49%] Built target jetmax_msgs__rosidl_typesupport_introspection_cpp
[24.315s] [ 49%] Built target jetmax_msgs__rosidl_typesupport_fastrtps_cpp
[24.334s] [ 50%] [34m[1mGenerating C type support for eProsima Fast-RTPS[0m
[24.598s] [ 52%] [32mBuilding CXX object CMakeFiles/jetmax_msgs__rosidl_typesupport_c.dir/rosidl_typesupport_c/jetmax_msgs/msg/position__type_support.cpp.o[0m
[24.600s] [ 53%] [32mBuilding CXX object CMakeFiles/jetmax_msgs__rosidl_typesupport_c.dir/rosidl_typesupport_c/jetmax_msgs/msg/set_motion__type_support.cpp.o[0m
[24.706s] [ 57%] [32mBuilding CXX object CMakeFiles/jetmax_msgs__rosidl_typesupport_c.dir/rosidl_typesupport_c/jetmax_msgs/srv/get_position__type_support.cpp.o[0m
[24.707s] [ 57%] [32mBuilding CXX object CMakeFiles/jetmax_msgs__rosidl_typesupport_c.dir/rosidl_typesupport_c/jetmax_msgs/action/path_planning__type_support.cpp.o[0m
[24.830s] [ 58%] [32mBuilding CXX object CMakeFiles/jetmax_msgs__rosidl_typesupport_c.dir/rosidl_typesupport_c/jetmax_msgs/srv/demo1__type_support.cpp.o[0m
[24.946s] [ 60%] [32m[1mLinking CXX shared library libjetmax_msgs__rosidl_typesupport_c.so[0m
[25.040s] [ 63%] [32mBuilding C object CMakeFiles/jetmax_msgs__rosidl_typesupport_introspection_c.dir/rosidl_typesupport_introspection_c/jetmax_msgs/msg/detail/position__type_support.c.o[0m
[25.040s] [ 63%] [32mBuilding C object CMakeFiles/jetmax_msgs__rosidl_typesupport_introspection_c.dir/rosidl_typesupport_introspection_c/jetmax_msgs/msg/detail/set_motion__type_support.c.o[0m
[25.077s] [ 63%] Built target jetmax_msgs__rosidl_typesupport_c
[25.090s] [ 65%] [32mBuilding C object CMakeFiles/jetmax_msgs__rosidl_typesupport_introspection_c.dir/rosidl_typesupport_introspection_c/jetmax_msgs/action/detail/path_planning__type_support.c.o[0m
[25.157s] [ 66%] [32mBuilding C object CMakeFiles/jetmax_msgs__rosidl_typesupport_introspection_c.dir/rosidl_typesupport_introspection_c/jetmax_msgs/srv/detail/demo1__type_support.c.o[0m
[25.159s] [ 68%] [32mBuilding C object CMakeFiles/jetmax_msgs__rosidl_typesupport_introspection_c.dir/rosidl_typesupport_introspection_c/jetmax_msgs/srv/detail/get_position__type_support.c.o[0m
[25.297s] [ 69%] [32m[1mLinking C shared library libjetmax_msgs__rosidl_typesupport_introspection_c.so[0m
[25.386s] [ 69%] Built target jetmax_msgs__rosidl_typesupport_introspection_c
[27.195s] [ 73%] [32mBuilding CXX object CMakeFiles/jetmax_msgs__rosidl_typesupport_fastrtps_c.dir/rosidl_typesupport_fastrtps_c/jetmax_msgs/msg/detail/position__type_support_c.cpp.o[0m
[27.196s] [ 73%] [32mBuilding CXX object CMakeFiles/jetmax_msgs__rosidl_typesupport_fastrtps_c.dir/rosidl_typesupport_fastrtps_c/jetmax_msgs/msg/detail/set_motion__type_support_c.cpp.o[0m
[27.200s] [ 74%] [32mBuilding CXX object CMakeFiles/jetmax_msgs__rosidl_typesupport_fastrtps_c.dir/rosidl_typesupport_fastrtps_c/jetmax_msgs/srv/detail/get_position__type_support_c.cpp.o[0m
[27.208s] [ 76%] [32mBuilding CXX object CMakeFiles/jetmax_msgs__rosidl_typesupport_fastrtps_c.dir/rosidl_typesupport_fastrtps_c/jetmax_msgs/action/detail/path_planning__type_support_c.cpp.o[0m
[28.861s] [ 77%] [32mBuilding CXX object CMakeFiles/jetmax_msgs__rosidl_typesupport_fastrtps_c.dir/rosidl_typesupport_fastrtps_c/jetmax_msgs/srv/detail/demo1__type_support_c.cpp.o[0m
[30.459s] [ 79%] [32m[1mLinking CXX shared library libjetmax_msgs__rosidl_typesupport_fastrtps_c.so[0m
[30.756s] [ 79%] Built target jetmax_msgs__rosidl_typesupport_fastrtps_c
[30.788s] [ 79%] Built target jetmax_msgs
[30.823s] [ 80%] [34m[1mGenerating Python code for ROS interfaces[0m
[41.389s] [ 80%] Built target jetmax_msgs__py
[41.424s] [ 84%] [32mBuilding C object CMakeFiles/jetmax_msgs__python.dir/rosidl_generator_py/jetmax_msgs/msg/_position_s.c.o[0m
[41.425s] [ 87%] [32mBuilding C object CMakeFiles/jetmax_msgs__python.dir/rosidl_generator_py/jetmax_msgs/srv/_get_position_s.c.o[0m
[41.426s] [ 85%] [32mBuilding C object CMakeFiles/jetmax_msgs__python.dir/rosidl_generator_py/jetmax_msgs/msg/_set_motion_s.c.o[0m
[41.426s] [ 87%] [32mBuilding C object CMakeFiles/jetmax_msgs__python.dir/rosidl_generator_py/jetmax_msgs/action/_path_planning_s.c.o[0m
[41.939s] [ 88%] [32mBuilding C object CMakeFiles/jetmax_msgs__python.dir/rosidl_generator_py/jetmax_msgs/srv/_demo1_s.c.o[0m
[42.344s] [ 90%] [32m[1mLinking C shared library rosidl_generator_py/jetmax_msgs/libjetmax_msgs__python.so[0m
[42.519s] [ 90%] Built target jetmax_msgs__python
[42.557s] [ 92%] [32mBuilding C object CMakeFiles/jetmax_msgs__rosidl_typesupport_introspection_c__pyext.dir/rosidl_generator_py/jetmax_msgs/_jetmax_msgs_s.ep.rosidl_typesupport_introspection_c.c.o[0m
[42.559s] [ 93%] [32mBuilding C object CMakeFiles/jetmax_msgs__rosidl_typesupport_fastrtps_c__pyext.dir/rosidl_generator_py/jetmax_msgs/_jetmax_msgs_s.ep.rosidl_typesupport_fastrtps_c.c.o[0m
[42.561s] [ 95%] [32mBuilding C object CMakeFiles/jetmax_msgs__rosidl_typesupport_c__pyext.dir/rosidl_generator_py/jetmax_msgs/_jetmax_msgs_s.ep.rosidl_typesupport_c.c.o[0m
[43.144s] [ 96%] [32m[1mLinking C shared library rosidl_generator_py/jetmax_msgs/jetmax_msgs_s__rosidl_typesupport_introspection_c.cpython-38-aarch64-linux-gnu.so[0m
[43.164s] [ 98%] [32m[1mLinking C shared library rosidl_generator_py/jetmax_msgs/jetmax_msgs_s__rosidl_typesupport_c.cpython-38-aarch64-linux-gnu.so[0m
[43.196s] [100%] [32m[1mLinking CXX shared library rosidl_generator_py/jetmax_msgs/jetmax_msgs_s__rosidl_typesupport_fastrtps_c.cpython-38-aarch64-linux-gnu.so[0m
[43.367s] [100%] Built target jetmax_msgs__rosidl_typesupport_introspection_c__pyext
[43.377s] [100%] Built target jetmax_msgs__rosidl_typesupport_c__pyext
[43.563s] [100%] Built target jetmax_msgs__rosidl_typesupport_fastrtps_c__pyext
[43.590s] Invoked command in '/home/hiwonder/capstone_ws/src/Jetson-Ros2-Packages/build/jetmax_msgs' returned '0': CMAKE_PREFIX_PATH=${CMAKE_PREFIX_PATH}:/home/hiwonder/capstone_ws/install/jetmax_demo_3:/home/hiwonder/capstone_ws/install/demo1:/home/hiwonder/capstone_ws/install/jetmax_control:/opt/ros/foxy /usr/local/bin/cmake --build /home/hiwonder/capstone_ws/src/Jetson-Ros2-Packages/build/jetmax_msgs -- -j4 -l4
[44.033s] Invoking command in '/home/hiwonder/capstone_ws/src/Jetson-Ros2-Packages/build/jetmax_msgs': CMAKE_PREFIX_PATH=${CMAKE_PREFIX_PATH}:/home/hiwonder/capstone_ws/install/jetmax_demo_3:/home/hiwonder/capstone_ws/install/demo1:/home/hiwonder/capstone_ws/install/jetmax_control:/opt/ros/foxy /usr/local/bin/cmake --install /home/hiwonder/capstone_ws/src/Jetson-Ros2-Packages/build/jetmax_msgs
[44.047s] -- Install configuration: ""
[44.047s] -- Installing: /home/hiwonder/capstone_ws/src/Jetson-Ros2-Packages/install/jetmax_msgs/share/ament_index/resource_index/rosidl_interfaces/jetmax_msgs
[44.048s] -- Installing: /home/hiwonder/capstone_ws/src/Jetson-Ros2-Packages/install/jetmax_msgs/include/jetmax_msgs
[44.049s] -- Installing: /home/hiwonder/capstone_ws/src/Jetson-Ros2-Packages/install/jetmax_msgs/include/jetmax_msgs/srv
[44.049s] -- Installing: /home/hiwonder/capstone_ws/src/Jetson-Ros2-Packages/install/jetmax_msgs/include/jetmax_msgs/srv/demo1.h
[44.049s] -- Installing: /home/hiwonder/capstone_ws/src/Jetson-Ros2-Packages/install/jetmax_msgs/include/jetmax_msgs/srv/detail
[44.050s] -- Installing: /home/hiwonder/capstone_ws/src/Jetson-Ros2-Packages/install/jetmax_msgs/include/jetmax_msgs/srv/detail/demo1__struct.h
[44.050s] -- Installing: /home/hiwonder/capstone_ws/src/Jetson-Ros2-Packages/install/jetmax_msgs/include/jetmax_msgs/srv/detail/get_position__type_support.h
[44.051s] -- Installing: /home/hiwonder/capstone_ws/src/Jetson-Ros2-Packages/install/jetmax_msgs/include/jetmax_msgs/srv/detail/demo1__type_support.h
[44.051s] -- Installing: /home/hiwonder/capstone_ws/src/Jetson-Ros2-Packages/install/jetmax_msgs/include/jetmax_msgs/srv/detail/demo1__functions.h
[44.051s] -- Installing: /home/hiwonder/capstone_ws/src/Jetson-Ros2-Packages/install/jetmax_msgs/include/jetmax_msgs/srv/detail/get_position__functions.c
[44.052s] -- Installing: /home/hiwonder/capstone_ws/src/Jetson-Ros2-Packages/install/jetmax_msgs/include/jetmax_msgs/srv/detail/demo1__functions.c
[44.052s] -- Installing: /home/hiwonder/capstone_ws/src/Jetson-Ros2-Packages/install/jetmax_msgs/include/jetmax_msgs/srv/detail/get_position__struct.h
[44.053s] -- Installing: /home/hiwonder/capstone_ws/src/Jetson-Ros2-Packages/install/jetmax_msgs/include/jetmax_msgs/srv/detail/get_position__functions.h
[44.053s] -- Installing: /home/hiwonder/capstone_ws/src/Jetson-Ros2-Packages/install/jetmax_msgs/include/jetmax_msgs/srv/get_position.h
[44.054s] -- Installing: /home/hiwonder/capstone_ws/src/Jetson-Ros2-Packages/install/jetmax_msgs/include/jetmax_msgs/action
[44.054s] -- Installing: /home/hiwonder/capstone_ws/src/Jetson-Ros2-Packages/install/jetmax_msgs/include/jetmax_msgs/action/detail
[44.055s] -- Installing: /home/hiwonder/capstone_ws/src/Jetson-Ros2-Packages/install/jetmax_msgs/include/jetmax_msgs/action/detail/path_planning__functions.c
[44.055s] -- Installing: /home/hiwonder/capstone_ws/src/Jetson-Ros2-Packages/install/jetmax_msgs/include/jetmax_msgs/action/detail/path_planning__functions.h
[44.056s] -- Installing: /home/hiwonder/capstone_ws/src/Jetson-Ros2-Packages/install/jetmax_msgs/include/jetmax_msgs/action/detail/path_planning__type_support.h
[44.056s] -- Installing: /home/hiwonder/capstone_ws/src/Jetson-Ros2-Packages/install/jetmax_msgs/include/jetmax_msgs/action/detail/path_planning__struct.h
[44.057s] -- Installing: /home/hiwonder/capstone_ws/src/Jetson-Ros2-Packages/install/jetmax_msgs/include/jetmax_msgs/action/path_planning.h
[44.057s] -- Installing: /home/hiwonder/capstone_ws/src/Jetson-Ros2-Packages/install/jetmax_msgs/include/jetmax_msgs/msg
[44.058s] -- Installing: /home/hiwonder/capstone_ws/src/Jetson-Ros2-Packages/install/jetmax_msgs/include/jetmax_msgs/msg/detail
[44.058s] -- Installing: /home/hiwonder/capstone_ws/src/Jetson-Ros2-Packages/install/jetmax_msgs/include/jetmax_msgs/msg/detail/set_motion__functions.c
[44.058s] -- Installing: /home/hiwonder/capstone_ws/src/Jetson-Ros2-Packages/install/jetmax_msgs/include/jetmax_msgs/msg/detail/position__functions.h
[44.059s] -- Installing: /home/hiwonder/capstone_ws/src/Jetson-Ros2-Packages/install/jetmax_msgs/include/jetmax_msgs/msg/detail/position__functions.c
[44.059s] -- Installing: /home/hiwonder/capstone_ws/src/Jetson-Ros2-Packages/install/jetmax_msgs/include/jetmax_msgs/msg/detail/set_motion__type_support.h
[44.060s] -- Installing: /home/hiwonder/capstone_ws/src/Jetson-Ros2-Packages/install/jetmax_msgs/include/jetmax_msgs/msg/detail/position__struct.h
[44.060s] -- Installing: /home/hiwonder/capstone_ws/src/Jetson-Ros2-Packages/install/jetmax_msgs/include/jetmax_msgs/msg/detail/set_motion__struct.h
[44.061s] -- Installing: /home/hiwonder/capstone_ws/src/Jetson-Ros2-Packages/install/jetmax_msgs/include/jetmax_msgs/msg/detail/set_motion__functions.h
[44.061s] -- Installing: /home/hiwonder/capstone_ws/src/Jetson-Ros2-Packages/install/jetmax_msgs/include/jetmax_msgs/msg/detail/position__type_support.h
[44.062s] -- Installing: /home/hiwonder/capstone_ws/src/Jetson-Ros2-Packages/install/jetmax_msgs/include/jetmax_msgs/msg/position.h
[44.062s] -- Installing: /home/hiwonder/capstone_ws/src/Jetson-Ros2-Packages/install/jetmax_msgs/include/jetmax_msgs/msg/rosidl_generator_c__visibility_control.h
[44.063s] -- Installing: /home/hiwonder/capstone_ws/src/Jetson-Ros2-Packages/install/jetmax_msgs/include/jetmax_msgs/msg/set_motion.h
[44.063s] -- Installing: /home/hiwonder/capstone_ws/src/Jetson-Ros2-Packages/install/jetmax_msgs/share/jetmax_msgs/environment/library_path.sh
[44.064s] -- Installing: /home/hiwonder/capstone_ws/src/Jetson-Ros2-Packages/install/jetmax_msgs/share/jetmax_msgs/environment/library_path.dsv
[44.065s] -- Installing: /home/hiwonder/capstone_ws/src/Jetson-Ros2-Packages/install/jetmax_msgs/lib/libjetmax_msgs__rosidl_generator_c.so
[44.067s] -- Set runtime path of "/home/hiwonder/capstone_ws/src/Jetson-Ros2-Packages/install/jetmax_msgs/lib/libjetmax_msgs__rosidl_generator_c.so" to ""
[44.067s] -- Up-to-date: /home/hiwonder/capstone_ws/src/Jetson-Ros2-Packages/install/jetmax_msgs/include/jetmax_msgs
[44.067s] -- Up-to-date: /home/hiwonder/capstone_ws/src/Jetson-Ros2-Packages/install/jetmax_msgs/include/jetmax_msgs/srv
[44.068s] -- Up-to-date: /home/hiwonder/capstone_ws/src/Jetson-Ros2-Packages/install/jetmax_msgs/include/jetmax_msgs/srv/detail
[44.068s] -- Installing: /home/hiwonder/capstone_ws/src/Jetson-Ros2-Packages/install/jetmax_msgs/include/jetmax_msgs/srv/detail/get_position__rosidl_typesupport_fastrtps_c.h
[44.069s] -- Installing: /home/hiwonder/capstone_ws/src/Jetson-Ros2-Packages/install/jetmax_msgs/include/jetmax_msgs/srv/detail/demo1__rosidl_typesupport_fastrtps_c.h
[44.069s] -- Up-to-date: /home/hiwonder/capstone_ws/src/Jetson-Ros2-Packages/install/jetmax_msgs/include/jetmax_msgs/action
[44.069s] -- Up-to-date: /home/hiwonder/capstone_ws/src/Jetson-Ros2-Packages/install/jetmax_msgs/include/jetmax_msgs/action/detail
[44.070s] -- Installing: /home/hiwonder/capstone_ws/src/Jetson-Ros2-Packages/install/jetmax_msgs/include/jetmax_msgs/action/detail/path_planning__rosidl_typesupport_fastrtps_c.h
[44.070s] -- Up-to-date: /home/hiwonder/capstone_ws/src/Jetson-Ros2-Packages/install/jetmax_msgs/include/jetmax_msgs/msg
[44.071s] -- Up-to-date: /home/hiwonder/capstone_ws/src/Jetson-Ros2-Packages/install/jetmax_msgs/include/jetmax_msgs/msg/detail
[44.071s] -- Installing: /home/hiwonder/capstone_ws/src/Jetson-Ros2-Packages/install/jetmax_msgs/include/jetmax_msgs/msg/detail/position__rosidl_typesupport_fastrtps_c.h
[44.071s] -- Installing: /home/hiwonder/capstone_ws/src/Jetson-Ros2-Packages/install/jetmax_msgs/include/jetmax_msgs/msg/detail/set_motion__rosidl_typesupport_fastrtps_c.h
[44.072s] -- Installing: /home/hiwonder/capstone_ws/src/Jetson-Ros2-Packages/install/jetmax_msgs/include/jetmax_msgs/msg/rosidl_typesupport_fastrtps_c__visibility_control.h
[44.072s] -- Installing: /home/hiwonder/capstone_ws/src/Jetson-Ros2-Packages/install/jetmax_msgs/lib/libjetmax_msgs__rosidl_typesupport_fastrtps_c.so
[44.073s] -- Set runtime path of "/home/hiwonder/capstone_ws/src/Jetson-Ros2-Packages/install/jetmax_msgs/lib/libjetmax_msgs__rosidl_typesupport_fastrtps_c.so" to ""
[44.073s] -- Up-to-date: /home/hiwonder/capstone_ws/src/Jetson-Ros2-Packages/install/jetmax_msgs/include/jetmax_msgs
[44.074s] -- Up-to-date: /home/hiwonder/capstone_ws/src/Jetson-Ros2-Packages/install/jetmax_msgs/include/jetmax_msgs/srv
[44.074s] -- Up-to-date: /home/hiwonder/capstone_ws/src/Jetson-Ros2-Packages/install/jetmax_msgs/include/jetmax_msgs/srv/detail
[44.075s] -- Installing: /home/hiwonder/capstone_ws/src/Jetson-Ros2-Packages/install/jetmax_msgs/include/jetmax_msgs/srv/detail/get_position__rosidl_typesupport_fastrtps_cpp.hpp
[44.075s] -- Installing: /home/hiwonder/capstone_ws/src/Jetson-Ros2-Packages/install/jetmax_msgs/include/jetmax_msgs/srv/detail/dds_fastrtps
[44.075s] -- Installing: /home/hiwonder/capstone_ws/src/Jetson-Ros2-Packages/install/jetmax_msgs/include/jetmax_msgs/srv/detail/demo1__rosidl_typesupport_fastrtps_cpp.hpp
[44.076s] -- Up-to-date: /home/hiwonder/capstone_ws/src/Jetson-Ros2-Packages/install/jetmax_msgs/include/jetmax_msgs/action
[44.076s] -- Up-to-date: /home/hiwonder/capstone_ws/src/Jetson-Ros2-Packages/install/jetmax_msgs/include/jetmax_msgs/action/detail
[44.077s] -- Installing: /home/hiwonder/capstone_ws/src/Jetson-Ros2-Packages/install/jetmax_msgs/include/jetmax_msgs/action/detail/path_planning__rosidl_typesupport_fastrtps_cpp.hpp
[44.077s] -- Installing: /home/hiwonder/capstone_ws/src/Jetson-Ros2-Packages/install/jetmax_msgs/include/jetmax_msgs/action/detail/dds_fastrtps
[44.077s] -- Up-to-date: /home/hiwonder/capstone_ws/src/Jetson-Ros2-Packages/install/jetmax_msgs/include/jetmax_msgs/msg
[44.078s] -- Up-to-date: /home/hiwonder/capstone_ws/src/Jetson-Ros2-Packages/install/jetmax_msgs/include/jetmax_msgs/msg/detail
[44.078s] -- Installing: /home/hiwonder/capstone_ws/src/Jetson-Ros2-Packages/install/jetmax_msgs/include/jetmax_msgs/msg/detail/position__rosidl_typesupport_fastrtps_cpp.hpp
[44.078s] -- Installing: /home/hiwonder/capstone_ws/src/Jetson-Ros2-Packages/install/jetmax_msgs/include/jetmax_msgs/msg/detail/set_motion__rosidl_typesupport_fastrtps_cpp.hpp
[44.079s] -- Installing: /home/hiwonder/capstone_ws/src/Jetson-Ros2-Packages/install/jetmax_msgs/include/jetmax_msgs/msg/detail/dds_fastrtps
[44.079s] -- Installing: /home/hiwonder/capstone_ws/src/Jetson-Ros2-Packages/install/jetmax_msgs/include/jetmax_msgs/msg/rosidl_typesupport_fastrtps_cpp__visibility_control.h
[44.079s] -- Installing: /home/hiwonder/capstone_ws/src/Jetson-Ros2-Packages/install/jetmax_msgs/lib/libjetmax_msgs__rosidl_typesupport_fastrtps_cpp.so
[44.081s] -- Set runtime path of "/home/hiwonder/capstone_ws/src/Jetson-Ros2-Packages/install/jetmax_msgs/lib/libjetmax_msgs__rosidl_typesupport_fastrtps_cpp.so" to ""
[44.081s] -- Up-to-date: /home/hiwonder/capstone_ws/src/Jetson-Ros2-Packages/install/jetmax_msgs/include/jetmax_msgs
[44.082s] -- Up-to-date: /home/hiwonder/capstone_ws/src/Jetson-Ros2-Packages/install/jetmax_msgs/include/jetmax_msgs/srv
[44.082s] -- Up-to-date: /home/hiwonder/capstone_ws/src/Jetson-Ros2-Packages/install/jetmax_msgs/include/jetmax_msgs/srv/detail
[44.082s] -- Installing: /home/hiwonder/capstone_ws/src/Jetson-Ros2-Packages/install/jetmax_msgs/include/jetmax_msgs/srv/detail/demo1__type_support.c
[44.083s] -- Installing: /home/hiwonder/capstone_ws/src/Jetson-Ros2-Packages/install/jetmax_msgs/include/jetmax_msgs/srv/detail/demo1__rosidl_typesupport_introspection_c.h
[44.083s] -- Installing: /home/hiwonder/capstone_ws/src/Jetson-Ros2-Packages/install/jetmax_msgs/include/jetmax_msgs/srv/detail/get_position__rosidl_typesupport_introspection_c.h
[44.083s] -- Installing: /home/hiwonder/capstone_ws/src/Jetson-Ros2-Packages/install/jetmax_msgs/include/jetmax_msgs/srv/detail/get_position__type_support.c
[44.084s] -- Up-to-date: /home/hiwonder/capstone_ws/src/Jetson-Ros2-Packages/install/jetmax_msgs/include/jetmax_msgs/action
[44.084s] -- Up-to-date: /home/hiwonder/capstone_ws/src/Jetson-Ros2-Packages/install/jetmax_msgs/include/jetmax_msgs/action/detail
[44.085s] -- Installing: /home/hiwonder/capstone_ws/src/Jetson-Ros2-Packages/install/jetmax_msgs/include/jetmax_msgs/action/detail/path_planning__rosidl_typesupport_introspection_c.h
[44.085s] -- Installing: /home/hiwonder/capstone_ws/src/Jetson-Ros2-Packages/install/jetmax_msgs/include/jetmax_msgs/action/detail/path_planning__type_support.c
[44.085s] -- Up-to-date: /home/hiwonder/capstone_ws/src/Jetson-Ros2-Packages/install/jetmax_msgs/include/jetmax_msgs/msg
[44.086s] -- Up-to-date: /home/hiwonder/capstone_ws/src/Jetson-Ros2-Packages/install/jetmax_msgs/include/jetmax_msgs/msg/detail
[44.086s] -- Installing: /home/hiwonder/capstone_ws/src/Jetson-Ros2-Packages/install/jetmax_msgs/include/jetmax_msgs/msg/detail/set_motion__rosidl_typesupport_introspection_c.h
[44.086s] -- Installing: /home/hiwonder/capstone_ws/src/Jetson-Ros2-Packages/install/jetmax_msgs/include/jetmax_msgs/msg/detail/set_motion__type_support.c
[44.087s] -- Installing: /home/hiwonder/capstone_ws/src/Jetson-Ros2-Packages/install/jetmax_msgs/include/jetmax_msgs/msg/detail/position__type_support.c
[44.087s] -- Installing: /home/hiwonder/capstone_ws/src/Jetson-Ros2-Packages/install/jetmax_msgs/include/jetmax_msgs/msg/detail/position__rosidl_typesupport_introspection_c.h
[44.088s] -- Installing: /home/hiwonder/capstone_ws/src/Jetson-Ros2-Packages/install/jetmax_msgs/include/jetmax_msgs/msg/rosidl_typesupport_introspection_c__visibility_control.h
[44.088s] -- Installing: /home/hiwonder/capstone_ws/src/Jetson-Ros2-Packages/install/jetmax_msgs/lib/libjetmax_msgs__rosidl_typesupport_introspection_c.so
[44.090s] -- Set runtime path of "/home/hiwonder/capstone_ws/src/Jetson-Ros2-Packages/install/jetmax_msgs/lib/libjetmax_msgs__rosidl_typesupport_introspection_c.so" to ""
[44.090s] -- Installing: /home/hiwonder/capstone_ws/src/Jetson-Ros2-Packages/install/jetmax_msgs/lib/libjetmax_msgs__rosidl_typesupport_c.so
[44.092s] -- Set runtime path of "/home/hiwonder/capstone_ws/src/Jetson-Ros2-Packages/install/jetmax_msgs/lib/libjetmax_msgs__rosidl_typesupport_c.so" to ""
[44.092s] -- Up-to-date: /home/hiwonder/capstone_ws/src/Jetson-Ros2-Packages/install/jetmax_msgs/include/jetmax_msgs
[44.092s] -- Up-to-date: /home/hiwonder/capstone_ws/src/Jetson-Ros2-Packages/install/jetmax_msgs/include/jetmax_msgs/srv
[44.093s] -- Up-to-date: /home/hiwonder/capstone_ws/src/Jetson-Ros2-Packages/install/jetmax_msgs/include/jetmax_msgs/srv/detail
[44.093s] -- Installing: /home/hiwonder/capstone_ws/src/Jetson-Ros2-Packages/install/jetmax_msgs/include/jetmax_msgs/srv/detail/demo1__struct.hpp
[44.094s] -- Installing: /home/hiwonder/capstone_ws/src/Jetson-Ros2-Packages/install/jetmax_msgs/include/jetmax_msgs/srv/detail/get_position__traits.hpp
[44.094s] -- Installing: /home/hiwonder/capstone_ws/src/Jetson-Ros2-Packages/install/jetmax_msgs/include/jetmax_msgs/srv/detail/demo1__traits.hpp
[44.094s] -- Installing: /home/hiwonder/capstone_ws/src/Jetson-Ros2-Packages/install/jetmax_msgs/include/jetmax_msgs/srv/detail/get_position__struct.hpp
[44.095s] -- Installing: /home/hiwonder/capstone_ws/src/Jetson-Ros2-Packages/install/jetmax_msgs/include/jetmax_msgs/srv/detail/demo1__builder.hpp
[44.095s] -- Installing: /home/hiwonder/capstone_ws/src/Jetson-Ros2-Packages/install/jetmax_msgs/include/jetmax_msgs/srv/detail/get_position__builder.hpp
[44.096s] -- Installing: /home/hiwonder/capstone_ws/src/Jetson-Ros2-Packages/install/jetmax_msgs/include/jetmax_msgs/srv/demo1.hpp
[44.096s] -- Installing: /home/hiwonder/capstone_ws/src/Jetson-Ros2-Packages/install/jetmax_msgs/include/jetmax_msgs/srv/get_position.hpp
[44.096s] -- Up-to-date: /home/hiwonder/capstone_ws/src/Jetson-Ros2-Packages/install/jetmax_msgs/include/jetmax_msgs/action
[44.097s] -- Up-to-date: /home/hiwonder/capstone_ws/src/Jetson-Ros2-Packages/install/jetmax_msgs/include/jetmax_msgs/action/detail
[44.097s] -- Installing: /home/hiwonder/capstone_ws/src/Jetson-Ros2-Packages/install/jetmax_msgs/include/jetmax_msgs/action/detail/path_planning__traits.hpp
[44.097s] -- Installing: /home/hiwonder/capstone_ws/src/Jetson-Ros2-Packages/install/jetmax_msgs/include/jetmax_msgs/action/detail/path_planning__builder.hpp
[44.098s] -- Installing: /home/hiwonder/capstone_ws/src/Jetson-Ros2-Packages/install/jetmax_msgs/include/jetmax_msgs/action/detail/path_planning__struct.hpp
[44.098s] -- Installing: /home/hiwonder/capstone_ws/src/Jetson-Ros2-Packages/install/jetmax_msgs/include/jetmax_msgs/action/path_planning.hpp
[44.099s] -- Up-to-date: /home/hiwonder/capstone_ws/src/Jetson-Ros2-Packages/install/jetmax_msgs/include/jetmax_msgs/msg
[44.099s] -- Up-to-date: /home/hiwonder/capstone_ws/src/Jetson-Ros2-Packages/install/jetmax_msgs/include/jetmax_msgs/msg/detail
[44.099s] -- Installing: /home/hiwonder/capstone_ws/src/Jetson-Ros2-Packages/install/jetmax_msgs/include/jetmax_msgs/msg/detail/set_motion__builder.hpp
[44.100s] -- Installing: /home/hiwonder/capstone_ws/src/Jetson-Ros2-Packages/install/jetmax_msgs/include/jetmax_msgs/msg/detail/position__builder.hpp
[44.100s] -- Installing: /home/hiwonder/capstone_ws/src/Jetson-Ros2-Packages/install/jetmax_msgs/include/jetmax_msgs/msg/detail/set_motion__traits.hpp
[44.100s] -- Installing: /home/hiwonder/capstone_ws/src/Jetson-Ros2-Packages/install/jetmax_msgs/include/jetmax_msgs/msg/detail/position__traits.hpp
[44.101s] -- Installing: /home/hiwonder/capstone_ws/src/Jetson-Ros2-Packages/install/jetmax_msgs/include/jetmax_msgs/msg/detail/position__struct.hpp
[44.101s] -- Installing: /home/hiwonder/capstone_ws/src/Jetson-Ros2-Packages/install/jetmax_msgs/include/jetmax_msgs/msg/detail/set_motion__struct.hpp
[44.102s] -- Installing: /home/hiwonder/capstone_ws/src/Jetson-Ros2-Packages/install/jetmax_msgs/include/jetmax_msgs/msg/position.hpp
[44.102s] -- Installing: /home/hiwonder/capstone_ws/src/Jetson-Ros2-Packages/install/jetmax_msgs/include/jetmax_msgs/msg/set_motion.hpp
[44.103s] -- Up-to-date: /home/hiwonder/capstone_ws/src/Jetson-Ros2-Packages/install/jetmax_msgs/include/jetmax_msgs
[44.103s] -- Up-to-date: /home/hiwonder/capstone_ws/src/Jetson-Ros2-Packages/install/jetmax_msgs/include/jetmax_msgs/srv
[44.104s] -- Up-to-date: /home/hiwonder/capstone_ws/src/Jetson-Ros2-Packages/install/jetmax_msgs/include/jetmax_msgs/srv/detail
[44.104s] -- Installing: /home/hiwonder/capstone_ws/src/Jetson-Ros2-Packages/install/jetmax_msgs/include/jetmax_msgs/srv/detail/get_position__rosidl_typesupport_introspection_cpp.hpp
[44.104s] -- Installing: /home/hiwonder/capstone_ws/src/Jetson-Ros2-Packages/install/jetmax_msgs/include/jetmax_msgs/srv/detail/get_position__type_support.cpp
[44.105s] -- Installing: /home/hiwonder/capstone_ws/src/Jetson-Ros2-Packages/install/jetmax_msgs/include/jetmax_msgs/srv/detail/demo1__rosidl_typesupport_introspection_cpp.hpp
[44.105s] -- Installing: /home/hiwonder/capstone_ws/src/Jetson-Ros2-Packages/install/jetmax_msgs/include/jetmax_msgs/srv/detail/demo1__type_support.cpp
[44.106s] -- Up-to-date: /home/hiwonder/capstone_ws/src/Jetson-Ros2-Packages/install/jetmax_msgs/include/jetmax_msgs/action
[44.106s] -- Up-to-date: /home/hiwonder/capstone_ws/src/Jetson-Ros2-Packages/install/jetmax_msgs/include/jetmax_msgs/action/detail
[44.106s] -- Installing: /home/hiwonder/capstone_ws/src/Jetson-Ros2-Packages/install/jetmax_msgs/include/jetmax_msgs/action/detail/path_planning__type_support.cpp
[44.107s] -- Installing: /home/hiwonder/capstone_ws/src/Jetson-Ros2-Packages/install/jetmax_msgs/include/jetmax_msgs/action/detail/path_planning__rosidl_typesupport_introspection_cpp.hpp
[44.107s] -- Up-to-date: /home/hiwonder/capstone_ws/src/Jetson-Ros2-Packages/install/jetmax_msgs/include/jetmax_msgs/msg
[44.107s] -- Up-to-date: /home/hiwonder/capstone_ws/src/Jetson-Ros2-Packages/install/jetmax_msgs/include/jetmax_msgs/msg/detail
[44.108s] -- Installing: /home/hiwonder/capstone_ws/src/Jetson-Ros2-Packages/install/jetmax_msgs/include/jetmax_msgs/msg/detail/set_motion__type_support.cpp
[44.108s] -- Installing: /home/hiwonder/capstone_ws/src/Jetson-Ros2-Packages/install/jetmax_msgs/include/jetmax_msgs/msg/detail/position__rosidl_typesupport_introspection_cpp.hpp
[44.109s] -- Installing: /home/hiwonder/capstone_ws/src/Jetson-Ros2-Packages/install/jetmax_msgs/include/jetmax_msgs/msg/detail/position__type_support.cpp
[44.109s] -- Installing: /home/hiwonder/capstone_ws/src/Jetson-Ros2-Packages/install/jetmax_msgs/include/jetmax_msgs/msg/detail/set_motion__rosidl_typesupport_introspection_cpp.hpp
[44.110s] -- Installing: /home/hiwonder/capstone_ws/src/Jetson-Ros2-Packages/install/jetmax_msgs/lib/libjetmax_msgs__rosidl_typesupport_introspection_cpp.so
[44.112s] -- Set runtime path of "/home/hiwonder/capstone_ws/src/Jetson-Ros2-Packages/install/jetmax_msgs/lib/libjetmax_msgs__rosidl_typesupport_introspection_cpp.so" to ""
[44.112s] -- Installing: /home/hiwonder/capstone_ws/src/Jetson-Ros2-Packages/install/jetmax_msgs/lib/libjetmax_msgs__rosidl_typesupport_cpp.so
[44.113s] -- Set runtime path of "/home/hiwonder/capstone_ws/src/Jetson-Ros2-Packages/install/jetmax_msgs/lib/libjetmax_msgs__rosidl_typesupport_cpp.so" to ""
[44.114s] -- Installing: /home/hiwonder/capstone_ws/src/Jetson-Ros2-Packages/install/jetmax_msgs/share/jetmax_msgs/environment/pythonpath.sh
[44.114s] -- Installing: /home/hiwonder/capstone_ws/src/Jetson-Ros2-Packages/install/jetmax_msgs/share/jetmax_msgs/environment/pythonpath.dsv
[44.115s] -- Installing: /home/hiwonder/capstone_ws/src/Jetson-Ros2-Packages/install/jetmax_msgs/lib/python3.8/site-packages/jetmax_msgs/__init__.py
[44.248s] Compiling '/home/hiwonder/capstone_ws/src/Jetson-Ros2-Packages/install/jetmax_msgs/lib/python3.8/site-packages/jetmax_msgs/__init__.py'...
[44.269s] -- Installing: /home/hiwonder/capstone_ws/src/Jetson-Ros2-Packages/install/jetmax_msgs/lib/python3.8/site-packages/jetmax_msgs/msg
[44.269s] -- Installing: /home/hiwonder/capstone_ws/src/Jetson-Ros2-Packages/install/jetmax_msgs/lib/python3.8/site-packages/jetmax_msgs/msg/_position.py
[44.269s] -- Installing: /home/hiwonder/capstone_ws/src/Jetson-Ros2-Packages/install/jetmax_msgs/lib/python3.8/site-packages/jetmax_msgs/msg/_position_s.c
[44.270s] -- Installing: /home/hiwonder/capstone_ws/src/Jetson-Ros2-Packages/install/jetmax_msgs/lib/python3.8/site-packages/jetmax_msgs/msg/_set_motion.py
[44.270s] -- Installing: /home/hiwonder/capstone_ws/src/Jetson-Ros2-Packages/install/jetmax_msgs/lib/python3.8/site-packages/jetmax_msgs/msg/__init__.py
[44.271s] -- Installing: /home/hiwonder/capstone_ws/src/Jetson-Ros2-Packages/install/jetmax_msgs/lib/python3.8/site-packages/jetmax_msgs/msg/_set_motion_s.c
[44.271s] -- Installing: /home/hiwonder/capstone_ws/src/Jetson-Ros2-Packages/install/jetmax_msgs/lib/python3.8/site-packages/jetmax_msgs/action
[44.272s] -- Installing: /home/hiwonder/capstone_ws/src/Jetson-Ros2-Packages/install/jetmax_msgs/lib/python3.8/site-packages/jetmax_msgs/action/_path_planning_s.c
[44.272s] -- Installing: /home/hiwonder/capstone_ws/src/Jetson-Ros2-Packages/install/jetmax_msgs/lib/python3.8/site-packages/jetmax_msgs/action/_path_planning.py
[44.273s] -- Installing: /home/hiwonder/capstone_ws/src/Jetson-Ros2-Packages/install/jetmax_msgs/lib/python3.8/site-packages/jetmax_msgs/action/__init__.py
[44.274s] -- Installing: /home/hiwonder/capstone_ws/src/Jetson-Ros2-Packages/install/jetmax_msgs/lib/python3.8/site-packages/jetmax_msgs/srv
[44.274s] -- Installing: /home/hiwonder/capstone_ws/src/Jetson-Ros2-Packages/install/jetmax_msgs/lib/python3.8/site-packages/jetmax_msgs/srv/_get_position.py
[44.274s] -- Installing: /home/hiwonder/capstone_ws/src/Jetson-Ros2-Packages/install/jetmax_msgs/lib/python3.8/site-packages/jetmax_msgs/srv/_get_position_s.c
[44.275s] -- Installing: /home/hiwonder/capstone_ws/src/Jetson-Ros2-Packages/install/jetmax_msgs/lib/python3.8/site-packages/jetmax_msgs/srv/__init__.py
[44.275s] -- Installing: /home/hiwonder/capstone_ws/src/Jetson-Ros2-Packages/install/jetmax_msgs/lib/python3.8/site-packages/jetmax_msgs/srv/_demo1.py
[44.276s] -- Installing: /home/hiwonder/capstone_ws/src/Jetson-Ros2-Packages/install/jetmax_msgs/lib/python3.8/site-packages/jetmax_msgs/srv/_demo1_s.c
[44.277s] -- Installing: /home/hiwonder/capstone_ws/src/Jetson-Ros2-Packages/install/jetmax_msgs/lib/python3.8/site-packages/jetmax_msgs/jetmax_msgs_s__rosidl_typesupport_fastrtps_c.cpython-38-aarch64-linux-gnu.so
[44.278s] -- Set runtime path of "/home/hiwonder/capstone_ws/src/Jetson-Ros2-Packages/install/jetmax_msgs/lib/python3.8/site-packages/jetmax_msgs/jetmax_msgs_s__rosidl_typesupport_fastrtps_c.cpython-38-aarch64-linux-gnu.so" to ""
[44.279s] -- Installing: /home/hiwonder/capstone_ws/src/Jetson-Ros2-Packages/install/jetmax_msgs/lib/python3.8/site-packages/jetmax_msgs/jetmax_msgs_s__rosidl_typesupport_introspection_c.cpython-38-aarch64-linux-gnu.so
[44.280s] -- Set runtime path of "/home/hiwonder/capstone_ws/src/Jetson-Ros2-Packages/install/jetmax_msgs/lib/python3.8/site-packages/jetmax_msgs/jetmax_msgs_s__rosidl_typesupport_introspection_c.cpython-38-aarch64-linux-gnu.so" to ""
[44.281s] -- Installing: /home/hiwonder/capstone_ws/src/Jetson-Ros2-Packages/install/jetmax_msgs/lib/python3.8/site-packages/jetmax_msgs/jetmax_msgs_s__rosidl_typesupport_c.cpython-38-aarch64-linux-gnu.so
[44.282s] -- Set runtime path of "/home/hiwonder/capstone_ws/src/Jetson-Ros2-Packages/install/jetmax_msgs/lib/python3.8/site-packages/jetmax_msgs/jetmax_msgs_s__rosidl_typesupport_c.cpython-38-aarch64-linux-gnu.so" to ""
[44.282s] -- Installing: /home/hiwonder/capstone_ws/src/Jetson-Ros2-Packages/install/jetmax_msgs/lib/libjetmax_msgs__python.so
[44.284s] -- Set runtime path of "/home/hiwonder/capstone_ws/src/Jetson-Ros2-Packages/install/jetmax_msgs/lib/libjetmax_msgs__python.so" to ""
[44.284s] -- Installing: /home/hiwonder/capstone_ws/src/Jetson-Ros2-Packages/install/jetmax_msgs/share/jetmax_msgs/msg/SetMotion.idl
[44.285s] -- Installing: /home/hiwonder/capstone_ws/src/Jetson-Ros2-Packages/install/jetmax_msgs/share/jetmax_msgs/msg/Position.idl
[44.286s] -- Installing: /home/hiwonder/capstone_ws/src/Jetson-Ros2-Packages/install/jetmax_msgs/share/jetmax_msgs/action/PathPlanning.idl
[44.286s] -- Installing: /home/hiwonder/capstone_ws/src/Jetson-Ros2-Packages/install/jetmax_msgs/share/jetmax_msgs/srv/GetPosition.idl
[44.287s] -- Installing: /home/hiwonder/capstone_ws/src/Jetson-Ros2-Packages/install/jetmax_msgs/share/jetmax_msgs/srv/Demo1.idl
[44.287s] -- Installing: /home/hiwonder/capstone_ws/src/Jetson-Ros2-Packages/install/jetmax_msgs/share/jetmax_msgs/msg/SetMotion.msg
[44.288s] -- Installing: /home/hiwonder/capstone_ws/src/Jetson-Ros2-Packages/install/jetmax_msgs/share/jetmax_msgs/msg/Position.msg
[44.289s] -- Installing: /home/hiwonder/capstone_ws/src/Jetson-Ros2-Packages/install/jetmax_msgs/share/jetmax_msgs/action/PathPlanning.action
[44.289s] -- Installing: /home/hiwonder/capstone_ws/src/Jetson-Ros2-Packages/install/jetmax_msgs/share/jetmax_msgs/srv/GetPosition.srv
[44.290s] -- Installing: /home/hiwonder/capstone_ws/src/Jetson-Ros2-Packages/install/jetmax_msgs/share/jetmax_msgs/srv/GetPosition_Request.msg
[44.290s] -- Installing: /home/hiwonder/capstone_ws/src/Jetson-Ros2-Packages/install/jetmax_msgs/share/jetmax_msgs/srv/GetPosition_Response.msg
[44.291s] -- Installing: /home/hiwonder/capstone_ws/src/Jetson-Ros2-Packages/install/jetmax_msgs/share/jetmax_msgs/srv/Demo1.srv
[44.291s] -- Installing: /home/hiwonder/capstone_ws/src/Jetson-Ros2-Packages/install/jetmax_msgs/share/jetmax_msgs/srv/Demo1_Request.msg
[44.292s] -- Installing: /home/hiwonder/capstone_ws/src/Jetson-Ros2-Packages/install/jetmax_msgs/share/jetmax_msgs/srv/Demo1_Response.msg
[44.292s] -- Installing: /home/hiwonder/capstone_ws/src/Jetson-Ros2-Packages/install/jetmax_msgs/share/ament_index/resource_index/package_run_dependencies/jetmax_msgs
[44.293s] -- Installing: /home/hiwonder/capstone_ws/src/Jetson-Ros2-Packages/install/jetmax_msgs/share/ament_index/resource_index/parent_prefix_path/jetmax_msgs
[44.294s] -- Installing: /home/hiwonder/capstone_ws/src/Jetson-Ros2-Packages/install/jetmax_msgs/share/jetmax_msgs/environment/ament_prefix_path.sh
[44.294s] -- Installing: /home/hiwonder/capstone_ws/src/Jetson-Ros2-Packages/install/jetmax_msgs/share/jetmax_msgs/environment/ament_prefix_path.dsv
[44.295s] -- Installing: /home/hiwonder/capstone_ws/src/Jetson-Ros2-Packages/install/jetmax_msgs/share/jetmax_msgs/environment/path.sh
[44.295s] -- Installing: /home/hiwonder/capstone_ws/src/Jetson-Ros2-Packages/install/jetmax_msgs/share/jetmax_msgs/environment/path.dsv
[44.296s] -- Installing: /home/hiwonder/capstone_ws/src/Jetson-Ros2-Packages/install/jetmax_msgs/share/jetmax_msgs/local_setup.bash
[44.296s] -- Installing: /home/hiwonder/capstone_ws/src/Jetson-Ros2-Packages/install/jetmax_msgs/share/jetmax_msgs/local_setup.sh
[44.297s] -- Installing: /home/hiwonder/capstone_ws/src/Jetson-Ros2-Packages/install/jetmax_msgs/share/jetmax_msgs/local_setup.zsh
[44.297s] -- Installing: /home/hiwonder/capstone_ws/src/Jetson-Ros2-Packages/install/jetmax_msgs/share/jetmax_msgs/local_setup.dsv
[44.298s] -- Installing: /home/hiwonder/capstone_ws/src/Jetson-Ros2-Packages/install/jetmax_msgs/share/jetmax_msgs/package.dsv
[44.299s] -- Installing: /home/hiwonder/capstone_ws/src/Jetson-Ros2-Packages/install/jetmax_msgs/share/ament_index/resource_index/packages/jetmax_msgs
[44.299s] -- Installing: /home/hiwonder/capstone_ws/src/Jetson-Ros2-Packages/install/jetmax_msgs/share/jetmax_msgs/cmake/jetmax_msgs__rosidl_generator_cExport.cmake
[44.300s] -- Installing: /home/hiwonder/capstone_ws/src/Jetson-Ros2-Packages/install/jetmax_msgs/share/jetmax_msgs/cmake/jetmax_msgs__rosidl_generator_cExport-noconfig.cmake
[44.301s] -- Installing: /home/hiwonder/capstone_ws/src/Jetson-Ros2-Packages/install/jetmax_msgs/share/jetmax_msgs/cmake/jetmax_msgs__rosidl_typesupport_introspection_cExport.cmake
[44.301s] -- Installing: /home/hiwonder/capstone_ws/src/Jetson-Ros2-Packages/install/jetmax_msgs/share/jetmax_msgs/cmake/jetmax_msgs__rosidl_typesupport_introspection_cExport-noconfig.cmake
[44.302s] -- Installing: /home/hiwonder/capstone_ws/src/Jetson-Ros2-Packages/install/jetmax_msgs/share/jetmax_msgs/cmake/jetmax_msgs__rosidl_typesupport_cExport.cmake
[44.303s] -- Installing: /home/hiwonder/capstone_ws/src/Jetson-Ros2-Packages/install/jetmax_msgs/share/jetmax_msgs/cmake/jetmax_msgs__rosidl_typesupport_cExport-noconfig.cmake
[44.303s] -- Installing: /home/hiwonder/capstone_ws/src/Jetson-Ros2-Packages/install/jetmax_msgs/share/jetmax_msgs/cmake/jetmax_msgs__rosidl_generator_cppExport.cmake
[44.304s] -- Installing: /home/hiwonder/capstone_ws/src/Jetson-Ros2-Packages/install/jetmax_msgs/share/jetmax_msgs/cmake/jetmax_msgs__rosidl_typesupport_introspection_cppExport.cmake
[44.305s] -- Installing: /home/hiwonder/capstone_ws/src/Jetson-Ros2-Packages/install/jetmax_msgs/share/jetmax_msgs/cmake/jetmax_msgs__rosidl_typesupport_introspection_cppExport-noconfig.cmake
[44.306s] -- Installing: /home/hiwonder/capstone_ws/src/Jetson-Ros2-Packages/install/jetmax_msgs/share/jetmax_msgs/cmake/jetmax_msgs__rosidl_typesupport_cppExport.cmake
[44.306s] -- Installing: /home/hiwonder/capstone_ws/src/Jetson-Ros2-Packages/install/jetmax_msgs/share/jetmax_msgs/cmake/jetmax_msgs__rosidl_typesupport_cppExport-noconfig.cmake
[44.307s] -- Installing: /home/hiwonder/capstone_ws/src/Jetson-Ros2-Packages/install/jetmax_msgs/share/jetmax_msgs/cmake/rosidl_cmake-extras.cmake
[44.307s] -- Installing: /home/hiwonder/capstone_ws/src/Jetson-Ros2-Packages/install/jetmax_msgs/share/jetmax_msgs/cmake/ament_cmake_export_dependencies-extras.cmake
[44.308s] -- Installing: /home/hiwonder/capstone_ws/src/Jetson-Ros2-Packages/install/jetmax_msgs/share/jetmax_msgs/cmake/ament_cmake_export_libraries-extras.cmake
[44.309s] -- Installing: /home/hiwonder/capstone_ws/src/Jetson-Ros2-Packages/install/jetmax_msgs/share/jetmax_msgs/cmake/ament_cmake_export_targets-extras.cmake
[44.309s] -- Installing: /home/hiwonder/capstone_ws/src/Jetson-Ros2-Packages/install/jetmax_msgs/share/jetmax_msgs/cmake/ament_cmake_export_include_directories-extras.cmake
[44.310s] -- Installing: /home/hiwonder/capstone_ws/src/Jetson-Ros2-Packages/install/jetmax_msgs/share/jetmax_msgs/cmake/rosidl_cmake_export_typesupport_libraries-extras.cmake
[44.310s] -- Installing: /home/hiwonder/capstone_ws/src/Jetson-Ros2-Packages/install/jetmax_msgs/share/jetmax_msgs/cmake/rosidl_cmake_export_typesupport_targets-extras.cmake
[44.311s] -- Installing: /home/hiwonder/capstone_ws/src/Jetson-Ros2-Packages/install/jetmax_msgs/share/jetmax_msgs/cmake/jetmax_msgsConfig.cmake
[44.311s] -- Installing: /home/hiwonder/capstone_ws/src/Jetson-Ros2-Packages/install/jetmax_msgs/share/jetmax_msgs/cmake/jetmax_msgsConfig-version.cmake
[44.312s] -- Installing: /home/hiwonder/capstone_ws/src/Jetson-Ros2-Packages/install/jetmax_msgs/share/jetmax_msgs/package.xml
[44.319s] Invoked command in '/home/hiwonder/capstone_ws/src/Jetson-Ros2-Packages/build/jetmax_msgs' returned '0': CMAKE_PREFIX_PATH=${CMAKE_PREFIX_PATH}:/home/hiwonder/capstone_ws/install/jetmax_demo_3:/home/hiwonder/capstone_ws/install/demo1:/home/hiwonder/capstone_ws/install/jetmax_control:/opt/ros/foxy /usr/local/bin/cmake --install /home/hiwonder/capstone_ws/src/Jetson-Ros2-Packages/build/jetmax_msgs
