[0.078s] Invoking command in '/home/hiwonder/capstone_ws/src/Jetson-Ros2-Packages/build/jetmax_msgs': CMAKE_PREFIX_PATH=${CMAKE_PREFIX_PATH}:/home/hiwonder/capstone_ws/install/jetmax_control:/opt/ros/foxy /usr/local/bin/cmake --build /home/hiwonder/capstone_ws/src/Jetson-Ros2-Packages/build/jetmax_msgs -- -j4 -l4
[0.338s] [35m[1mConsolidate compiler generated dependencies of target jetmax_msgs__rosidl_generator_c[0m
[0.359s] [  2%] Built target jetmax_msgs__cpp
[0.371s] [ 12%] Built target jetmax_msgs__rosidl_generator_c
[0.388s] [35m[1mConsolidate compiler generated dependencies of target jetmax_msgs__rosidl_typesupport_cpp[0m
[0.391s] [35m[1mConsolidate compiler generated dependencies of target jetmax_msgs__rosidl_typesupport_fastrtps_cpp[0m
[0.403s] [35m[1mConsolidate compiler generated dependencies of target jetmax_msgs__rosidl_typesupport_introspection_c[0m
[0.413s] [35m[1mConsolidate compiler generated dependencies of target jetmax_msgs__rosidl_typesupport_introspection_cpp[0m
[0.438s] [ 23%] Built target jetmax_msgs__rosidl_typesupport_introspection_c
[0.464s] [ 43%] Built target jetmax_msgs__rosidl_typesupport_introspection_cpp
[0.464s] [ 43%] Built target jetmax_msgs__rosidl_typesupport_cpp
[0.470s] [ 53%] Built target jetmax_msgs__rosidl_typesupport_fastrtps_cpp
[0.496s] [35m[1mConsolidate compiler generated dependencies of target jetmax_msgs__rosidl_typesupport_c[0m
[0.498s] [35m[1mConsolidate compiler generated dependencies of target jetmax_msgs__rosidl_typesupport_fastrtps_c[0m
[0.519s] [ 64%] Built target jetmax_msgs__rosidl_typesupport_c
[0.537s] [ 74%] Built target jetmax_msgs__rosidl_typesupport_fastrtps_c
[0.575s] [ 74%] Built target jetmax_msgs
[0.615s] [ 76%] Built target jetmax_msgs__py
[0.642s] [35m[1mConsolidate compiler generated dependencies of target jetmax_msgs__python[0m
[0.682s] [ 84%] Built target jetmax_msgs__python
[0.714s] [35m[1mConsolidate compiler generated dependencies of target jetmax_msgs__rosidl_typesupport_fastrtps_c__pyext[0m
[0.719s] [35m[1mConsolidate compiler generated dependencies of target jetmax_msgs__rosidl_typesupport_c__pyext[0m
[0.740s] [35m[1mConsolidate compiler generated dependencies of target jetmax_msgs__rosidl_typesupport_introspection_c__pyext[0m
[0.762s] [ 89%] Built target jetmax_msgs__rosidl_typesupport_c__pyext
[0.776s] [100%] Built target jetmax_msgs__rosidl_typesupport_fastrtps_c__pyext
[0.776s] [100%] Built target jetmax_msgs__rosidl_typesupport_introspection_c__pyext
[0.795s] Invoked command in '/home/hiwonder/capstone_ws/src/Jetson-Ros2-Packages/build/jetmax_msgs' returned '0': CMAKE_PREFIX_PATH=${CMAKE_PREFIX_PATH}:/home/hiwonder/capstone_ws/install/jetmax_control:/opt/ros/foxy /usr/local/bin/cmake --build /home/hiwonder/capstone_ws/src/Jetson-Ros2-Packages/build/jetmax_msgs -- -j4 -l4
[1.035s] Invoking command in '/home/hiwonder/capstone_ws/src/Jetson-Ros2-Packages/build/jetmax_msgs': CMAKE_PREFIX_PATH=${CMAKE_PREFIX_PATH}:/home/hiwonder/capstone_ws/install/jetmax_control:/opt/ros/foxy /usr/local/bin/cmake --install /home/hiwonder/capstone_ws/src/Jetson-Ros2-Packages/build/jetmax_msgs
[1.053s] -- Install configuration: ""
[1.054s] -- Up-to-date: /home/hiwonder/capstone_ws/src/Jetson-Ros2-Packages/install/jetmax_msgs/share/ament_index/resource_index/rosidl_interfaces/jetmax_msgs
[1.055s] -- Up-to-date: /home/hiwonder/capstone_ws/src/Jetson-Ros2-Packages/install/jetmax_msgs/include/jetmax_msgs
[1.055s] -- Up-to-date: /home/hiwonder/capstone_ws/src/Jetson-Ros2-Packages/install/jetmax_msgs/include/jetmax_msgs/msg
[1.055s] -- Up-to-date: /home/hiwonder/capstone_ws/src/Jetson-Ros2-Packages/install/jetmax_msgs/include/jetmax_msgs/msg/detail
[1.056s] -- Up-to-date: /home/hiwonder/capstone_ws/src/Jetson-Ros2-Packages/install/jetmax_msgs/include/jetmax_msgs/msg/detail/set_motion__functions.c
[1.057s] -- Up-to-date: /home/hiwonder/capstone_ws/src/Jetson-Ros2-Packages/install/jetmax_msgs/include/jetmax_msgs/msg/detail/position__functions.h
[1.057s] -- Up-to-date: /home/hiwonder/capstone_ws/src/Jetson-Ros2-Packages/install/jetmax_msgs/include/jetmax_msgs/msg/detail/position__functions.c
[1.058s] -- Up-to-date: /home/hiwonder/capstone_ws/src/Jetson-Ros2-Packages/install/jetmax_msgs/include/jetmax_msgs/msg/detail/set_motion__type_support.h
[1.059s] -- Up-to-date: /home/hiwonder/capstone_ws/src/Jetson-Ros2-Packages/install/jetmax_msgs/include/jetmax_msgs/msg/detail/position__struct.h
[1.059s] -- Up-to-date: /home/hiwonder/capstone_ws/src/Jetson-Ros2-Packages/install/jetmax_msgs/include/jetmax_msgs/msg/detail/set_motion__struct.h
[1.060s] -- Up-to-date: /home/hiwonder/capstone_ws/src/Jetson-Ros2-Packages/install/jetmax_msgs/include/jetmax_msgs/msg/detail/set_motion__functions.h
[1.060s] -- Up-to-date: /home/hiwonder/capstone_ws/src/Jetson-Ros2-Packages/install/jetmax_msgs/include/jetmax_msgs/msg/detail/position__type_support.h
[1.061s] -- Up-to-date: /home/hiwonder/capstone_ws/src/Jetson-Ros2-Packages/install/jetmax_msgs/include/jetmax_msgs/msg/position.h
[1.061s] -- Up-to-date: /home/hiwonder/capstone_ws/src/Jetson-Ros2-Packages/install/jetmax_msgs/include/jetmax_msgs/msg/rosidl_generator_c__visibility_control.h
[1.062s] -- Up-to-date: /home/hiwonder/capstone_ws/src/Jetson-Ros2-Packages/install/jetmax_msgs/include/jetmax_msgs/msg/set_motion.h
[1.062s] -- Up-to-date: /home/hiwonder/capstone_ws/src/Jetson-Ros2-Packages/install/jetmax_msgs/share/jetmax_msgs/environment/library_path.sh
[1.063s] -- Up-to-date: /home/hiwonder/capstone_ws/src/Jetson-Ros2-Packages/install/jetmax_msgs/share/jetmax_msgs/environment/library_path.dsv
[1.063s] -- Up-to-date: /home/hiwonder/capstone_ws/src/Jetson-Ros2-Packages/install/jetmax_msgs/lib/libjetmax_msgs__rosidl_generator_c.so
[1.064s] -- Up-to-date: /home/hiwonder/capstone_ws/src/Jetson-Ros2-Packages/install/jetmax_msgs/include/jetmax_msgs
[1.064s] -- Up-to-date: /home/hiwonder/capstone_ws/src/Jetson-Ros2-Packages/install/jetmax_msgs/include/jetmax_msgs/msg
[1.064s] -- Up-to-date: /home/hiwonder/capstone_ws/src/Jetson-Ros2-Packages/install/jetmax_msgs/include/jetmax_msgs/msg/detail
[1.065s] -- Up-to-date: /home/hiwonder/capstone_ws/src/Jetson-Ros2-Packages/install/jetmax_msgs/include/jetmax_msgs/msg/detail/position__rosidl_typesupport_fastrtps_c.h
[1.066s] -- Up-to-date: /home/hiwonder/capstone_ws/src/Jetson-Ros2-Packages/install/jetmax_msgs/include/jetmax_msgs/msg/detail/set_motion__rosidl_typesupport_fastrtps_c.h
[1.066s] -- Up-to-date: /home/hiwonder/capstone_ws/src/Jetson-Ros2-Packages/install/jetmax_msgs/include/jetmax_msgs/msg/rosidl_typesupport_fastrtps_c__visibility_control.h
[1.067s] -- Up-to-date: /home/hiwonder/capstone_ws/src/Jetson-Ros2-Packages/install/jetmax_msgs/lib/libjetmax_msgs__rosidl_typesupport_fastrtps_c.so
[1.067s] -- Up-to-date: /home/hiwonder/capstone_ws/src/Jetson-Ros2-Packages/install/jetmax_msgs/include/jetmax_msgs
[1.068s] -- Up-to-date: /home/hiwonder/capstone_ws/src/Jetson-Ros2-Packages/install/jetmax_msgs/include/jetmax_msgs/msg
[1.068s] -- Up-to-date: /home/hiwonder/capstone_ws/src/Jetson-Ros2-Packages/install/jetmax_msgs/include/jetmax_msgs/msg/detail
[1.068s] -- Up-to-date: /home/hiwonder/capstone_ws/src/Jetson-Ros2-Packages/install/jetmax_msgs/include/jetmax_msgs/msg/detail/position__rosidl_typesupport_fastrtps_cpp.hpp
[1.069s] -- Up-to-date: /home/hiwonder/capstone_ws/src/Jetson-Ros2-Packages/install/jetmax_msgs/include/jetmax_msgs/msg/detail/set_motion__rosidl_typesupport_fastrtps_cpp.hpp
[1.069s] -- Up-to-date: /home/hiwonder/capstone_ws/src/Jetson-Ros2-Packages/install/jetmax_msgs/include/jetmax_msgs/msg/detail/dds_fastrtps
[1.070s] -- Up-to-date: /home/hiwonder/capstone_ws/src/Jetson-Ros2-Packages/install/jetmax_msgs/include/jetmax_msgs/msg/rosidl_typesupport_fastrtps_cpp__visibility_control.h
[1.071s] -- Up-to-date: /home/hiwonder/capstone_ws/src/Jetson-Ros2-Packages/install/jetmax_msgs/lib/libjetmax_msgs__rosidl_typesupport_fastrtps_cpp.so
[1.072s] -- Up-to-date: /home/hiwonder/capstone_ws/src/Jetson-Ros2-Packages/install/jetmax_msgs/include/jetmax_msgs
[1.073s] -- Up-to-date: /home/hiwonder/capstone_ws/src/Jetson-Ros2-Packages/install/jetmax_msgs/include/jetmax_msgs/msg
[1.074s] -- Up-to-date: /home/hiwonder/capstone_ws/src/Jetson-Ros2-Packages/install/jetmax_msgs/include/jetmax_msgs/msg/detail
[1.075s] -- Up-to-date: /home/hiwonder/capstone_ws/src/Jetson-Ros2-Packages/install/jetmax_msgs/include/jetmax_msgs/msg/detail/set_motion__rosidl_typesupport_introspection_c.h
[1.075s] -- Up-to-date: /home/hiwonder/capstone_ws/src/Jetson-Ros2-Packages/install/jetmax_msgs/include/jetmax_msgs/msg/detail/set_motion__type_support.c
[1.076s] -- Up-to-date: /home/hiwonder/capstone_ws/src/Jetson-Ros2-Packages/install/jetmax_msgs/include/jetmax_msgs/msg/detail/position__type_support.c
[1.076s] -- Up-to-date: /home/hiwonder/capstone_ws/src/Jetson-Ros2-Packages/install/jetmax_msgs/include/jetmax_msgs/msg/detail/position__rosidl_typesupport_introspection_c.h
[1.077s] -- Up-to-date: /home/hiwonder/capstone_ws/src/Jetson-Ros2-Packages/install/jetmax_msgs/include/jetmax_msgs/msg/rosidl_typesupport_introspection_c__visibility_control.h
[1.077s] -- Up-to-date: /home/hiwonder/capstone_ws/src/Jetson-Ros2-Packages/install/jetmax_msgs/lib/libjetmax_msgs__rosidl_typesupport_introspection_c.so
[1.078s] -- Up-to-date: /home/hiwonder/capstone_ws/src/Jetson-Ros2-Packages/install/jetmax_msgs/lib/libjetmax_msgs__rosidl_typesupport_c.so
[1.079s] -- Up-to-date: /home/hiwonder/capstone_ws/src/Jetson-Ros2-Packages/install/jetmax_msgs/include/jetmax_msgs
[1.080s] -- Up-to-date: /home/hiwonder/capstone_ws/src/Jetson-Ros2-Packages/install/jetmax_msgs/include/jetmax_msgs/msg
[1.080s] -- Up-to-date: /home/hiwonder/capstone_ws/src/Jetson-Ros2-Packages/install/jetmax_msgs/include/jetmax_msgs/msg/detail
[1.081s] -- Up-to-date: /home/hiwonder/capstone_ws/src/Jetson-Ros2-Packages/install/jetmax_msgs/include/jetmax_msgs/msg/detail/set_motion__builder.hpp
[1.081s] -- Up-to-date: /home/hiwonder/capstone_ws/src/Jetson-Ros2-Packages/install/jetmax_msgs/include/jetmax_msgs/msg/detail/position__builder.hpp
[1.081s] -- Up-to-date: /home/hiwonder/capstone_ws/src/Jetson-Ros2-Packages/install/jetmax_msgs/include/jetmax_msgs/msg/detail/set_motion__traits.hpp
[1.082s] -- Up-to-date: /home/hiwonder/capstone_ws/src/Jetson-Ros2-Packages/install/jetmax_msgs/include/jetmax_msgs/msg/detail/position__traits.hpp
[1.083s] -- Up-to-date: /home/hiwonder/capstone_ws/src/Jetson-Ros2-Packages/install/jetmax_msgs/include/jetmax_msgs/msg/detail/position__struct.hpp
[1.083s] -- Up-to-date: /home/hiwonder/capstone_ws/src/Jetson-Ros2-Packages/install/jetmax_msgs/include/jetmax_msgs/msg/detail/set_motion__struct.hpp
[1.083s] -- Up-to-date: /home/hiwonder/capstone_ws/src/Jetson-Ros2-Packages/install/jetmax_msgs/include/jetmax_msgs/msg/position.hpp
[1.084s] -- Up-to-date: /home/hiwonder/capstone_ws/src/Jetson-Ros2-Packages/install/jetmax_msgs/include/jetmax_msgs/msg/set_motion.hpp
[1.084s] -- Up-to-date: /home/hiwonder/capstone_ws/src/Jetson-Ros2-Packages/install/jetmax_msgs/include/jetmax_msgs
[1.085s] -- Up-to-date: /home/hiwonder/capstone_ws/src/Jetson-Ros2-Packages/install/jetmax_msgs/include/jetmax_msgs/msg
[1.085s] -- Up-to-date: /home/hiwonder/capstone_ws/src/Jetson-Ros2-Packages/install/jetmax_msgs/include/jetmax_msgs/msg/detail
[1.086s] -- Up-to-date: /home/hiwonder/capstone_ws/src/Jetson-Ros2-Packages/install/jetmax_msgs/include/jetmax_msgs/msg/detail/set_motion__type_support.cpp
[1.086s] -- Up-to-date: /home/hiwonder/capstone_ws/src/Jetson-Ros2-Packages/install/jetmax_msgs/include/jetmax_msgs/msg/detail/position__rosidl_typesupport_introspection_cpp.hpp
[1.087s] -- Up-to-date: /home/hiwonder/capstone_ws/src/Jetson-Ros2-Packages/install/jetmax_msgs/include/jetmax_msgs/msg/detail/position__type_support.cpp
[1.087s] -- Up-to-date: /home/hiwonder/capstone_ws/src/Jetson-Ros2-Packages/install/jetmax_msgs/include/jetmax_msgs/msg/detail/set_motion__rosidl_typesupport_introspection_cpp.hpp
[1.088s] -- Up-to-date: /home/hiwonder/capstone_ws/src/Jetson-Ros2-Packages/install/jetmax_msgs/lib/libjetmax_msgs__rosidl_typesupport_introspection_cpp.so
[1.088s] -- Up-to-date: /home/hiwonder/capstone_ws/src/Jetson-Ros2-Packages/install/jetmax_msgs/lib/libjetmax_msgs__rosidl_typesupport_cpp.so
[1.088s] -- Up-to-date: /home/hiwonder/capstone_ws/src/Jetson-Ros2-Packages/install/jetmax_msgs/share/jetmax_msgs/environment/pythonpath.sh
[1.089s] -- Up-to-date: /home/hiwonder/capstone_ws/src/Jetson-Ros2-Packages/install/jetmax_msgs/share/jetmax_msgs/environment/pythonpath.dsv
[1.090s] -- Up-to-date: /home/hiwonder/capstone_ws/src/Jetson-Ros2-Packages/install/jetmax_msgs/lib/python3.8/site-packages/jetmax_msgs/__init__.py
[1.248s] -- Up-to-date: /home/hiwonder/capstone_ws/src/Jetson-Ros2-Packages/install/jetmax_msgs/lib/python3.8/site-packages/jetmax_msgs/msg
[1.249s] -- Up-to-date: /home/hiwonder/capstone_ws/src/Jetson-Ros2-Packages/install/jetmax_msgs/lib/python3.8/site-packages/jetmax_msgs/msg/_position.py
[1.249s] -- Up-to-date: /home/hiwonder/capstone_ws/src/Jetson-Ros2-Packages/install/jetmax_msgs/lib/python3.8/site-packages/jetmax_msgs/msg/_position_s.c
[1.249s] -- Up-to-date: /home/hiwonder/capstone_ws/src/Jetson-Ros2-Packages/install/jetmax_msgs/lib/python3.8/site-packages/jetmax_msgs/msg/_set_motion.py
[1.250s] -- Up-to-date: /home/hiwonder/capstone_ws/src/Jetson-Ros2-Packages/install/jetmax_msgs/lib/python3.8/site-packages/jetmax_msgs/msg/__init__.py
[1.250s] -- Up-to-date: /home/hiwonder/capstone_ws/src/Jetson-Ros2-Packages/install/jetmax_msgs/lib/python3.8/site-packages/jetmax_msgs/msg/_set_motion_s.c
[1.252s] -- Up-to-date: /home/hiwonder/capstone_ws/src/Jetson-Ros2-Packages/install/jetmax_msgs/lib/python3.8/site-packages/jetmax_msgs/jetmax_msgs_s__rosidl_typesupport_fastrtps_c.cpython-38-aarch64-linux-gnu.so
[1.254s] -- Up-to-date: /home/hiwonder/capstone_ws/src/Jetson-Ros2-Packages/install/jetmax_msgs/lib/python3.8/site-packages/jetmax_msgs/jetmax_msgs_s__rosidl_typesupport_introspection_c.cpython-38-aarch64-linux-gnu.so
[1.256s] -- Up-to-date: /home/hiwonder/capstone_ws/src/Jetson-Ros2-Packages/install/jetmax_msgs/lib/python3.8/site-packages/jetmax_msgs/jetmax_msgs_s__rosidl_typesupport_c.cpython-38-aarch64-linux-gnu.so
[1.258s] -- Up-to-date: /home/hiwonder/capstone_ws/src/Jetson-Ros2-Packages/install/jetmax_msgs/lib/libjetmax_msgs__python.so
[1.259s] -- Up-to-date: /home/hiwonder/capstone_ws/src/Jetson-Ros2-Packages/install/jetmax_msgs/share/jetmax_msgs/msg/SetMotion.idl
[1.259s] -- Up-to-date: /home/hiwonder/capstone_ws/src/Jetson-Ros2-Packages/install/jetmax_msgs/share/jetmax_msgs/msg/Position.idl
[1.260s] -- Up-to-date: /home/hiwonder/capstone_ws/src/Jetson-Ros2-Packages/install/jetmax_msgs/share/jetmax_msgs/msg/SetMotion.msg
[1.260s] -- Up-to-date: /home/hiwonder/capstone_ws/src/Jetson-Ros2-Packages/install/jetmax_msgs/share/jetmax_msgs/msg/Position.msg
[1.261s] -- Up-to-date: /home/hiwonder/capstone_ws/src/Jetson-Ros2-Packages/install/jetmax_msgs/share/ament_index/resource_index/package_run_dependencies/jetmax_msgs
[1.261s] -- Up-to-date: /home/hiwonder/capstone_ws/src/Jetson-Ros2-Packages/install/jetmax_msgs/share/ament_index/resource_index/parent_prefix_path/jetmax_msgs
[1.262s] -- Up-to-date: /home/hiwonder/capstone_ws/src/Jetson-Ros2-Packages/install/jetmax_msgs/share/jetmax_msgs/environment/ament_prefix_path.sh
[1.262s] -- Up-to-date: /home/hiwonder/capstone_ws/src/Jetson-Ros2-Packages/install/jetmax_msgs/share/jetmax_msgs/environment/ament_prefix_path.dsv
[1.262s] -- Up-to-date: /home/hiwonder/capstone_ws/src/Jetson-Ros2-Packages/install/jetmax_msgs/share/jetmax_msgs/environment/path.sh
[1.263s] -- Up-to-date: /home/hiwonder/capstone_ws/src/Jetson-Ros2-Packages/install/jetmax_msgs/share/jetmax_msgs/environment/path.dsv
[1.263s] -- Up-to-date: /home/hiwonder/capstone_ws/src/Jetson-Ros2-Packages/install/jetmax_msgs/share/jetmax_msgs/local_setup.bash
[1.263s] -- Up-to-date: /home/hiwonder/capstone_ws/src/Jetson-Ros2-Packages/install/jetmax_msgs/share/jetmax_msgs/local_setup.sh
[1.264s] -- Up-to-date: /home/hiwonder/capstone_ws/src/Jetson-Ros2-Packages/install/jetmax_msgs/share/jetmax_msgs/local_setup.zsh
[1.264s] -- Up-to-date: /home/hiwonder/capstone_ws/src/Jetson-Ros2-Packages/install/jetmax_msgs/share/jetmax_msgs/local_setup.dsv
[1.265s] -- Installing: /home/hiwonder/capstone_ws/src/Jetson-Ros2-Packages/install/jetmax_msgs/share/jetmax_msgs/package.dsv
[1.265s] -- Up-to-date: /home/hiwonder/capstone_ws/src/Jetson-Ros2-Packages/install/jetmax_msgs/share/ament_index/resource_index/packages/jetmax_msgs
[1.265s] -- Up-to-date: /home/hiwonder/capstone_ws/src/Jetson-Ros2-Packages/install/jetmax_msgs/share/jetmax_msgs/cmake/jetmax_msgs__rosidl_generator_cExport.cmake
[1.266s] -- Up-to-date: /home/hiwonder/capstone_ws/src/Jetson-Ros2-Packages/install/jetmax_msgs/share/jetmax_msgs/cmake/jetmax_msgs__rosidl_generator_cExport-noconfig.cmake
[1.266s] -- Up-to-date: /home/hiwonder/capstone_ws/src/Jetson-Ros2-Packages/install/jetmax_msgs/share/jetmax_msgs/cmake/jetmax_msgs__rosidl_typesupport_introspection_cExport.cmake
[1.267s] -- Up-to-date: /home/hiwonder/capstone_ws/src/Jetson-Ros2-Packages/install/jetmax_msgs/share/jetmax_msgs/cmake/jetmax_msgs__rosidl_typesupport_introspection_cExport-noconfig.cmake
[1.268s] -- Up-to-date: /home/hiwonder/capstone_ws/src/Jetson-Ros2-Packages/install/jetmax_msgs/share/jetmax_msgs/cmake/jetmax_msgs__rosidl_typesupport_cExport.cmake
[1.268s] -- Up-to-date: /home/hiwonder/capstone_ws/src/Jetson-Ros2-Packages/install/jetmax_msgs/share/jetmax_msgs/cmake/jetmax_msgs__rosidl_typesupport_cExport-noconfig.cmake
[1.269s] -- Up-to-date: /home/hiwonder/capstone_ws/src/Jetson-Ros2-Packages/install/jetmax_msgs/share/jetmax_msgs/cmake/jetmax_msgs__rosidl_generator_cppExport.cmake
[1.271s] -- Up-to-date: /home/hiwonder/capstone_ws/src/Jetson-Ros2-Packages/install/jetmax_msgs/share/jetmax_msgs/cmake/jetmax_msgs__rosidl_typesupport_introspection_cppExport.cmake
[1.279s] -- Up-to-date: /home/hiwonder/capstone_ws/src/Jetson-Ros2-Packages/install/jetmax_msgs/share/jetmax_msgs/cmake/jetmax_msgs__rosidl_typesupport_introspection_cppExport-noconfig.cmake
[1.280s] -- Up-to-date: /home/hiwonder/capstone_ws/src/Jetson-Ros2-Packages/install/jetmax_msgs/share/jetmax_msgs/cmake/jetmax_msgs__rosidl_typesupport_cppExport.cmake
[1.284s] -- Up-to-date: /home/hiwonder/capstone_ws/src/Jetson-Ros2-Packages/install/jetmax_msgs/share/jetmax_msgs/cmake/jetmax_msgs__rosidl_typesupport_cppExport-noconfig.cmake
[1.284s] -- Up-to-date: /home/hiwonder/capstone_ws/src/Jetson-Ros2-Packages/install/jetmax_msgs/share/jetmax_msgs/cmake/rosidl_cmake-extras.cmake
[1.285s] -- Up-to-date: /home/hiwonder/capstone_ws/src/Jetson-Ros2-Packages/install/jetmax_msgs/share/jetmax_msgs/cmake/ament_cmake_export_dependencies-extras.cmake
[1.285s] -- Up-to-date: /home/hiwonder/capstone_ws/src/Jetson-Ros2-Packages/install/jetmax_msgs/share/jetmax_msgs/cmake/ament_cmake_export_libraries-extras.cmake
[1.286s] -- Up-to-date: /home/hiwonder/capstone_ws/src/Jetson-Ros2-Packages/install/jetmax_msgs/share/jetmax_msgs/cmake/ament_cmake_export_targets-extras.cmake
[1.286s] -- Up-to-date: /home/hiwonder/capstone_ws/src/Jetson-Ros2-Packages/install/jetmax_msgs/share/jetmax_msgs/cmake/ament_cmake_export_include_directories-extras.cmake
[1.286s] -- Up-to-date: /home/hiwonder/capstone_ws/src/Jetson-Ros2-Packages/install/jetmax_msgs/share/jetmax_msgs/cmake/rosidl_cmake_export_typesupport_libraries-extras.cmake
[1.287s] -- Up-to-date: /home/hiwonder/capstone_ws/src/Jetson-Ros2-Packages/install/jetmax_msgs/share/jetmax_msgs/cmake/rosidl_cmake_export_typesupport_targets-extras.cmake
[1.289s] -- Up-to-date: /home/hiwonder/capstone_ws/src/Jetson-Ros2-Packages/install/jetmax_msgs/share/jetmax_msgs/cmake/jetmax_msgsConfig.cmake
[1.291s] -- Up-to-date: /home/hiwonder/capstone_ws/src/Jetson-Ros2-Packages/install/jetmax_msgs/share/jetmax_msgs/cmake/jetmax_msgsConfig-version.cmake
[1.292s] -- Up-to-date: /home/hiwonder/capstone_ws/src/Jetson-Ros2-Packages/install/jetmax_msgs/share/jetmax_msgs/package.xml
[1.293s] Invoked command in '/home/hiwonder/capstone_ws/src/Jetson-Ros2-Packages/build/jetmax_msgs' returned '0': CMAKE_PREFIX_PATH=${CMAKE_PREFIX_PATH}:/home/hiwonder/capstone_ws/install/jetmax_control:/opt/ros/foxy /usr/local/bin/cmake --install /home/hiwonder/capstone_ws/src/Jetson-Ros2-Packages/build/jetmax_msgs
