[2.947s] Invoking command in '/home/hiwonder/capstone_ws/src/Jetson-Ros2-Packages/jetmax_control': AMENT_PREFIX_PATH=/home/hiwonder/capstone_ws/src/Jetson-Ros2-Packages/install/jetmax_msgs:${AMENT_PREFIX_PATH} CMAKE_PREFIX_PATH=/home/hiwonder/capstone_ws/src/Jetson-Ros2-Packages/install/jetmax_msgs:${CMAKE_PREFIX_PATH} LD_LIBRARY_PATH=/home/hiwonder/capstone_ws/src/Jetson-Ros2-Packages/install/jetmax_msgs/lib:${LD_LIBRARY_PATH} PYTHONPATH=/home/hiwonder/capstone_ws/src/Jetson-Ros2-Packages/build/jetmax_control/prefix_override:/home/hiwonder/capstone_ws/src/Jetson-Ros2-Packages/install/jetmax_control/lib/python3.8/site-packages:/home/hiwonder/capstone_ws/src/Jetson-Ros2-Packages/install/jetmax_msgs/lib/python3.8/site-packages:${PYTHONPATH} /usr/bin/python3 setup.py egg_info --egg-base ../build/jetmax_control build --build-base /home/hiwonder/capstone_ws/src/Jetson-Ros2-Packages/build/jetmax_control/build install --record /home/hiwonder/capstone_ws/src/Jetson-Ros2-Packages/build/jetmax_control/install.log --install-scripts $base/lib/jetmax_control --single-version-externally-managed
[3.827s] running egg_info
[3.830s] writing ../build/jetmax_control/jetmax_control.egg-info/PKG-INFO
[3.832s] writing dependency_links to ../build/jetmax_control/jetmax_control.egg-info/dependency_links.txt
[3.832s] writing entry points to ../build/jetmax_control/jetmax_control.egg-info/entry_points.txt
[3.832s] writing requirements to ../build/jetmax_control/jetmax_control.egg-info/requires.txt
[3.833s] writing top-level names to ../build/jetmax_control/jetmax_control.egg-info/top_level.txt
[4.006s] reading manifest file '../build/jetmax_control/jetmax_control.egg-info/SOURCES.txt'
[4.015s] writing manifest file '../build/jetmax_control/jetmax_control.egg-info/SOURCES.txt'
[4.015s] running build
[4.016s] running build_py
[4.020s] copying jetmax_control/controller.py -> /home/hiwonder/capstone_ws/src/Jetson-Ros2-Packages/build/jetmax_control/build/lib/jetmax_control
[4.021s] running install
[4.021s] running install_lib
[4.024s] copying /home/hiwonder/capstone_ws/src/Jetson-Ros2-Packages/build/jetmax_control/build/lib/jetmax_control/controller.py -> /home/hiwonder/capstone_ws/src/Jetson-Ros2-Packages/install/jetmax_control/lib/python3.8/site-packages/jetmax_control
[4.027s] byte-compiling /home/hiwonder/capstone_ws/src/Jetson-Ros2-Packages/install/jetmax_control/lib/python3.8/site-packages/jetmax_control/controller.py to controller.cpython-38.pyc
[4.036s] running install_data
[4.038s] running install_egg_info
[4.044s] removing '/home/hiwonder/capstone_ws/src/Jetson-Ros2-Packages/install/jetmax_control/lib/python3.8/site-packages/jetmax_control-0.0.0-py3.8.egg-info' (and everything under it)
[4.045s] Copying ../build/jetmax_control/jetmax_control.egg-info to /home/hiwonder/capstone_ws/src/Jetson-Ros2-Packages/install/jetmax_control/lib/python3.8/site-packages/jetmax_control-0.0.0-py3.8.egg-info
[4.052s] running install_scripts
[4.131s] Installing controller script to /home/hiwonder/capstone_ws/src/Jetson-Ros2-Packages/install/jetmax_control/lib/jetmax_control
[4.132s] writing list of installed files to '/home/hiwonder/capstone_ws/src/Jetson-Ros2-Packages/build/jetmax_control/install.log'
[4.239s] Invoked command in '/home/hiwonder/capstone_ws/src/Jetson-Ros2-Packages/jetmax_control' returned '0': AMENT_PREFIX_PATH=/home/hiwonder/capstone_ws/src/Jetson-Ros2-Packages/install/jetmax_msgs:${AMENT_PREFIX_PATH} CMAKE_PREFIX_PATH=/home/hiwonder/capstone_ws/src/Jetson-Ros2-Packages/install/jetmax_msgs:${CMAKE_PREFIX_PATH} LD_LIBRARY_PATH=/home/hiwonder/capstone_ws/src/Jetson-Ros2-Packages/install/jetmax_msgs/lib:${LD_LIBRARY_PATH} PYTHONPATH=/home/hiwonder/capstone_ws/src/Jetson-Ros2-Packages/build/jetmax_control/prefix_override:/home/hiwonder/capstone_ws/src/Jetson-Ros2-Packages/install/jetmax_control/lib/python3.8/site-packages:/home/hiwonder/capstone_ws/src/Jetson-Ros2-Packages/install/jetmax_msgs/lib/python3.8/site-packages:${PYTHONPATH} /usr/bin/python3 setup.py egg_info --egg-base ../build/jetmax_control build --build-base /home/hiwonder/capstone_ws/src/Jetson-Ros2-Packages/build/jetmax_control/build install --record /home/hiwonder/capstone_ws/src/Jetson-Ros2-Packages/build/jetmax_control/install.log --install-scripts $base/lib/jetmax_control --single-version-externally-managed
