-- The C compiler identification is GNU 9.4.0
-- The CXX compiler identification is GNU 9.4.0
-- Detecting C compiler ABI info
-- Detecting C compiler ABI info - done
-- Check for working C compiler: /usr/bin/cc - skipped
-- Detecting C compile features
-- Detecting C compile features - done
-- Detecting CXX compiler ABI info
-- Detecting CXX compiler ABI info - done
-- Check for working CXX compiler: /usr/bin/c++ - skipped
-- Detecting CXX compile features
-- Detecting CXX compile features - done
-- Found ament_cmake: 0.9.11 (/opt/ros/foxy/share/ament_cmake/cmake)
-- Found PythonInterp: /usr/bin/python3 (found suitable version "3.8.10", minimum required is "3") 
-- Using PYTHON_EXECUTABLE: /usr/bin/python3
-- Found ament_lint_auto: 0.9.7 (/opt/ros/foxy/share/ament_lint_auto/cmake)
-- Found rosidl_default_generators: 1.0.1 (/opt/ros/foxy/share/rosidl_default_generators/cmake)
-- Using all available rosidl_typesupport_c: rosidl_typesupport_fastrtps_c;rosidl_typesupport_introspection_c
-- Found rosidl_adapter: 1.3.0 (/opt/ros/foxy/share/rosidl_adapter/cmake)
-- Found OpenSSL: /usr/lib/aarch64-linux-gnu/libcrypto.so (found version "1.1.1f")  
-- Found FastRTPS: /opt/ros/foxy/include  
-- Using all available rosidl_typesupport_cpp: rosidl_typesupport_fastrtps_cpp;rosidl_typesupport_introspection_cpp
-- Found PythonInterp: /usr/bin/python3 (found version "3.8.10") 
-- Found ament_cmake_ros: 0.9.2 (/opt/ros/foxy/share/ament_cmake_ros/cmake)
-- Using all available rosidl_typesupport_c: rosidl_typesupport_fastrtps_c;rosidl_typesupport_introspection_c
-- Using all available rosidl_typesupport_cpp: rosidl_typesupport_fastrtps_cpp;rosidl_typesupport_introspection_cpp
-- Found PythonInterp: /usr/bin/python3 (found suitable version "3.8.10", minimum required is "3.5") 
-- Found python_cmake_module: 0.8.1 (/opt/ros/foxy/share/python_cmake_module/cmake)
-- Found PythonLibs: /usr/lib/aarch64-linux-gnu/libpython3.8.so (found suitable version "3.8.10", minimum required is "3.5") 
-- Using PYTHON_EXECUTABLE: /usr/bin/python3
-- Using PYTHON_INCLUDE_DIRS: /usr/include/python3.8
-- Using PYTHON_LIBRARIES: /usr/lib/aarch64-linux-gnu/libpython3.8.so
-- Found PythonExtra: .so  
-- Added test 'copyright' to check source files copyright and LICENSE
-- Added test 'lint_cmake' to check CMake code style
-- Added test 'xmllint' to check XML markup files
-- Configuring done
-- Generating done
-- Build files have been written to: /home/hiwonder/capstone_ws/src/Jetson-Ros2-Packages/build/jetmax_msgs
[  2%] [34m[1mGenerating C code for ROS interfaces[0m
[  5%] [34m[1mGenerating C++ code for ROS interfaces[0m
[  5%] Built target jetmax_msgs__cpp
[ 10%] [34m[1mGenerating C++ type support for eProsima Fast-RTPS[0m
[ 10%] [34m[1mGenerating C++ type support dispatch for ROS interfaces[0m
[ 12%] [34m[1mGenerating C++ introspection for ROS interfaces[0m
[ 15%] [32mBuilding C object CMakeFiles/jetmax_msgs__rosidl_generator_c.dir/rosidl_generator_c/jetmax_msgs/msg/detail/set_motion__functions.c.o[0m
[ 17%] [32mBuilding C object CMakeFiles/jetmax_msgs__rosidl_generator_c.dir/rosidl_generator_c/jetmax_msgs/msg/detail/position__functions.c.o[0m
[ 20%] [32m[1mLinking C shared library libjetmax_msgs__rosidl_generator_c.so[0m
[ 20%] Built target jetmax_msgs__rosidl_generator_c
[ 23%] [34m[1mGenerating C introspection for ROS interfaces[0m
[ 25%] [32mBuilding CXX object CMakeFiles/jetmax_msgs__rosidl_typesupport_cpp.dir/rosidl_typesupport_cpp/jetmax_msgs/msg/set_motion__type_support.cpp.o[0m
[ 28%] [32mBuilding CXX object CMakeFiles/jetmax_msgs__rosidl_typesupport_introspection_cpp.dir/rosidl_typesupport_introspection_cpp/jetmax_msgs/msg/detail/set_motion__type_support.cpp.o[0m
[ 30%] [32mBuilding CXX object CMakeFiles/jetmax_msgs__rosidl_typesupport_fastrtps_cpp.dir/rosidl_typesupport_fastrtps_cpp/jetmax_msgs/msg/detail/dds_fastrtps/set_motion__type_support.cpp.o[0m
[ 33%] [32mBuilding C object CMakeFiles/jetmax_msgs__rosidl_typesupport_introspection_c.dir/rosidl_typesupport_introspection_c/jetmax_msgs/msg/detail/set_motion__type_support.c.o[0m
[ 35%] [32mBuilding C object CMakeFiles/jetmax_msgs__rosidl_typesupport_introspection_c.dir/rosidl_typesupport_introspection_c/jetmax_msgs/msg/detail/position__type_support.c.o[0m
[ 38%] [32m[1mLinking C shared library libjetmax_msgs__rosidl_typesupport_introspection_c.so[0m
[ 38%] Built target jetmax_msgs__rosidl_typesupport_introspection_c
[ 41%] [32mBuilding CXX object CMakeFiles/jetmax_msgs__rosidl_typesupport_introspection_cpp.dir/rosidl_typesupport_introspection_cpp/jetmax_msgs/msg/detail/position__type_support.cpp.o[0m
[ 43%] [32mBuilding CXX object CMakeFiles/jetmax_msgs__rosidl_typesupport_cpp.dir/rosidl_typesupport_cpp/jetmax_msgs/msg/position__type_support.cpp.o[0m
[ 46%] [34m[1mGenerating C type support dispatch for ROS interfaces[0m
[ 48%] [32mBuilding CXX object CMakeFiles/jetmax_msgs__rosidl_typesupport_fastrtps_cpp.dir/rosidl_typesupport_fastrtps_cpp/jetmax_msgs/msg/detail/dds_fastrtps/position__type_support.cpp.o[0m
[ 51%] [32m[1mLinking CXX shared library libjetmax_msgs__rosidl_typesupport_introspection_cpp.so[0m
[ 51%] Built target jetmax_msgs__rosidl_typesupport_introspection_cpp
[ 53%] [32m[1mLinking CXX shared library libjetmax_msgs__rosidl_typesupport_cpp.so[0m
[ 56%] [32mBuilding CXX object CMakeFiles/jetmax_msgs__rosidl_typesupport_c.dir/rosidl_typesupport_c/jetmax_msgs/msg/set_motion__type_support.cpp.o[0m
[ 58%] [32mBuilding CXX object CMakeFiles/jetmax_msgs__rosidl_typesupport_c.dir/rosidl_typesupport_c/jetmax_msgs/msg/position__type_support.cpp.o[0m
[ 58%] Built target jetmax_msgs__rosidl_typesupport_cpp
[ 61%] [32m[1mLinking CXX shared library libjetmax_msgs__rosidl_typesupport_c.so[0m
[ 61%] Built target jetmax_msgs__rosidl_typesupport_c
[ 64%] [32m[1mLinking CXX shared library libjetmax_msgs__rosidl_typesupport_fastrtps_cpp.so[0m
[ 64%] Built target jetmax_msgs__rosidl_typesupport_fastrtps_cpp
[ 66%] [34m[1mGenerating C type support for eProsima Fast-RTPS[0m
[ 71%] [32mBuilding CXX object CMakeFiles/jetmax_msgs__rosidl_typesupport_fastrtps_c.dir/rosidl_typesupport_fastrtps_c/jetmax_msgs/msg/detail/position__type_support_c.cpp.o[0m
[ 71%] [32mBuilding CXX object CMakeFiles/jetmax_msgs__rosidl_typesupport_fastrtps_c.dir/rosidl_typesupport_fastrtps_c/jetmax_msgs/msg/detail/set_motion__type_support_c.cpp.o[0m
[ 74%] [32m[1mLinking CXX shared library libjetmax_msgs__rosidl_typesupport_fastrtps_c.so[0m
[ 74%] Built target jetmax_msgs__rosidl_typesupport_fastrtps_c
[ 74%] Built target jetmax_msgs
[ 76%] [34m[1mGenerating Python code for ROS interfaces[0m
[ 76%] Built target jetmax_msgs__py
[ 82%] [32mBuilding C object CMakeFiles/jetmax_msgs__python.dir/rosidl_generator_py/jetmax_msgs/msg/_set_motion_s.c.o[0m
[ 82%] [32mBuilding C object CMakeFiles/jetmax_msgs__python.dir/rosidl_generator_py/jetmax_msgs/msg/_position_s.c.o[0m
[ 84%] [32m[1mLinking C shared library rosidl_generator_py/jetmax_msgs/libjetmax_msgs__python.so[0m
[ 84%] Built target jetmax_msgs__python
[ 89%] [32mBuilding C object CMakeFiles/jetmax_msgs__rosidl_typesupport_fastrtps_c__pyext.dir/rosidl_generator_py/jetmax_msgs/_jetmax_msgs_s.ep.rosidl_typesupport_fastrtps_c.c.o[0m
[ 89%] [32mBuilding C object CMakeFiles/jetmax_msgs__rosidl_typesupport_c__pyext.dir/rosidl_generator_py/jetmax_msgs/_jetmax_msgs_s.ep.rosidl_typesupport_c.c.o[0m
[ 92%] [32mBuilding C object CMakeFiles/jetmax_msgs__rosidl_typesupport_introspection_c__pyext.dir/rosidl_generator_py/jetmax_msgs/_jetmax_msgs_s.ep.rosidl_typesupport_introspection_c.c.o[0m
[ 94%] [32m[1mLinking C shared library rosidl_generator_py/jetmax_msgs/jetmax_msgs_s__rosidl_typesupport_c.cpython-38-aarch64-linux-gnu.so[0m
[ 97%] [32m[1mLinking CXX shared library rosidl_generator_py/jetmax_msgs/jetmax_msgs_s__rosidl_typesupport_fastrtps_c.cpython-38-aarch64-linux-gnu.so[0m
[100%] [32m[1mLinking C shared library rosidl_generator_py/jetmax_msgs/jetmax_msgs_s__rosidl_typesupport_introspection_c.cpython-38-aarch64-linux-gnu.so[0m
[100%] Built target jetmax_msgs__rosidl_typesupport_c__pyext
[100%] Built target jetmax_msgs__rosidl_typesupport_introspection_c__pyext
[100%] Built target jetmax_msgs__rosidl_typesupport_fastrtps_c__pyext
-- Install configuration: ""
-- Installing: /home/hiwonder/capstone_ws/src/Jetson-Ros2-Packages/install/jetmax_msgs/share/ament_index/resource_index/rosidl_interfaces/jetmax_msgs
-- Installing: /home/hiwonder/capstone_ws/src/Jetson-Ros2-Packages/install/jetmax_msgs/include/jetmax_msgs
-- Installing: /home/hiwonder/capstone_ws/src/Jetson-Ros2-Packages/install/jetmax_msgs/include/jetmax_msgs/msg
-- Installing: /home/hiwonder/capstone_ws/src/Jetson-Ros2-Packages/install/jetmax_msgs/include/jetmax_msgs/msg/detail
-- Installing: /home/hiwonder/capstone_ws/src/Jetson-Ros2-Packages/install/jetmax_msgs/include/jetmax_msgs/msg/detail/set_motion__functions.c
-- Installing: /home/hiwonder/capstone_ws/src/Jetson-Ros2-Packages/install/jetmax_msgs/include/jetmax_msgs/msg/detail/position__functions.h
-- Installing: /home/hiwonder/capstone_ws/src/Jetson-Ros2-Packages/install/jetmax_msgs/include/jetmax_msgs/msg/detail/position__functions.c
-- Installing: /home/hiwonder/capstone_ws/src/Jetson-Ros2-Packages/install/jetmax_msgs/include/jetmax_msgs/msg/detail/set_motion__type_support.h
-- Installing: /home/hiwonder/capstone_ws/src/Jetson-Ros2-Packages/install/jetmax_msgs/include/jetmax_msgs/msg/detail/position__struct.h
-- Installing: /home/hiwonder/capstone_ws/src/Jetson-Ros2-Packages/install/jetmax_msgs/include/jetmax_msgs/msg/detail/set_motion__struct.h
-- Installing: /home/hiwonder/capstone_ws/src/Jetson-Ros2-Packages/install/jetmax_msgs/include/jetmax_msgs/msg/detail/set_motion__functions.h
-- Installing: /home/hiwonder/capstone_ws/src/Jetson-Ros2-Packages/install/jetmax_msgs/include/jetmax_msgs/msg/detail/position__type_support.h
-- Installing: /home/hiwonder/capstone_ws/src/Jetson-Ros2-Packages/install/jetmax_msgs/include/jetmax_msgs/msg/position.h
-- Installing: /home/hiwonder/capstone_ws/src/Jetson-Ros2-Packages/install/jetmax_msgs/include/jetmax_msgs/msg/rosidl_generator_c__visibility_control.h
-- Installing: /home/hiwonder/capstone_ws/src/Jetson-Ros2-Packages/install/jetmax_msgs/include/jetmax_msgs/msg/set_motion.h
-- Installing: /home/hiwonder/capstone_ws/src/Jetson-Ros2-Packages/install/jetmax_msgs/share/jetmax_msgs/environment/library_path.sh
-- Installing: /home/hiwonder/capstone_ws/src/Jetson-Ros2-Packages/install/jetmax_msgs/share/jetmax_msgs/environment/library_path.dsv
-- Installing: /home/hiwonder/capstone_ws/src/Jetson-Ros2-Packages/install/jetmax_msgs/lib/libjetmax_msgs__rosidl_generator_c.so
-- Set runtime path of "/home/hiwonder/capstone_ws/src/Jetson-Ros2-Packages/install/jetmax_msgs/lib/libjetmax_msgs__rosidl_generator_c.so" to ""
-- Up-to-date: /home/hiwonder/capstone_ws/src/Jetson-Ros2-Packages/install/jetmax_msgs/include/jetmax_msgs
-- Up-to-date: /home/hiwonder/capstone_ws/src/Jetson-Ros2-Packages/install/jetmax_msgs/include/jetmax_msgs/msg
-- Up-to-date: /home/hiwonder/capstone_ws/src/Jetson-Ros2-Packages/install/jetmax_msgs/include/jetmax_msgs/msg/detail
-- Installing: /home/hiwonder/capstone_ws/src/Jetson-Ros2-Packages/install/jetmax_msgs/include/jetmax_msgs/msg/detail/position__rosidl_typesupport_fastrtps_c.h
-- Installing: /home/hiwonder/capstone_ws/src/Jetson-Ros2-Packages/install/jetmax_msgs/include/jetmax_msgs/msg/detail/set_motion__rosidl_typesupport_fastrtps_c.h
-- Installing: /home/hiwonder/capstone_ws/src/Jetson-Ros2-Packages/install/jetmax_msgs/include/jetmax_msgs/msg/rosidl_typesupport_fastrtps_c__visibility_control.h
-- Installing: /home/hiwonder/capstone_ws/src/Jetson-Ros2-Packages/install/jetmax_msgs/lib/libjetmax_msgs__rosidl_typesupport_fastrtps_c.so
-- Set runtime path of "/home/hiwonder/capstone_ws/src/Jetson-Ros2-Packages/install/jetmax_msgs/lib/libjetmax_msgs__rosidl_typesupport_fastrtps_c.so" to ""
-- Up-to-date: /home/hiwonder/capstone_ws/src/Jetson-Ros2-Packages/install/jetmax_msgs/include/jetmax_msgs
-- Up-to-date: /home/hiwonder/capstone_ws/src/Jetson-Ros2-Packages/install/jetmax_msgs/include/jetmax_msgs/msg
-- Up-to-date: /home/hiwonder/capstone_ws/src/Jetson-Ros2-Packages/install/jetmax_msgs/include/jetmax_msgs/msg/detail
-- Installing: /home/hiwonder/capstone_ws/src/Jetson-Ros2-Packages/install/jetmax_msgs/include/jetmax_msgs/msg/detail/position__rosidl_typesupport_fastrtps_cpp.hpp
-- Installing: /home/hiwonder/capstone_ws/src/Jetson-Ros2-Packages/install/jetmax_msgs/include/jetmax_msgs/msg/detail/set_motion__rosidl_typesupport_fastrtps_cpp.hpp
-- Installing: /home/hiwonder/capstone_ws/src/Jetson-Ros2-Packages/install/jetmax_msgs/include/jetmax_msgs/msg/detail/dds_fastrtps
-- Installing: /home/hiwonder/capstone_ws/src/Jetson-Ros2-Packages/install/jetmax_msgs/include/jetmax_msgs/msg/rosidl_typesupport_fastrtps_cpp__visibility_control.h
-- Installing: /home/hiwonder/capstone_ws/src/Jetson-Ros2-Packages/install/jetmax_msgs/lib/libjetmax_msgs__rosidl_typesupport_fastrtps_cpp.so
-- Set runtime path of "/home/hiwonder/capstone_ws/src/Jetson-Ros2-Packages/install/jetmax_msgs/lib/libjetmax_msgs__rosidl_typesupport_fastrtps_cpp.so" to ""
-- Up-to-date: /home/hiwonder/capstone_ws/src/Jetson-Ros2-Packages/install/jetmax_msgs/include/jetmax_msgs
-- Up-to-date: /home/hiwonder/capstone_ws/src/Jetson-Ros2-Packages/install/jetmax_msgs/include/jetmax_msgs/msg
-- Up-to-date: /home/hiwonder/capstone_ws/src/Jetson-Ros2-Packages/install/jetmax_msgs/include/jetmax_msgs/msg/detail
-- Installing: /home/hiwonder/capstone_ws/src/Jetson-Ros2-Packages/install/jetmax_msgs/include/jetmax_msgs/msg/detail/set_motion__rosidl_typesupport_introspection_c.h
-- Installing: /home/hiwonder/capstone_ws/src/Jetson-Ros2-Packages/install/jetmax_msgs/include/jetmax_msgs/msg/detail/set_motion__type_support.c
-- Installing: /home/hiwonder/capstone_ws/src/Jetson-Ros2-Packages/install/jetmax_msgs/include/jetmax_msgs/msg/detail/position__type_support.c
-- Installing: /home/hiwonder/capstone_ws/src/Jetson-Ros2-Packages/install/jetmax_msgs/include/jetmax_msgs/msg/detail/position__rosidl_typesupport_introspection_c.h
-- Installing: /home/hiwonder/capstone_ws/src/Jetson-Ros2-Packages/install/jetmax_msgs/include/jetmax_msgs/msg/rosidl_typesupport_introspection_c__visibility_control.h
-- Installing: /home/hiwonder/capstone_ws/src/Jetson-Ros2-Packages/install/jetmax_msgs/lib/libjetmax_msgs__rosidl_typesupport_introspection_c.so
-- Set runtime path of "/home/hiwonder/capstone_ws/src/Jetson-Ros2-Packages/install/jetmax_msgs/lib/libjetmax_msgs__rosidl_typesupport_introspection_c.so" to ""
-- Installing: /home/hiwonder/capstone_ws/src/Jetson-Ros2-Packages/install/jetmax_msgs/lib/libjetmax_msgs__rosidl_typesupport_c.so
-- Set runtime path of "/home/hiwonder/capstone_ws/src/Jetson-Ros2-Packages/install/jetmax_msgs/lib/libjetmax_msgs__rosidl_typesupport_c.so" to ""
-- Up-to-date: /home/hiwonder/capstone_ws/src/Jetson-Ros2-Packages/install/jetmax_msgs/include/jetmax_msgs
-- Up-to-date: /home/hiwonder/capstone_ws/src/Jetson-Ros2-Packages/install/jetmax_msgs/include/jetmax_msgs/msg
-- Up-to-date: /home/hiwonder/capstone_ws/src/Jetson-Ros2-Packages/install/jetmax_msgs/include/jetmax_msgs/msg/detail
-- Installing: /home/hiwonder/capstone_ws/src/Jetson-Ros2-Packages/install/jetmax_msgs/include/jetmax_msgs/msg/detail/set_motion__builder.hpp
-- Installing: /home/hiwonder/capstone_ws/src/Jetson-Ros2-Packages/install/jetmax_msgs/include/jetmax_msgs/msg/detail/position__builder.hpp
-- Installing: /home/hiwonder/capstone_ws/src/Jetson-Ros2-Packages/install/jetmax_msgs/include/jetmax_msgs/msg/detail/set_motion__traits.hpp
-- Installing: /home/hiwonder/capstone_ws/src/Jetson-Ros2-Packages/install/jetmax_msgs/include/jetmax_msgs/msg/detail/position__traits.hpp
-- Installing: /home/hiwonder/capstone_ws/src/Jetson-Ros2-Packages/install/jetmax_msgs/include/jetmax_msgs/msg/detail/position__struct.hpp
-- Installing: /home/hiwonder/capstone_ws/src/Jetson-Ros2-Packages/install/jetmax_msgs/include/jetmax_msgs/msg/detail/set_motion__struct.hpp
-- Installing: /home/hiwonder/capstone_ws/src/Jetson-Ros2-Packages/install/jetmax_msgs/include/jetmax_msgs/msg/position.hpp
-- Installing: /home/hiwonder/capstone_ws/src/Jetson-Ros2-Packages/install/jetmax_msgs/include/jetmax_msgs/msg/set_motion.hpp
-- Up-to-date: /home/hiwonder/capstone_ws/src/Jetson-Ros2-Packages/install/jetmax_msgs/include/jetmax_msgs
-- Up-to-date: /home/hiwonder/capstone_ws/src/Jetson-Ros2-Packages/install/jetmax_msgs/include/jetmax_msgs/msg
-- Up-to-date: /home/hiwonder/capstone_ws/src/Jetson-Ros2-Packages/install/jetmax_msgs/include/jetmax_msgs/msg/detail
-- Installing: /home/hiwonder/capstone_ws/src/Jetson-Ros2-Packages/install/jetmax_msgs/include/jetmax_msgs/msg/detail/set_motion__type_support.cpp
-- Installing: /home/hiwonder/capstone_ws/src/Jetson-Ros2-Packages/install/jetmax_msgs/include/jetmax_msgs/msg/detail/position__rosidl_typesupport_introspection_cpp.hpp
-- Installing: /home/hiwonder/capstone_ws/src/Jetson-Ros2-Packages/install/jetmax_msgs/include/jetmax_msgs/msg/detail/position__type_support.cpp
-- Installing: /home/hiwonder/capstone_ws/src/Jetson-Ros2-Packages/install/jetmax_msgs/include/jetmax_msgs/msg/detail/set_motion__rosidl_typesupport_introspection_cpp.hpp
-- Installing: /home/hiwonder/capstone_ws/src/Jetson-Ros2-Packages/install/jetmax_msgs/lib/libjetmax_msgs__rosidl_typesupport_introspection_cpp.so
-- Set runtime path of "/home/hiwonder/capstone_ws/src/Jetson-Ros2-Packages/install/jetmax_msgs/lib/libjetmax_msgs__rosidl_typesupport_introspection_cpp.so" to ""
-- Installing: /home/hiwonder/capstone_ws/src/Jetson-Ros2-Packages/install/jetmax_msgs/lib/libjetmax_msgs__rosidl_typesupport_cpp.so
-- Set runtime path of "/home/hiwonder/capstone_ws/src/Jetson-Ros2-Packages/install/jetmax_msgs/lib/libjetmax_msgs__rosidl_typesupport_cpp.so" to ""
-- Installing: /home/hiwonder/capstone_ws/src/Jetson-Ros2-Packages/install/jetmax_msgs/share/jetmax_msgs/environment/pythonpath.sh
-- Installing: /home/hiwonder/capstone_ws/src/Jetson-Ros2-Packages/install/jetmax_msgs/share/jetmax_msgs/environment/pythonpath.dsv
-- Installing: /home/hiwonder/capstone_ws/src/Jetson-Ros2-Packages/install/jetmax_msgs/lib/python3.8/site-packages/jetmax_msgs/__init__.py
Compiling '/home/hiwonder/capstone_ws/src/Jetson-Ros2-Packages/install/jetmax_msgs/lib/python3.8/site-packages/jetmax_msgs/__init__.py'...
-- Installing: /home/hiwonder/capstone_ws/src/Jetson-Ros2-Packages/install/jetmax_msgs/lib/python3.8/site-packages/jetmax_msgs/msg
-- Installing: /home/hiwonder/capstone_ws/src/Jetson-Ros2-Packages/install/jetmax_msgs/lib/python3.8/site-packages/jetmax_msgs/msg/_position.py
-- Installing: /home/hiwonder/capstone_ws/src/Jetson-Ros2-Packages/install/jetmax_msgs/lib/python3.8/site-packages/jetmax_msgs/msg/_position_s.c
-- Installing: /home/hiwonder/capstone_ws/src/Jetson-Ros2-Packages/install/jetmax_msgs/lib/python3.8/site-packages/jetmax_msgs/msg/_set_motion.py
-- Installing: /home/hiwonder/capstone_ws/src/Jetson-Ros2-Packages/install/jetmax_msgs/lib/python3.8/site-packages/jetmax_msgs/msg/__init__.py
-- Installing: /home/hiwonder/capstone_ws/src/Jetson-Ros2-Packages/install/jetmax_msgs/lib/python3.8/site-packages/jetmax_msgs/msg/_set_motion_s.c
-- Installing: /home/hiwonder/capstone_ws/src/Jetson-Ros2-Packages/install/jetmax_msgs/lib/python3.8/site-packages/jetmax_msgs/jetmax_msgs_s__rosidl_typesupport_fastrtps_c.cpython-38-aarch64-linux-gnu.so
-- Set runtime path of "/home/hiwonder/capstone_ws/src/Jetson-Ros2-Packages/install/jetmax_msgs/lib/python3.8/site-packages/jetmax_msgs/jetmax_msgs_s__rosidl_typesupport_fastrtps_c.cpython-38-aarch64-linux-gnu.so" to ""
-- Installing: /home/hiwonder/capstone_ws/src/Jetson-Ros2-Packages/install/jetmax_msgs/lib/python3.8/site-packages/jetmax_msgs/jetmax_msgs_s__rosidl_typesupport_introspection_c.cpython-38-aarch64-linux-gnu.so
-- Set runtime path of "/home/hiwonder/capstone_ws/src/Jetson-Ros2-Packages/install/jetmax_msgs/lib/python3.8/site-packages/jetmax_msgs/jetmax_msgs_s__rosidl_typesupport_introspection_c.cpython-38-aarch64-linux-gnu.so" to ""
-- Installing: /home/hiwonder/capstone_ws/src/Jetson-Ros2-Packages/install/jetmax_msgs/lib/python3.8/site-packages/jetmax_msgs/jetmax_msgs_s__rosidl_typesupport_c.cpython-38-aarch64-linux-gnu.so
-- Set runtime path of "/home/hiwonder/capstone_ws/src/Jetson-Ros2-Packages/install/jetmax_msgs/lib/python3.8/site-packages/jetmax_msgs/jetmax_msgs_s__rosidl_typesupport_c.cpython-38-aarch64-linux-gnu.so" to ""
-- Installing: /home/hiwonder/capstone_ws/src/Jetson-Ros2-Packages/install/jetmax_msgs/lib/libjetmax_msgs__python.so
-- Set runtime path of "/home/hiwonder/capstone_ws/src/Jetson-Ros2-Packages/install/jetmax_msgs/lib/libjetmax_msgs__python.so" to ""
-- Installing: /home/hiwonder/capstone_ws/src/Jetson-Ros2-Packages/install/jetmax_msgs/share/jetmax_msgs/msg/SetMotion.idl
-- Installing: /home/hiwonder/capstone_ws/src/Jetson-Ros2-Packages/install/jetmax_msgs/share/jetmax_msgs/msg/Position.idl
-- Installing: /home/hiwonder/capstone_ws/src/Jetson-Ros2-Packages/install/jetmax_msgs/share/jetmax_msgs/msg/SetMotion.msg
-- Installing: /home/hiwonder/capstone_ws/src/Jetson-Ros2-Packages/install/jetmax_msgs/share/jetmax_msgs/msg/Position.msg
-- Installing: /home/hiwonder/capstone_ws/src/Jetson-Ros2-Packages/install/jetmax_msgs/share/ament_index/resource_index/package_run_dependencies/jetmax_msgs
-- Installing: /home/hiwonder/capstone_ws/src/Jetson-Ros2-Packages/install/jetmax_msgs/share/ament_index/resource_index/parent_prefix_path/jetmax_msgs
-- Installing: /home/hiwonder/capstone_ws/src/Jetson-Ros2-Packages/install/jetmax_msgs/share/jetmax_msgs/environment/ament_prefix_path.sh
-- Installing: /home/hiwonder/capstone_ws/src/Jetson-Ros2-Packages/install/jetmax_msgs/share/jetmax_msgs/environment/ament_prefix_path.dsv
-- Installing: /home/hiwonder/capstone_ws/src/Jetson-Ros2-Packages/install/jetmax_msgs/share/jetmax_msgs/environment/path.sh
-- Installing: /home/hiwonder/capstone_ws/src/Jetson-Ros2-Packages/install/jetmax_msgs/share/jetmax_msgs/environment/path.dsv
-- Installing: /home/hiwonder/capstone_ws/src/Jetson-Ros2-Packages/install/jetmax_msgs/share/jetmax_msgs/local_setup.bash
-- Installing: /home/hiwonder/capstone_ws/src/Jetson-Ros2-Packages/install/jetmax_msgs/share/jetmax_msgs/local_setup.sh
-- Installing: /home/hiwonder/capstone_ws/src/Jetson-Ros2-Packages/install/jetmax_msgs/share/jetmax_msgs/local_setup.zsh
-- Installing: /home/hiwonder/capstone_ws/src/Jetson-Ros2-Packages/install/jetmax_msgs/share/jetmax_msgs/local_setup.dsv
-- Installing: /home/hiwonder/capstone_ws/src/Jetson-Ros2-Packages/install/jetmax_msgs/share/jetmax_msgs/package.dsv
-- Installing: /home/hiwonder/capstone_ws/src/Jetson-Ros2-Packages/install/jetmax_msgs/share/ament_index/resource_index/packages/jetmax_msgs
-- Installing: /home/hiwonder/capstone_ws/src/Jetson-Ros2-Packages/install/jetmax_msgs/share/jetmax_msgs/cmake/jetmax_msgs__rosidl_generator_cExport.cmake
-- Installing: /home/hiwonder/capstone_ws/src/Jetson-Ros2-Packages/install/jetmax_msgs/share/jetmax_msgs/cmake/jetmax_msgs__rosidl_generator_cExport-noconfig.cmake
-- Installing: /home/hiwonder/capstone_ws/src/Jetson-Ros2-Packages/install/jetmax_msgs/share/jetmax_msgs/cmake/jetmax_msgs__rosidl_typesupport_introspection_cExport.cmake
-- Installing: /home/hiwonder/capstone_ws/src/Jetson-Ros2-Packages/install/jetmax_msgs/share/jetmax_msgs/cmake/jetmax_msgs__rosidl_typesupport_introspection_cExport-noconfig.cmake
-- Installing: /home/hiwonder/capstone_ws/src/Jetson-Ros2-Packages/install/jetmax_msgs/share/jetmax_msgs/cmake/jetmax_msgs__rosidl_typesupport_cExport.cmake
-- Installing: /home/hiwonder/capstone_ws/src/Jetson-Ros2-Packages/install/jetmax_msgs/share/jetmax_msgs/cmake/jetmax_msgs__rosidl_typesupport_cExport-noconfig.cmake
-- Installing: /home/hiwonder/capstone_ws/src/Jetson-Ros2-Packages/install/jetmax_msgs/share/jetmax_msgs/cmake/jetmax_msgs__rosidl_generator_cppExport.cmake
-- Installing: /home/hiwonder/capstone_ws/src/Jetson-Ros2-Packages/install/jetmax_msgs/share/jetmax_msgs/cmake/jetmax_msgs__rosidl_typesupport_introspection_cppExport.cmake
-- Installing: /home/hiwonder/capstone_ws/src/Jetson-Ros2-Packages/install/jetmax_msgs/share/jetmax_msgs/cmake/jetmax_msgs__rosidl_typesupport_introspection_cppExport-noconfig.cmake
-- Installing: /home/hiwonder/capstone_ws/src/Jetson-Ros2-Packages/install/jetmax_msgs/share/jetmax_msgs/cmake/jetmax_msgs__rosidl_typesupport_cppExport.cmake
-- Installing: /home/hiwonder/capstone_ws/src/Jetson-Ros2-Packages/install/jetmax_msgs/share/jetmax_msgs/cmake/jetmax_msgs__rosidl_typesupport_cppExport-noconfig.cmake
-- Installing: /home/hiwonder/capstone_ws/src/Jetson-Ros2-Packages/install/jetmax_msgs/share/jetmax_msgs/cmake/rosidl_cmake-extras.cmake
-- Installing: /home/hiwonder/capstone_ws/src/Jetson-Ros2-Packages/install/jetmax_msgs/share/jetmax_msgs/cmake/ament_cmake_export_dependencies-extras.cmake
-- Installing: /home/hiwonder/capstone_ws/src/Jetson-Ros2-Packages/install/jetmax_msgs/share/jetmax_msgs/cmake/ament_cmake_export_libraries-extras.cmake
-- Installing: /home/hiwonder/capstone_ws/src/Jetson-Ros2-Packages/install/jetmax_msgs/share/jetmax_msgs/cmake/ament_cmake_export_targets-extras.cmake
-- Installing: /home/hiwonder/capstone_ws/src/Jetson-Ros2-Packages/install/jetmax_msgs/share/jetmax_msgs/cmake/ament_cmake_export_include_directories-extras.cmake
-- Installing: /home/hiwonder/capstone_ws/src/Jetson-Ros2-Packages/install/jetmax_msgs/share/jetmax_msgs/cmake/rosidl_cmake_export_typesupport_libraries-extras.cmake
-- Installing: /home/hiwonder/capstone_ws/src/Jetson-Ros2-Packages/install/jetmax_msgs/share/jetmax_msgs/cmake/rosidl_cmake_export_typesupport_targets-extras.cmake
-- Installing: /home/hiwonder/capstone_ws/src/Jetson-Ros2-Packages/install/jetmax_msgs/share/jetmax_msgs/cmake/jetmax_msgsConfig.cmake
-- Installing: /home/hiwonder/capstone_ws/src/Jetson-Ros2-Packages/install/jetmax_msgs/share/jetmax_msgs/cmake/jetmax_msgsConfig-version.cmake
-- Installing: /home/hiwonder/capstone_ws/src/Jetson-Ros2-Packages/install/jetmax_msgs/share/jetmax_msgs/package.xml
